Launching language server: /home/diomedes3737/.codeoss/extensions/hashicorp.terraform-2.34.4-linux-x64/bin/terraform-ls serve
Client: Stopped --> Starting
2025/06/18 19:35:05 serve_command.go:108: Starting terraform-ls 0.36.4
2025/06/18 19:35:05 service.go:118: Preparing new session ...
2025/06/18 19:35:05 langserver.go:102: Starting server (pid 1360; concurrency: 2) ...
2025/06/18 19:35:05 opts.go:215: Received request batch of size 1 (qlen=0)
2025/06/18 19:35:05 opts.go:215: Dequeued request batch of length 1 (qlen=0)
2025/06/18 19:35:05 rpc_logger.go:32: Incoming request for "initialize" (ID 0): {"processId":1230,"clientInfo":{"name":"Code OSS for Cloud Shell","version":"1.99.3-cde"},"locale":"en","rootPath":"/home/diomedes3737","rootUri":"file:///home/diomedes3737","capabilities":{"workspace":{"applyEdit":true,"workspaceEdit":{"documentChanges":true,"resourceOperations":["create","rename","delete"],"failureHandling":"textOnlyTransactional","normalizesLineEndings":true,"changeAnnotationSupport":{"groupsOnLabel":true}},"configuration":true,"didChangeWatchedFiles":{"dynamicRegistration":true,"relativePatternSupport":true},"symbol":{"dynamicRegistration":true,"symbolKind":{"valueSet":[1,2,3,4,5,6,7,8,9,10,11,12,13,14,15,16,17,18,19,20,21,22,23,24,25,26]},"tagSupport":{"valueSet":[1]},"resolveSupport":{"properties":["location.range"]}},"codeLens":{"refreshSupport":true},"executeCommand":{"dynamicRegistration":true},"didChangeConfiguration":{"dynamicRegistration":true},"workspaceFolders":true,"foldingRange":{"refreshSupport":true},"semanticTokens":{"refreshSupport":true},"fileOperations":{"dynamicRegistration":true,"didCreate":true,"didRename":true,"didDelete":true,"willCreate":true,"willRename":true,"willDelete":true},"inlineValue":{"refreshSupport":true},"inlayHint":{"refreshSupport":true},"diagnostics":{"refreshSupport":true}},"textDocument":{"publishDiagnostics":{"relatedInformation":true,"versionSupport":false,"tagSupport":{"valueSet":[1,2]},"codeDescriptionSupport":true,"dataSupport":true},"synchronization":{"dynamicRegistration":true,"willSave":true,"willSaveWaitUntil":true,"didSave":true},"completion":{"dynamicRegistration":true,"contextSupport":true,"completionItem":{"snippetSupport":true,"commitCharactersSupport":true,"documentationFormat":["markdown","plaintext"],"deprecatedSupport":true,"preselectSupport":true,"tagSupport":{"valueSet":[1]},"insertReplaceSupport":true,"resolveSupport":{"properties":["documentation","detail","additionalTextEdits"]},"insertTextModeSupport":{"valueSet":[1,2]},"labelDetailsSupport":true},"insertTextMode":2,"completionItemKind":{"valueSet":[1,2,3,4,5,6,7,8,9,10,11,12,13,14,15,16,17,18,19,20,21,22,23,24,25]},"completionList":{"itemDefaults":["commitCharacters","editRange","insertTextFormat","insertTextMode","data"]}},"hover":{"dynamicRegistration":true,"contentFormat":["markdown","plaintext"]},"signatureHelp":{"dynamicRegistration":true,"signatureInformation":{"documentationFormat":["markdown","plaintext"],"parameterInformation":{"labelOffsetSupport":true},"activeParameterSupport":true},"contextSupport":true},"definition":{"dynamicRegistration":true,"linkSupport":true},"references":{"dynamicRegistration":true},"documentHighlight":{"dynamicRegistration":true},"documentSymbol":{"dynamicRegistration":true,"symbolKind":{"valueSet":[1,2,3,4,5,6,7,8,9,10,11,12,13,14,15,16,17,18,19,20,21,22,23,24,25,26]},"hierarchicalDocumentSymbolSupport":true,"tagSupport":{"valueSet":[1]},"labelSupport":true},"codeAction":{"dynamicRegistration":true,"isPreferredSupport":true,"disabledSupport":true,"dataSupport":true,"resolveSupport":{"properties":["edit"]},"codeActionLiteralSupport":{"codeActionKind":{"valueSet":["","quickfix","refactor","refactor.extract","refactor.inline","refactor.rewrite","source","source.organizeImports"]}},"honorsChangeAnnotations":true},"codeLens":{"dynamicRegistration":true},"formatting":{"dynamicRegistration":true},"rangeFormatting":{"dynamicRegistration":true,"rangesSupport":true},"onTypeFormatting":{"dynamicRegistration":true},"rename":{"dynamicRegistration":true,"prepareSupport":true,"prepareSupportDefaultBehavior":1,"honorsChangeAnnotations":true},"documentLink":{"dynamicRegistration":true,"tooltipSupport":true},"typeDefinition":{"dynamicRegistration":true,"linkSupport":true},"implementation":{"dynamicRegistration":true,"linkSupport":true},"colorProvider":{"dynamicRegistration":true},"foldingRange":{"dynamicRegistration":true,"rangeLimit":5000,"lineFoldingOnly":true,"foldingRangeKind":{"valueSet":["comment","imports","region"]},"foldingRange":{"collapsedText":false}},"declaration":{"dynamicRegistration":true,"linkSupport":true},"selectionRange":{"dynamicRegistration":true},"callHierarchy":{"dynamicRegistration":true},"semanticTokens":{"dynamicRegistration":true,"tokenTypes":["namespace","type","class","enum","interface","struct","typeParameter","parameter","variable","property","enumMember","event","function","method","macro","keyword","modifier","comment","string","number","regexp","operator","decorator","hcl-attrName","hcl-blockType","hcl-blockLabel","hcl-bool","hcl-string","hcl-number","hcl-objectKey","hcl-mapKey","hcl-keyword","hcl-referenceStep","hcl-typeComplex","hcl-typePrimitive","hcl-functionName"],"tokenModifiers":["declaration","definition","readonly","static","deprecated","abstract","async","modification","documentation","defaultLibrary","hcl-dependent","terraform-data","terraform-locals","terraform-module","terraform-output","terraform-provider","terraform-resource","terraform-provisioner","terraform-connection","terraform-variable","terraform-terraform","terraform-backend","terraform-name","terraform-type","terraform-requiredProviders"],"formats":["relative"],"requests":{"range":true,"full":{"delta":true}},"multilineTokenSupport":false,"overlappingTokenSupport":false,"serverCancelSupport":true,"augmentsSyntaxTokens":true},"linkedEditingRange":{"dynamicRegistration":true},"typeHierarchy":{"dynamicRegistration":true},"inlineValue":{"dynamicRegistration":true},"inlayHint":{"dynamicRegistration":true,"resolveSupport":{"properties":["tooltip","textEdits","label.tooltip","label.location","label.command"]}},"diagnostic":{"dynamicRegistration":true,"relatedDocumentSupport":false}},"window":{"showMessage":{"messageActionItem":{"additionalPropertiesSupport":true}},"showDocument":{"support":true},"workDoneProgress":true},"general":{"staleRequestSupport":{"cancel":true,"retryOnContentModified":["textDocument/semanticTokens/full","textDocument/semanticTokens/range","textDocument/semanticTokens/full/delta"]},"regularExpressions":{"engine":"ECMAScript","version":"ES2020"},"markdown":{"parser":"marked","version":"1.1.0"},"positionEncodings":["utf-16"]},"notebookDocument":{"synchronization":{"dynamicRegistration":true,"executionSummarySupport":true}},"experimental":{"refreshModuleProvidersCommandId":"client.refreshModuleProviders","refreshModuleCallsCommandId":"client.refreshModuleCalls","telemetryVersion":1,"refreshTerraformVersionCommandId":"client.refreshTerraformVersion"}},"initializationOptions":{"validation":{"enableEnhancedValidation":true},"experimentalFeatures":{"validateOnSave":false,"prefillRequiredFields":false},"ignoreSingleFileWarning":false,"terraform":{"path":"","timeout":"","logFilePath":""},"indexing":{"ignorePaths":[],"ignoreDirectoryNames":[]}},"trace":"off","workspaceFolders":[{"uri":"file:///home/diomedes3737","name":"diomedes3737"}],"workDoneToken":"0b30c589-ef67-4e43-a0f6-419d1c3c7ada"}
2025/06/18 19:35:05 initialize.go:185: enabling telemetry (version: 1)
2025/06/18 19:35:05 initialize.go:190: telemetry enabled (version: 1)
2025/06/18 19:35:05 scheduler.go:56: launching eval loop 0
2025/06/18 19:35:05 service.go:489: started low priority scheduler
2025/06/18 19:35:05 scheduler.go:56: launching eval loop 0
2025/06/18 19:35:05 service.go:494: started high priority scheduler
2025/06/18 19:35:05 discover.go:21: bus: "feature.rootmodules" subscribed to OnDiscover
2025/06/18 19:35:05 did_open.go:28: bus: "feature.rootmodules" subscribed to OnDidOpen
2025/06/18 19:35:05 manifest_change.go:23: bus: "feature.rootmodules" subscribed to OnManifestChange
2025/06/18 19:35:05 lockfile_change.go:23: bus: "feature.rootmodules" subscribed to OnPluginLockChange
2025/06/18 19:35:05 discover.go:21: bus: "feature.modules" subscribed to OnDiscover
2025/06/18 19:35:05 did_open.go:28: bus: "feature.modules" subscribed to OnDidOpen
2025/06/18 19:35:05 did_change.go:24: bus: "feature.modules" subscribed to OnDidChange
2025/06/18 19:35:05 did_change_watched.go:27: bus: "feature.modules" subscribed to OnDidChangeWatched
2025/06/18 19:35:05 discover.go:21: bus: "feature.variables" subscribed to OnDiscover
2025/06/18 19:35:05 did_open.go:28: bus: "feature.variables" subscribed to OnDidOpen
2025/06/18 19:35:05 did_change.go:24: bus: "feature.variables" subscribed to OnDidChange
2025/06/18 19:35:05 did_change_watched.go:27: bus: "feature.variables" subscribed to OnDidChangeWatched
2025/06/18 19:35:05 discover.go:21: bus: "feature.stacks" subscribed to OnDiscover
2025/06/18 19:35:05 did_open.go:28: bus: "feature.stacks" subscribed to OnDidOpen
2025/06/18 19:35:05 did_change.go:24: bus: "feature.stacks" subscribed to OnDidChange
2025/06/18 19:35:05 did_change_watched.go:27: bus: "feature.stacks" subscribed to OnDidChangeWatched
2025/06/18 19:35:05 discover.go:21: bus: "feature.tests" subscribed to OnDiscover
2025/06/18 19:35:05 did_open.go:28: bus: "feature.tests" subscribed to OnDidOpen
2025/06/18 19:35:05 did_change.go:24: bus: "feature.tests" subscribed to OnDidChange
2025/06/18 19:35:05 did_change_watched.go:27: bus: "feature.tests" subscribed to OnDidChangeWatched
2025/06/18 19:35:05 opts.go:215: Posting server notification "telemetry/event" {"v":1,"name":"initialize","properties":{"experimentalCapabilities.referenceCountCodeLens":false,"experimentalCapabilities.refreshModuleCalls":true,"experimentalCapabilities.refreshModuleProviders":true,"experimentalCapabilities.refreshTerraformVersion":true,"lsVersion":"0.36.4","options.commandPrefix":false,"options.excludeModulePaths":false,"options.experimentalFeatures.prefillRequiredFields":false,"options.experimentalFeatures.validateOnSave":false,"options.ignoreSingleFileWarning":false,"options.indexing.ignoreDirectoryNames":false,"options.indexing.ignorePaths":false,"options.rootModulePaths":false,"options.terraform.logFilePath":false,"options.terraform.path":false,"options.terraform.timeout":"","options.validation.earlyValidation":true,"root_uri":"dir"}}
2025/06/18 19:35:05 walker_paths.go:255: walking next dir: {"file:///home/diomedes3737"}
2025/06/18 19:35:05 discover.go:26: bus: -> Discover /home/diomedes3737
2025/06/18 19:35:05 discover.go:26: bus: -> Discover /home/diomedes3737/.cache
2025/06/18 19:35:05 discover.go:26: bus: -> Discover /home/diomedes3737/.cache/Microsoft
2025/06/18 19:35:05 discover.go:26: bus: -> Discover /home/diomedes3737/.cache/Microsoft/DeveloperTools
2025/06/18 19:35:05 walker.go:217: walking of {file:///home/diomedes3737/.cache/Microsoft/DeveloperTools} finished
2025/06/18 19:35:05 walker.go:217: walking of {file:///home/diomedes3737/.cache/Microsoft} finished
2025/06/18 19:35:05 discover.go:26: bus: -> Discover /home/diomedes3737/.cache/cloud-code
2025/06/18 19:35:05 discover.go:26: bus: -> Discover /home/diomedes3737/.cache/cloud-code/api-metadata
2025/06/18 19:35:05 walker.go:217: walking of {file:///home/diomedes3737/.cache/cloud-code/api-metadata} finished
2025/06/18 19:35:05 discover.go:26: bus: -> Discover /home/diomedes3737/.cache/cloud-code/cloudcode_cli
2025/06/18 19:35:05 discover.go:26: bus: -> Discover /home/diomedes3737/.cache/cloud-code/cloudcode_cli/cloudcode_cli
2025/06/18 19:35:05 discover.go:26: bus: -> Discover /home/diomedes3737/.cache/cloud-code/cloudcode_cli/cloudcode_cli/82761e7f
2025/06/18 19:35:05 walker.go:217: walking of {file:///home/diomedes3737/.cache/cloud-code/cloudcode_cli/cloudcode_cli/82761e7f} finished
2025/06/18 19:35:05 walker.go:217: walking of {file:///home/diomedes3737/.cache/cloud-code/cloudcode_cli/cloudcode_cli} finished
2025/06/18 19:35:05 walker.go:217: walking of {file:///home/diomedes3737/.cache/cloud-code/cloudcode_cli} finished
2025/06/18 19:35:05 walker.go:217: walking of {file:///home/diomedes3737/.cache/cloud-code} finished
2025/06/18 19:35:05 discover.go:26: bus: -> Discover /home/diomedes3737/.cache/helm
2025/06/18 19:35:05 discover.go:26: bus: -> Discover /home/diomedes3737/.cache/helm/repository
2025/06/18 19:35:05 walker.go:217: walking of {file:///home/diomedes3737/.cache/helm/repository} finished
2025/06/18 19:35:05 walker.go:217: walking of {file:///home/diomedes3737/.cache/helm} finished
2025/06/18 19:35:05 discover.go:26: bus: -> Discover /home/diomedes3737/.cache/jedi
2025/06/18 19:35:05 discover.go:26: bus: -> Discover /home/diomedes3737/.cache/jedi/CPython-312-33
2025/06/18 19:35:05 walker.go:217: walking of {file:///home/diomedes3737/.cache/jedi/CPython-312-33} finished
2025/06/18 19:35:05 walker.go:217: walking of {file:///home/diomedes3737/.cache/jedi} finished
2025/06/18 19:35:05 walker.go:217: walking of {file:///home/diomedes3737/.cache} finished
2025/06/18 19:35:05 discover.go:26: bus: -> Discover /home/diomedes3737/.codeoss
2025/06/18 19:35:05 discover.go:26: bus: -> Discover /home/diomedes3737/.codeoss/data
2025/06/18 19:35:05 discover.go:26: bus: -> Discover /home/diomedes3737/.codeoss/data/CachedExtensionVSIXs
2025/06/18 19:35:05 walker.go:217: walking of {file:///home/diomedes3737/.codeoss/data/CachedExtensionVSIXs} finished
2025/06/18 19:35:05 discover.go:26: bus: -> Discover /home/diomedes3737/.codeoss/data/CachedProfilesData
2025/06/18 19:35:05 rpc_logger.go:53: Response to "initialize" (ID 0): {"capabilities":{"textDocumentSync":{"openClose":true,"change":2,"save":{}},"completionProvider":{"triggerCharacters":[".","["],"resolveProvider":true},"hoverProvider":true,"signatureHelpProvider":{"triggerCharacters":["(",","]},"declarationProvider":true,"definitionProvider":true,"referencesProvider":true,"documentSymbolProvider":true,"codeActionProvider":{"codeActionKinds":["source.formatAll.terraform"]},"codeLensProvider":{},"documentLinkProvider":{},"workspaceSymbolProvider":true,"documentFormattingProvider":true,"executeCommandProvider":{"commands":["terraform-ls.module.callers","terraform-ls.module.calls","terraform-ls.module.providers","terraform-ls.module.terraform","terraform-ls.rootmodules","terraform-ls.terraform.init","terraform-ls.terraform.validate"],"workDoneProgress":true},"semanticTokensProvider":{"legend":{"tokenTypes":["enumMember","function","keyword","number","parameter","property","string","type","variable","hcl-attrName","hcl-blockType","hcl-blockLabel","hcl-bool","hcl-string","hcl-number","hcl-objectKey","hcl-mapKey","hcl-keyword","hcl-referenceStep","hcl-typeComplex","hcl-typePrimitive","hcl-functionName"],"tokenModifiers":["defaultLibrary","hcl-dependent","terraform-backend","terraform-connection","terraform-data","terraform-locals","terraform-module","terraform-name","terraform-output","terraform-provider","terraform-provisioner","terraform-requiredProviders","terraform-resource","terraform-terraform","terraform-type","terraform-variable"]},"full":true},"workspace":{"workspaceFolders":{"supported":true,"changeNotifications":"workspace/didChangeWorkspaceFolders"},"fileOperations":{}},"experimental":{"referenceCountCodeLens":false,"refreshModuleProviders":true,"refreshModuleCalls":true,"refreshTerraformVersion":true}},"serverInfo":{"name":"terraform-ls","version":"0.36.4"}}
2025/06/18 19:35:05 opts.go:215: Completed 1 requests [25.34928ms elapsed]
2025/06/18 19:35:05 discover.go:26: bus: -> Discover /home/diomedes3737/.codeoss/data/CachedProfilesData/__default__profile__
2025/06/18 19:35:05 walker.go:217: walking of {file:///home/diomedes3737/.codeoss/data/CachedProfilesData/__default__profile__} finished
2025/06/18 19:35:05 walker.go:217: walking of {file:///home/diomedes3737/.codeoss/data/CachedProfilesData} finished
2025/06/18 19:35:05 discover.go:26: bus: -> Discover /home/diomedes3737/.codeoss/data/Machine
2025/06/18 19:35:05 walker.go:217: walking of {file:///home/diomedes3737/.codeoss/data/Machine} finished
2025/06/18 19:35:05 discover.go:26: bus: -> Discover /home/diomedes3737/.codeoss/data/User
2025/06/18 19:35:05 discover.go:26: bus: -> Discover /home/diomedes3737/.codeoss/data/User/History
2025/06/18 19:35:05 discover.go:26: bus: -> Discover /home/diomedes3737/.codeoss/data/User/History/-1405f99
2025/06/18 19:35:05 events.go:30: discovered module file in /home/diomedes3737/.codeoss/data/User/History/-1405f99
2025/06/18 19:35:05 walker.go:217: walking of {file:///home/diomedes3737/.codeoss/data/User/History/-1405f99} finished
2025/06/18 19:35:05 discover.go:26: bus: -> Discover /home/diomedes3737/.codeoss/data/User/History/-1a986043
2025/06/18 19:35:05 walker.go:217: walking of {file:///home/diomedes3737/.codeoss/data/User/History/-1a986043} finished
2025/06/18 19:35:05 discover.go:26: bus: -> Discover /home/diomedes3737/.codeoss/data/User/History/-380d627e
2025/06/18 19:35:05 walker.go:217: walking of {file:///home/diomedes3737/.codeoss/data/User/History/-380d627e} finished
2025/06/18 19:35:05 discover.go:26: bus: -> Discover /home/diomedes3737/.codeoss/data/User/History/-3a7ba1a
2025/06/18 19:35:05 walker.go:217: walking of {file:///home/diomedes3737/.codeoss/data/User/History/-3a7ba1a} finished
2025/06/18 19:35:05 discover.go:26: bus: -> Discover /home/diomedes3737/.codeoss/data/User/History/-422a496d
2025/06/18 19:35:05 walker.go:217: walking of {file:///home/diomedes3737/.codeoss/data/User/History/-422a496d} finished
2025/06/18 19:35:05 discover.go:26: bus: -> Discover /home/diomedes3737/.codeoss/data/User/History/-54a6f0ea
2025/06/18 19:35:05 walker.go:217: walking of {file:///home/diomedes3737/.codeoss/data/User/History/-54a6f0ea} finished
2025/06/18 19:35:05 discover.go:26: bus: -> Discover /home/diomedes3737/.codeoss/data/User/History/-714eb00a
2025/06/18 19:35:05 walker.go:217: walking of {file:///home/diomedes3737/.codeoss/data/User/History/-714eb00a} finished
2025/06/18 19:35:05 discover.go:26: bus: -> Discover /home/diomedes3737/.codeoss/data/User/History/43a63586
2025/06/18 19:35:05 walker.go:217: walking of {file:///home/diomedes3737/.codeoss/data/User/History/43a63586} finished
2025/06/18 19:35:05 events.go:23: discovered variable file in /home/diomedes3737/.codeoss/data/User/History/-54a6f0ea
2025/06/18 19:35:05 discover.go:26: bus: -> Discover /home/diomedes3737/.codeoss/data/User/History/504de9e9
2025/06/18 19:35:05 events.go:30: discovered module file in /home/diomedes3737/.codeoss/data/User/History/504de9e9
2025/06/18 19:35:05 walker.go:217: walking of {file:///home/diomedes3737/.codeoss/data/User/History/504de9e9} finished
2025/06/18 19:35:05 discover.go:26: bus: -> Discover /home/diomedes3737/.codeoss/data/User/History/578b99f9
2025/06/18 19:35:05 walker.go:217: walking of {file:///home/diomedes3737/.codeoss/data/User/History/578b99f9} finished
2025/06/18 19:35:05 discover.go:26: bus: -> Discover /home/diomedes3737/.codeoss/data/User/History/5dfa815
2025/06/18 19:35:05 walker.go:217: walking of {file:///home/diomedes3737/.codeoss/data/User/History/5dfa815} finished
2025/06/18 19:35:05 discover.go:26: bus: -> Discover /home/diomedes3737/.codeoss/data/User/History/7d17121
2025/06/18 19:35:05 events.go:30: discovered module file in /home/diomedes3737/.codeoss/data/User/History/7d17121
2025/06/18 19:35:05 walker.go:217: walking of {file:///home/diomedes3737/.codeoss/data/User/History/7d17121} finished
2025/06/18 19:35:05 walker.go:217: walking of {file:///home/diomedes3737/.codeoss/data/User/History} finished
2025/06/18 19:35:05 discover.go:26: bus: -> Discover /home/diomedes3737/.codeoss/data/User/globalStorage
2025/06/18 19:35:05 discover.go:26: bus: -> Discover /home/diomedes3737/.codeoss/data/User/globalStorage/vscode.json-language-features
2025/06/18 19:35:05 discover.go:26: bus: -> Discover /home/diomedes3737/.codeoss/data/User/globalStorage/vscode.json-language-features/json-schema-cache
2025/06/18 19:35:05 walker.go:217: walking of {file:///home/diomedes3737/.codeoss/data/User/globalStorage/vscode.json-language-features/json-schema-cache} finished
2025/06/18 19:35:05 walker.go:217: walking of {file:///home/diomedes3737/.codeoss/data/User/globalStorage/vscode.json-language-features} finished
2025/06/18 19:35:05 walker.go:217: walking of {file:///home/diomedes3737/.codeoss/data/User/globalStorage} finished
2025/06/18 19:35:05 discover.go:26: bus: -> Discover /home/diomedes3737/.codeoss/data/User/workspaceStorage
2025/06/18 19:35:05 discover.go:26: bus: -> Discover /home/diomedes3737/.codeoss/data/User/workspaceStorage/e0092ac
2025/06/18 19:35:05 walker.go:217: walking of {file:///home/diomedes3737/.codeoss/data/User/workspaceStorage/e0092ac} finished
2025/06/18 19:35:05 discover.go:26: bus: -> Discover /home/diomedes3737/.codeoss/data/User/workspaceStorage/e0092ac-1
2025/06/18 19:35:05 walker.go:217: walking of {file:///home/diomedes3737/.codeoss/data/User/workspaceStorage/e0092ac-1} finished
2025/06/18 19:35:05 discover.go:26: bus: -> Discover /home/diomedes3737/.codeoss/data/User/workspaceStorage/e0092ac-2
2025/06/18 19:35:05 walker.go:217: walking of {file:///home/diomedes3737/.codeoss/data/User/workspaceStorage/e0092ac-2} finished
2025/06/18 19:35:05 walker.go:217: walking of {file:///home/diomedes3737/.codeoss/data/User/workspaceStorage} finished
2025/06/18 19:35:05 walker.go:217: walking of {file:///home/diomedes3737/.codeoss/data/User} finished
2025/06/18 19:35:05 discover.go:26: bus: -> Discover /home/diomedes3737/.codeoss/data/logs
2025/06/18 19:35:05 discover.go:26: bus: -> Discover /home/diomedes3737/.codeoss/data/logs/20250617T084804
2025/06/18 19:35:05 discover.go:26: bus: -> Discover /home/diomedes3737/.codeoss/data/logs/20250617T084804/exthost1
2025/06/18 19:35:05 discover.go:26: bus: -> Discover /home/diomedes3737/.codeoss/data/logs/20250617T084804/exthost1/hashicorp.terraform
2025/06/18 19:35:05 walker.go:217: walking of {file:///home/diomedes3737/.codeoss/data/logs/20250617T084804/exthost1/hashicorp.terraform} finished
2025/06/18 19:35:05 discover.go:26: bus: -> Discover /home/diomedes3737/.codeoss/data/logs/20250617T084804/exthost1/ms-python.python
2025/06/18 19:35:05 walker.go:217: walking of {file:///home/diomedes3737/.codeoss/data/logs/20250617T084804/exthost1/ms-python.python} finished
2025/06/18 19:35:05 discover.go:26: bus: -> Discover /home/diomedes3737/.codeoss/data/logs/20250617T084804/exthost1/output_logging_20250617T084812
2025/06/18 19:35:05 walker.go:217: walking of {file:///home/diomedes3737/.codeoss/data/logs/20250617T084804/exthost1/output_logging_20250617T084812} finished
2025/06/18 19:35:05 discover.go:26: bus: -> Discover /home/diomedes3737/.codeoss/data/logs/20250617T084804/exthost1/vscode.git
2025/06/18 19:35:05 walker.go:217: walking of {file:///home/diomedes3737/.codeoss/data/logs/20250617T084804/exthost1/vscode.git} finished
2025/06/18 19:35:05 discover.go:26: bus: -> Discover /home/diomedes3737/.codeoss/data/logs/20250617T084804/exthost1/vscode.github
2025/06/18 19:35:05 walker.go:217: walking of {file:///home/diomedes3737/.codeoss/data/logs/20250617T084804/exthost1/vscode.github} finished
2025/06/18 19:35:05 discover.go:26: bus: -> Discover /home/diomedes3737/.codeoss/data/logs/20250617T084804/exthost1/vscode.github-authentication
2025/06/18 19:35:05 walker.go:217: walking of {file:///home/diomedes3737/.codeoss/data/logs/20250617T084804/exthost1/vscode.github-authentication} finished
2025/06/18 19:35:05 discover.go:26: bus: -> Discover /home/diomedes3737/.codeoss/data/logs/20250617T084804/exthost1/vscode.json-language-features
2025/06/18 19:35:05 walker.go:217: walking of {file:///home/diomedes3737/.codeoss/data/logs/20250617T084804/exthost1/vscode.json-language-features} finished
2025/06/18 19:35:05 walker.go:217: walking of {file:///home/diomedes3737/.codeoss/data/logs/20250617T084804/exthost1} finished
2025/06/18 19:35:05 discover.go:26: bus: -> Discover /home/diomedes3737/.codeoss/data/logs/20250617T084804/exthost2
2025/06/18 19:35:05 discover.go:26: bus: -> Discover /home/diomedes3737/.codeoss/data/logs/20250617T084804/exthost2/hashicorp.terraform
2025/06/18 19:35:05 walker.go:217: walking of {file:///home/diomedes3737/.codeoss/data/logs/20250617T084804/exthost2/hashicorp.terraform} finished
2025/06/18 19:35:05 discover.go:26: bus: -> Discover /home/diomedes3737/.codeoss/data/logs/20250617T084804/exthost2/ms-python.python
2025/06/18 19:35:05 walker.go:217: walking of {file:///home/diomedes3737/.codeoss/data/logs/20250617T084804/exthost2/ms-python.python} finished
2025/06/18 19:35:05 discover.go:26: bus: -> Discover /home/diomedes3737/.codeoss/data/logs/20250617T084804/exthost2/output_logging_20250617T090342
2025/06/18 19:35:05 walker.go:217: walking of {file:///home/diomedes3737/.codeoss/data/logs/20250617T084804/exthost2/output_logging_20250617T090342} finished
2025/06/18 19:35:05 discover.go:26: bus: -> Discover /home/diomedes3737/.codeoss/data/logs/20250617T084804/exthost2/vscode.git
2025/06/18 19:35:05 walker.go:217: walking of {file:///home/diomedes3737/.codeoss/data/logs/20250617T084804/exthost2/vscode.git} finished
2025/06/18 19:35:05 discover.go:26: bus: -> Discover /home/diomedes3737/.codeoss/data/logs/20250617T084804/exthost2/vscode.github
2025/06/18 19:35:05 walker.go:217: walking of {file:///home/diomedes3737/.codeoss/data/logs/20250617T084804/exthost2/vscode.github} finished
2025/06/18 19:35:05 discover.go:26: bus: -> Discover /home/diomedes3737/.codeoss/data/logs/20250617T084804/exthost2/vscode.github-authentication
2025/06/18 19:35:05 walker.go:217: walking of {file:///home/diomedes3737/.codeoss/data/logs/20250617T084804/exthost2/vscode.github-authentication} finished
2025/06/18 19:35:05 discover.go:26: bus: -> Discover /home/diomedes3737/.codeoss/data/logs/20250617T084804/exthost2/vscode.json-language-features
2025/06/18 19:35:05 walker.go:217: walking of {file:///home/diomedes3737/.codeoss/data/logs/20250617T084804/exthost2/vscode.json-language-features} finished
2025/06/18 19:35:05 walker.go:217: walking of {file:///home/diomedes3737/.codeoss/data/logs/20250617T084804/exthost2} finished
2025/06/18 19:35:05 walker.go:217: walking of {file:///home/diomedes3737/.codeoss/data/logs/20250617T084804} finished
2025/06/18 19:35:05 discover.go:26: bus: -> Discover /home/diomedes3737/.codeoss/data/logs/20250617T100153
2025/06/18 19:35:05 discover.go:26: bus: -> Discover /home/diomedes3737/.codeoss/data/logs/20250617T100153/exthost1
2025/06/18 19:35:05 discover.go:26: bus: -> Discover /home/diomedes3737/.codeoss/data/logs/20250617T100153/exthost1/hashicorp.terraform
2025/06/18 19:35:05 walker.go:217: walking of {file:///home/diomedes3737/.codeoss/data/logs/20250617T100153/exthost1/hashicorp.terraform} finished
2025/06/18 19:35:05 discover.go:26: bus: -> Discover /home/diomedes3737/.codeoss/data/logs/20250617T100153/exthost1/ms-python.python
2025/06/18 19:35:05 walker.go:217: walking of {file:///home/diomedes3737/.codeoss/data/logs/20250617T100153/exthost1/ms-python.python} finished
2025/06/18 19:35:05 discover.go:26: bus: -> Discover /home/diomedes3737/.codeoss/data/logs/20250617T100153/exthost1/output_logging_20250617T100158
2025/06/18 19:35:05 walker.go:217: walking of {file:///home/diomedes3737/.codeoss/data/logs/20250617T100153/exthost1/output_logging_20250617T100158} finished
2025/06/18 19:35:05 discover.go:26: bus: -> Discover /home/diomedes3737/.codeoss/data/logs/20250617T100153/exthost1/vscode.git
2025/06/18 19:35:05 walker.go:217: walking of {file:///home/diomedes3737/.codeoss/data/logs/20250617T100153/exthost1/vscode.git} finished
2025/06/18 19:35:05 discover.go:26: bus: -> Discover /home/diomedes3737/.codeoss/data/logs/20250617T100153/exthost1/vscode.github
2025/06/18 19:35:05 walker.go:217: walking of {file:///home/diomedes3737/.codeoss/data/logs/20250617T100153/exthost1/vscode.github} finished
2025/06/18 19:35:05 discover.go:26: bus: -> Discover /home/diomedes3737/.codeoss/data/logs/20250617T100153/exthost1/vscode.github-authentication
2025/06/18 19:35:05 walker.go:217: walking of {file:///home/diomedes3737/.codeoss/data/logs/20250617T100153/exthost1/vscode.github-authentication} finished
2025/06/18 19:35:05 discover.go:26: bus: -> Discover /home/diomedes3737/.codeoss/data/logs/20250617T100153/exthost1/vscode.json-language-features
2025/06/18 19:35:05 walker.go:217: walking of {file:///home/diomedes3737/.codeoss/data/logs/20250617T100153/exthost1/vscode.json-language-features} finished
2025/06/18 19:35:05 walker.go:217: walking of {file:///home/diomedes3737/.codeoss/data/logs/20250617T100153/exthost1} finished
2025/06/18 19:35:05 walker.go:217: walking of {file:///home/diomedes3737/.codeoss/data/logs/20250617T100153} finished
2025/06/18 19:35:05 discover.go:26: bus: -> Discover /home/diomedes3737/.codeoss/data/logs/20250617T120802
2025/06/18 19:35:05 discover.go:26: bus: -> Discover /home/diomedes3737/.codeoss/data/logs/20250617T120802/exthost1
2025/06/18 19:35:05 discover.go:26: bus: -> Discover /home/diomedes3737/.codeoss/data/logs/20250617T120802/exthost1/hashicorp.terraform
2025/06/18 19:35:05 walker.go:217: walking of {file:///home/diomedes3737/.codeoss/data/logs/20250617T120802/exthost1/hashicorp.terraform} finished
2025/06/18 19:35:05 discover.go:26: bus: -> Discover /home/diomedes3737/.codeoss/data/logs/20250617T120802/exthost1/ms-python.python
2025/06/18 19:35:05 walker.go:217: walking of {file:///home/diomedes3737/.codeoss/data/logs/20250617T120802/exthost1/ms-python.python} finished
2025/06/18 19:35:05 discover.go:26: bus: -> Discover /home/diomedes3737/.codeoss/data/logs/20250617T120802/exthost1/output_logging_20250617T120811
2025/06/18 19:35:05 walker.go:217: walking of {file:///home/diomedes3737/.codeoss/data/logs/20250617T120802/exthost1/output_logging_20250617T120811} finished
2025/06/18 19:35:05 discover.go:26: bus: -> Discover /home/diomedes3737/.codeoss/data/logs/20250617T120802/exthost1/vscode.git
2025/06/18 19:35:05 walker.go:217: walking of {file:///home/diomedes3737/.codeoss/data/logs/20250617T120802/exthost1/vscode.git} finished
2025/06/18 19:35:05 discover.go:26: bus: -> Discover /home/diomedes3737/.codeoss/data/logs/20250617T120802/exthost1/vscode.github
2025/06/18 19:35:05 walker.go:217: walking of {file:///home/diomedes3737/.codeoss/data/logs/20250617T120802/exthost1/vscode.github} finished
2025/06/18 19:35:05 discover.go:26: bus: -> Discover /home/diomedes3737/.codeoss/data/logs/20250617T120802/exthost1/vscode.github-authentication
2025/06/18 19:35:05 walker.go:217: walking of {file:///home/diomedes3737/.codeoss/data/logs/20250617T120802/exthost1/vscode.github-authentication} finished
2025/06/18 19:35:05 discover.go:26: bus: -> Discover /home/diomedes3737/.codeoss/data/logs/20250617T120802/exthost1/vscode.json-language-features
2025/06/18 19:35:05 walker.go:217: walking of {file:///home/diomedes3737/.codeoss/data/logs/20250617T120802/exthost1/vscode.json-language-features} finished
2025/06/18 19:35:05 walker.go:217: walking of {file:///home/diomedes3737/.codeoss/data/logs/20250617T120802/exthost1} finished
2025/06/18 19:35:05 walker.go:217: walking of {file:///home/diomedes3737/.codeoss/data/logs/20250617T120802} finished
2025/06/18 19:35:05 discover.go:26: bus: -> Discover /home/diomedes3737/.codeoss/data/logs/20250617T150123
2025/06/18 19:35:05 discover.go:26: bus: -> Discover /home/diomedes3737/.codeoss/data/logs/20250617T150123/exthost1
2025/06/18 19:35:05 discover.go:26: bus: -> Discover /home/diomedes3737/.codeoss/data/logs/20250617T150123/exthost1/hashicorp.terraform
2025/06/18 19:35:05 walker.go:217: walking of {file:///home/diomedes3737/.codeoss/data/logs/20250617T150123/exthost1/hashicorp.terraform} finished
2025/06/18 19:35:05 discover.go:26: bus: -> Discover /home/diomedes3737/.codeoss/data/logs/20250617T150123/exthost1/ms-python.python
2025/06/18 19:35:05 walker.go:217: walking of {file:///home/diomedes3737/.codeoss/data/logs/20250617T150123/exthost1/ms-python.python} finished
2025/06/18 19:35:05 discover.go:26: bus: -> Discover /home/diomedes3737/.codeoss/data/logs/20250617T150123/exthost1/output_logging_20250617T150127
2025/06/18 19:35:05 walker.go:217: walking of {file:///home/diomedes3737/.codeoss/data/logs/20250617T150123/exthost1/output_logging_20250617T150127} finished
2025/06/18 19:35:05 discover.go:26: bus: -> Discover /home/diomedes3737/.codeoss/data/logs/20250617T150123/exthost1/vscode.git
2025/06/18 19:35:05 walker.go:217: walking of {file:///home/diomedes3737/.codeoss/data/logs/20250617T150123/exthost1/vscode.git} finished
2025/06/18 19:35:05 discover.go:26: bus: -> Discover /home/diomedes3737/.codeoss/data/logs/20250617T150123/exthost1/vscode.github
2025/06/18 19:35:05 walker.go:217: walking of {file:///home/diomedes3737/.codeoss/data/logs/20250617T150123/exthost1/vscode.github} finished
2025/06/18 19:35:05 discover.go:26: bus: -> Discover /home/diomedes3737/.codeoss/data/logs/20250617T150123/exthost1/vscode.github-authentication
2025/06/18 19:35:05 walker.go:217: walking of {file:///home/diomedes3737/.codeoss/data/logs/20250617T150123/exthost1/vscode.github-authentication} finished
2025/06/18 19:35:05 discover.go:26: bus: -> Discover /home/diomedes3737/.codeoss/data/logs/20250617T150123/exthost1/vscode.json-language-features
2025/06/18 19:35:05 walker.go:217: walking of {file:///home/diomedes3737/.codeoss/data/logs/20250617T150123/exthost1/vscode.json-language-features} finished
2025/06/18 19:35:05 walker.go:217: walking of {file:///home/diomedes3737/.codeoss/data/logs/20250617T150123/exthost1} finished
2025/06/18 19:35:05 walker.go:217: walking of {file:///home/diomedes3737/.codeoss/data/logs/20250617T150123} finished
2025/06/18 19:35:05 discover.go:26: bus: -> Discover /home/diomedes3737/.codeoss/data/logs/20250617T165424
2025/06/18 19:35:05 discover.go:26: bus: -> Discover /home/diomedes3737/.codeoss/data/logs/20250617T165424/exthost1
2025/06/18 19:35:05 discover.go:26: bus: -> Discover /home/diomedes3737/.codeoss/data/logs/20250617T165424/exthost1/hashicorp.terraform
2025/06/18 19:35:05 walker.go:217: walking of {file:///home/diomedes3737/.codeoss/data/logs/20250617T165424/exthost1/hashicorp.terraform} finished
2025/06/18 19:35:05 discover.go:26: bus: -> Discover /home/diomedes3737/.codeoss/data/logs/20250617T165424/exthost1/ms-python.python
2025/06/18 19:35:05 walker.go:217: walking of {file:///home/diomedes3737/.codeoss/data/logs/20250617T165424/exthost1/ms-python.python} finished
2025/06/18 19:35:05 discover.go:26: bus: -> Discover /home/diomedes3737/.codeoss/data/logs/20250617T165424/exthost1/output_logging_20250617T165431
2025/06/18 19:35:05 walker.go:217: walking of {file:///home/diomedes3737/.codeoss/data/logs/20250617T165424/exthost1/output_logging_20250617T165431} finished
2025/06/18 19:35:05 discover.go:26: bus: -> Discover /home/diomedes3737/.codeoss/data/logs/20250617T165424/exthost1/vscode.git
2025/06/18 19:35:05 walker.go:217: walking of {file:///home/diomedes3737/.codeoss/data/logs/20250617T165424/exthost1/vscode.git} finished
2025/06/18 19:35:05 discover.go:26: bus: -> Discover /home/diomedes3737/.codeoss/data/logs/20250617T165424/exthost1/vscode.github
2025/06/18 19:35:05 walker.go:217: walking of {file:///home/diomedes3737/.codeoss/data/logs/20250617T165424/exthost1/vscode.github} finished
2025/06/18 19:35:05 discover.go:26: bus: -> Discover /home/diomedes3737/.codeoss/data/logs/20250617T165424/exthost1/vscode.github-authentication
2025/06/18 19:35:05 walker.go:217: walking of {file:///home/diomedes3737/.codeoss/data/logs/20250617T165424/exthost1/vscode.github-authentication} finished
2025/06/18 19:35:05 discover.go:26: bus: -> Discover /home/diomedes3737/.codeoss/data/logs/20250617T165424/exthost1/vscode.json-language-features
2025/06/18 19:35:05 walker.go:217: walking of {file:///home/diomedes3737/.codeoss/data/logs/20250617T165424/exthost1/vscode.json-language-features} finished
2025/06/18 19:35:05 walker.go:217: walking of {file:///home/diomedes3737/.codeoss/data/logs/20250617T165424/exthost1} finished
2025/06/18 19:35:05 walker.go:217: walking of {file:///home/diomedes3737/.codeoss/data/logs/20250617T165424} finished
2025/06/18 19:35:05 discover.go:26: bus: -> Discover /home/diomedes3737/.codeoss/data/logs/20250617T183650
2025/06/18 19:35:05 discover.go:26: bus: -> Discover /home/diomedes3737/.codeoss/data/logs/20250617T183650/exthost1
2025/06/18 19:35:05 discover.go:26: bus: -> Discover /home/diomedes3737/.codeoss/data/logs/20250617T183650/exthost1/hashicorp.terraform
2025/06/18 19:35:05 walker.go:217: walking of {file:///home/diomedes3737/.codeoss/data/logs/20250617T183650/exthost1/hashicorp.terraform} finished
2025/06/18 19:35:05 discover.go:26: bus: -> Discover /home/diomedes3737/.codeoss/data/logs/20250617T183650/exthost1/ms-python.python
2025/06/18 19:35:05 walker.go:217: walking of {file:///home/diomedes3737/.codeoss/data/logs/20250617T183650/exthost1/ms-python.python} finished
2025/06/18 19:35:05 discover.go:26: bus: -> Discover /home/diomedes3737/.codeoss/data/logs/20250617T183650/exthost1/output_logging_20250617T183654
2025/06/18 19:35:05 walker.go:217: walking of {file:///home/diomedes3737/.codeoss/data/logs/20250617T183650/exthost1/output_logging_20250617T183654} finished
2025/06/18 19:35:05 discover.go:26: bus: -> Discover /home/diomedes3737/.codeoss/data/logs/20250617T183650/exthost1/vscode.git
2025/06/18 19:35:05 walker.go:217: walking of {file:///home/diomedes3737/.codeoss/data/logs/20250617T183650/exthost1/vscode.git} finished
2025/06/18 19:35:05 discover.go:26: bus: -> Discover /home/diomedes3737/.codeoss/data/logs/20250617T183650/exthost1/vscode.github
2025/06/18 19:35:05 walker.go:217: walking of {file:///home/diomedes3737/.codeoss/data/logs/20250617T183650/exthost1/vscode.github} finished
2025/06/18 19:35:05 discover.go:26: bus: -> Discover /home/diomedes3737/.codeoss/data/logs/20250617T183650/exthost1/vscode.github-authentication
2025/06/18 19:35:05 walker.go:217: walking of {file:///home/diomedes3737/.codeoss/data/logs/20250617T183650/exthost1/vscode.github-authentication} finished
2025/06/18 19:35:05 discover.go:26: bus: -> Discover /home/diomedes3737/.codeoss/data/logs/20250617T183650/exthost1/vscode.json-language-features
2025/06/18 19:35:05 walker.go:217: walking of {file:///home/diomedes3737/.codeoss/data/logs/20250617T183650/exthost1/vscode.json-language-features} finished
2025/06/18 19:35:05 walker.go:217: walking of {file:///home/diomedes3737/.codeoss/data/logs/20250617T183650/exthost1} finished
2025/06/18 19:35:05 walker.go:217: walking of {file:///home/diomedes3737/.codeoss/data/logs/20250617T183650} finished
2025/06/18 19:35:05 discover.go:26: bus: -> Discover /home/diomedes3737/.codeoss/data/logs/20250618T043226
2025/06/18 19:35:05 discover.go:26: bus: -> Discover /home/diomedes3737/.codeoss/data/logs/20250618T043226/exthost1
2025/06/18 19:35:05 discover.go:26: bus: -> Discover /home/diomedes3737/.codeoss/data/logs/20250618T043226/exthost1/hashicorp.terraform
2025/06/18 19:35:05 walker.go:217: walking of {file:///home/diomedes3737/.codeoss/data/logs/20250618T043226/exthost1/hashicorp.terraform} finished
2025/06/18 19:35:05 discover.go:26: bus: -> Discover /home/diomedes3737/.codeoss/data/logs/20250618T043226/exthost1/ms-python.python
2025/06/18 19:35:05 walker.go:217: walking of {file:///home/diomedes3737/.codeoss/data/logs/20250618T043226/exthost1/ms-python.python} finished
2025/06/18 19:35:05 discover.go:26: bus: -> Discover /home/diomedes3737/.codeoss/data/logs/20250618T043226/exthost1/output_logging_20250618T043230
2025/06/18 19:35:05 walker.go:217: walking of {file:///home/diomedes3737/.codeoss/data/logs/20250618T043226/exthost1/output_logging_20250618T043230} finished
2025/06/18 19:35:05 discover.go:26: bus: -> Discover /home/diomedes3737/.codeoss/data/logs/20250618T043226/exthost1/vscode.git
2025/06/18 19:35:05 walker.go:217: walking of {file:///home/diomedes3737/.codeoss/data/logs/20250618T043226/exthost1/vscode.git} finished
2025/06/18 19:35:05 discover.go:26: bus: -> Discover /home/diomedes3737/.codeoss/data/logs/20250618T043226/exthost1/vscode.github
2025/06/18 19:35:05 walker.go:217: walking of {file:///home/diomedes3737/.codeoss/data/logs/20250618T043226/exthost1/vscode.github} finished
2025/06/18 19:35:05 discover.go:26: bus: -> Discover /home/diomedes3737/.codeoss/data/logs/20250618T043226/exthost1/vscode.github-authentication
2025/06/18 19:35:05 walker.go:217: walking of {file:///home/diomedes3737/.codeoss/data/logs/20250618T043226/exthost1/vscode.github-authentication} finished
2025/06/18 19:35:05 discover.go:26: bus: -> Discover /home/diomedes3737/.codeoss/data/logs/20250618T043226/exthost1/vscode.json-language-features
2025/06/18 19:35:05 walker.go:217: walking of {file:///home/diomedes3737/.codeoss/data/logs/20250618T043226/exthost1/vscode.json-language-features} finished
2025/06/18 19:35:05 walker.go:217: walking of {file:///home/diomedes3737/.codeoss/data/logs/20250618T043226/exthost1} finished
2025/06/18 19:35:05 walker.go:217: walking of {file:///home/diomedes3737/.codeoss/data/logs/20250618T043226} finished
2025/06/18 19:35:05 discover.go:26: bus: -> Discover /home/diomedes3737/.codeoss/data/logs/20250618T070334
2025/06/18 19:35:05 discover.go:26: bus: -> Discover /home/diomedes3737/.codeoss/data/logs/20250618T070334/exthost1
2025/06/18 19:35:05 discover.go:26: bus: -> Discover /home/diomedes3737/.codeoss/data/logs/20250618T070334/exthost1/hashicorp.terraform
2025/06/18 19:35:05 walker.go:217: walking of {file:///home/diomedes3737/.codeoss/data/logs/20250618T070334/exthost1/hashicorp.terraform} finished
2025/06/18 19:35:05 discover.go:26: bus: -> Discover /home/diomedes3737/.codeoss/data/logs/20250618T070334/exthost1/output_logging_20250618T070343
2025/06/18 19:35:05 walker.go:217: walking of {file:///home/diomedes3737/.codeoss/data/logs/20250618T070334/exthost1/output_logging_20250618T070343} finished
2025/06/18 19:35:05 discover.go:26: bus: -> Discover /home/diomedes3737/.codeoss/data/logs/20250618T070334/exthost1/vscode.git
2025/06/18 19:35:05 walker.go:217: walking of {file:///home/diomedes3737/.codeoss/data/logs/20250618T070334/exthost1/vscode.git} finished
2025/06/18 19:35:05 discover.go:26: bus: -> Discover /home/diomedes3737/.codeoss/data/logs/20250618T070334/exthost1/vscode.github
2025/06/18 19:35:05 walker.go:217: walking of {file:///home/diomedes3737/.codeoss/data/logs/20250618T070334/exthost1/vscode.github} finished
2025/06/18 19:35:05 discover.go:26: bus: -> Discover /home/diomedes3737/.codeoss/data/logs/20250618T070334/exthost1/vscode.github-authentication
2025/06/18 19:35:05 walker.go:217: walking of {file:///home/diomedes3737/.codeoss/data/logs/20250618T070334/exthost1/vscode.github-authentication} finished
2025/06/18 19:35:05 discover.go:26: bus: -> Discover /home/diomedes3737/.codeoss/data/logs/20250618T070334/exthost1/vscode.json-language-features
2025/06/18 19:35:05 walker.go:217: walking of {file:///home/diomedes3737/.codeoss/data/logs/20250618T070334/exthost1/vscode.json-language-features} finished
2025/06/18 19:35:05 walker.go:217: walking of {file:///home/diomedes3737/.codeoss/data/logs/20250618T070334/exthost1} finished
2025/06/18 19:35:05 discover.go:26: bus: -> Discover /home/diomedes3737/.codeoss/data/logs/20250618T070334/exthost2
2025/06/18 19:35:05 discover.go:26: bus: -> Discover /home/diomedes3737/.codeoss/data/logs/20250618T070334/exthost2/hashicorp.terraform
2025/06/18 19:35:05 walker.go:217: walking of {file:///home/diomedes3737/.codeoss/data/logs/20250618T070334/exthost2/hashicorp.terraform} finished
2025/06/18 19:35:05 discover.go:26: bus: -> Discover /home/diomedes3737/.codeoss/data/logs/20250618T070334/exthost2/ms-python.python
2025/06/18 19:35:05 walker.go:217: walking of {file:///home/diomedes3737/.codeoss/data/logs/20250618T070334/exthost2/ms-python.python} finished
2025/06/18 19:35:05 discover.go:26: bus: -> Discover /home/diomedes3737/.codeoss/data/logs/20250618T070334/exthost2/output_logging_20250618T073937
2025/06/18 19:35:05 walker.go:217: walking of {file:///home/diomedes3737/.codeoss/data/logs/20250618T070334/exthost2/output_logging_20250618T073937} finished
2025/06/18 19:35:05 discover.go:26: bus: -> Discover /home/diomedes3737/.codeoss/data/logs/20250618T070334/exthost2/vscode.git
2025/06/18 19:35:05 walker.go:217: walking of {file:///home/diomedes3737/.codeoss/data/logs/20250618T070334/exthost2/vscode.git} finished
2025/06/18 19:35:05 discover.go:26: bus: -> Discover /home/diomedes3737/.codeoss/data/logs/20250618T070334/exthost2/vscode.github
2025/06/18 19:35:05 walker.go:217: walking of {file:///home/diomedes3737/.codeoss/data/logs/20250618T070334/exthost2/vscode.github} finished
2025/06/18 19:35:05 discover.go:26: bus: -> Discover /home/diomedes3737/.codeoss/data/logs/20250618T070334/exthost2/vscode.github-authentication
2025/06/18 19:35:05 walker.go:217: walking of {file:///home/diomedes3737/.codeoss/data/logs/20250618T070334/exthost2/vscode.github-authentication} finished
2025/06/18 19:35:05 discover.go:26: bus: -> Discover /home/diomedes3737/.codeoss/data/logs/20250618T070334/exthost2/vscode.json-language-features
2025/06/18 19:35:05 walker.go:217: walking of {file:///home/diomedes3737/.codeoss/data/logs/20250618T070334/exthost2/vscode.json-language-features} finished
2025/06/18 19:35:05 walker.go:217: walking of {file:///home/diomedes3737/.codeoss/data/logs/20250618T070334/exthost2} finished
2025/06/18 19:35:05 walker.go:217: walking of {file:///home/diomedes3737/.codeoss/data/logs/20250618T070334} finished
2025/06/18 19:35:05 discover.go:26: bus: -> Discover /home/diomedes3737/.codeoss/data/logs/20250618T161938
2025/06/18 19:35:05 discover.go:26: bus: -> Discover /home/diomedes3737/.codeoss/data/logs/20250618T161938/exthost1
2025/06/18 19:35:05 discover.go:26: bus: -> Discover /home/diomedes3737/.codeoss/data/logs/20250618T161938/exthost1/hashicorp.terraform
2025/06/18 19:35:05 walker.go:217: walking of {file:///home/diomedes3737/.codeoss/data/logs/20250618T161938/exthost1/hashicorp.terraform} finished
2025/06/18 19:35:05 discover.go:26: bus: -> Discover /home/diomedes3737/.codeoss/data/logs/20250618T161938/exthost1/ms-python.python
2025/06/18 19:35:05 walker.go:217: walking of {file:///home/diomedes3737/.codeoss/data/logs/20250618T161938/exthost1/ms-python.python} finished
2025/06/18 19:35:05 discover.go:26: bus: -> Discover /home/diomedes3737/.codeoss/data/logs/20250618T161938/exthost1/output_logging_20250618T161942
2025/06/18 19:35:05 walker.go:217: walking of {file:///home/diomedes3737/.codeoss/data/logs/20250618T161938/exthost1/output_logging_20250618T161942} finished
2025/06/18 19:35:05 discover.go:26: bus: -> Discover /home/diomedes3737/.codeoss/data/logs/20250618T161938/exthost1/vscode.git
2025/06/18 19:35:05 walker.go:217: walking of {file:///home/diomedes3737/.codeoss/data/logs/20250618T161938/exthost1/vscode.git} finished
2025/06/18 19:35:05 discover.go:26: bus: -> Discover /home/diomedes3737/.codeoss/data/logs/20250618T161938/exthost1/vscode.github
2025/06/18 19:35:05 walker.go:217: walking of {file:///home/diomedes3737/.codeoss/data/logs/20250618T161938/exthost1/vscode.github} finished
2025/06/18 19:35:05 discover.go:26: bus: -> Discover /home/diomedes3737/.codeoss/data/logs/20250618T161938/exthost1/vscode.github-authentication
2025/06/18 19:35:05 walker.go:217: walking of {file:///home/diomedes3737/.codeoss/data/logs/20250618T161938/exthost1/vscode.github-authentication} finished
2025/06/18 19:35:05 discover.go:26: bus: -> Discover /home/diomedes3737/.codeoss/data/logs/20250618T161938/exthost1/vscode.json-language-features
2025/06/18 19:35:05 walker.go:217: walking of {file:///home/diomedes3737/.codeoss/data/logs/20250618T161938/exthost1/vscode.json-language-features} finished
2025/06/18 19:35:05 walker.go:217: walking of {file:///home/diomedes3737/.codeoss/data/logs/20250618T161938/exthost1} finished
2025/06/18 19:35:05 walker.go:217: walking of {file:///home/diomedes3737/.codeoss/data/logs/20250618T161938} finished
2025/06/18 19:35:05 discover.go:26: bus: -> Discover /home/diomedes3737/.codeoss/data/logs/20250618T193454
2025/06/18 19:35:05 discover.go:26: bus: -> Discover /home/diomedes3737/.codeoss/data/logs/20250618T193454/exthost1
2025/06/18 19:35:05 discover.go:26: bus: -> Discover /home/diomedes3737/.codeoss/data/logs/20250618T193454/exthost1/hashicorp.terraform
2025/06/18 19:35:05 walker.go:217: walking of {file:///home/diomedes3737/.codeoss/data/logs/20250618T193454/exthost1/hashicorp.terraform} finished
2025/06/18 19:35:05 discover.go:26: bus: -> Discover /home/diomedes3737/.codeoss/data/logs/20250618T193454/exthost1/ms-python.python
2025/06/18 19:35:05 walker.go:217: walking of {file:///home/diomedes3737/.codeoss/data/logs/20250618T193454/exthost1/ms-python.python} finished
2025/06/18 19:35:05 discover.go:26: bus: -> Discover /home/diomedes3737/.codeoss/data/logs/20250618T193454/exthost1/output_logging_20250618T193500
2025/06/18 19:35:05 walker.go:217: walking of {file:///home/diomedes3737/.codeoss/data/logs/20250618T193454/exthost1/output_logging_20250618T193500} finished
2025/06/18 19:35:05 discover.go:26: bus: -> Discover /home/diomedes3737/.codeoss/data/logs/20250618T193454/exthost1/vscode.git
2025/06/18 19:35:05 walker.go:217: walking of {file:///home/diomedes3737/.codeoss/data/logs/20250618T193454/exthost1/vscode.git} finished
2025/06/18 19:35:05 discover.go:26: bus: -> Discover /home/diomedes3737/.codeoss/data/logs/20250618T193454/exthost1/vscode.github
2025/06/18 19:35:05 walker.go:217: walking of {file:///home/diomedes3737/.codeoss/data/logs/20250618T193454/exthost1/vscode.github} finished
2025/06/18 19:35:05 discover.go:26: bus: -> Discover /home/diomedes3737/.codeoss/data/logs/20250618T193454/exthost1/vscode.github-authentication
2025/06/18 19:35:05 walker.go:217: walking of {file:///home/diomedes3737/.codeoss/data/logs/20250618T193454/exthost1/vscode.github-authentication} finished
2025/06/18 19:35:05 discover.go:26: bus: -> Discover /home/diomedes3737/.codeoss/data/logs/20250618T193454/exthost1/vscode.json-language-features
2025/06/18 19:35:05 walker.go:217: walking of {file:///home/diomedes3737/.codeoss/data/logs/20250618T193454/exthost1/vscode.json-language-features} finished
2025/06/18 19:35:05 walker.go:217: walking of {file:///home/diomedes3737/.codeoss/data/logs/20250618T193454/exthost1} finished
2025/06/18 19:35:05 walker.go:217: walking of {file:///home/diomedes3737/.codeoss/data/logs/20250618T193454} finished
2025/06/18 19:35:05 walker.go:217: walking of {file:///home/diomedes3737/.codeoss/data/logs} finished
2025/06/18 19:35:05 walker.go:217: walking of {file:///home/diomedes3737/.codeoss/data} finished
2025/06/18 19:35:05 discover.go:26: bus: -> Discover /home/diomedes3737/.codeoss/extensions
2025/06/18 19:35:05 discover.go:26: bus: -> Discover /home/diomedes3737/.codeoss/extensions/hashicorp.terraform-2.34.4-linux-x64
2025/06/18 19:35:05 discover.go:26: bus: -> Discover /home/diomedes3737/.codeoss/extensions/hashicorp.terraform-2.34.4-linux-x64/assets
2025/06/18 19:35:05 discover.go:26: bus: -> Discover /home/diomedes3737/.codeoss/extensions/hashicorp.terraform-2.34.4-linux-x64/assets/icons
2025/06/18 19:35:05 walker.go:217: walking of {file:///home/diomedes3737/.codeoss/extensions/hashicorp.terraform-2.34.4-linux-x64/assets/icons} finished
2025/06/18 19:35:05 walker.go:217: walking of {file:///home/diomedes3737/.codeoss/extensions/hashicorp.terraform-2.34.4-linux-x64/assets} finished
2025/06/18 19:35:05 discover.go:26: bus: -> Discover /home/diomedes3737/.codeoss/extensions/hashicorp.terraform-2.34.4-linux-x64/bin
2025/06/18 19:35:05 walker.go:217: walking of {file:///home/diomedes3737/.codeoss/extensions/hashicorp.terraform-2.34.4-linux-x64/bin} finished
2025/06/18 19:35:05 discover.go:26: bus: -> Discover /home/diomedes3737/.codeoss/extensions/hashicorp.terraform-2.34.4-linux-x64/dist
2025/06/18 19:35:05 discover.go:26: bus: -> Discover /home/diomedes3737/.codeoss/extensions/hashicorp.terraform-2.34.4-linux-x64/dist/web
2025/06/18 19:35:05 walker.go:217: walking of {file:///home/diomedes3737/.codeoss/extensions/hashicorp.terraform-2.34.4-linux-x64/dist/web} finished
2025/06/18 19:35:05 walker.go:217: walking of {file:///home/diomedes3737/.codeoss/extensions/hashicorp.terraform-2.34.4-linux-x64/dist} finished
2025/06/18 19:35:05 discover.go:26: bus: -> Discover /home/diomedes3737/.codeoss/extensions/hashicorp.terraform-2.34.4-linux-x64/syntaxes
2025/06/18 19:35:05 walker.go:217: walking of {file:///home/diomedes3737/.codeoss/extensions/hashicorp.terraform-2.34.4-linux-x64/syntaxes} finished
2025/06/18 19:35:05 walker.go:217: walking of {file:///home/diomedes3737/.codeoss/extensions/hashicorp.terraform-2.34.4-linux-x64} finished
2025/06/18 19:35:05 walker.go:217: walking of {file:///home/diomedes3737/.codeoss/extensions} finished
2025/06/18 19:35:05 walker.go:217: walking of {file:///home/diomedes3737/.codeoss} finished
2025/06/18 19:35:05 discover.go:26: bus: -> Discover /home/diomedes3737/.config
2025/06/18 19:35:05 discover.go:26: bus: -> Discover /home/diomedes3737/.config/helm
2025/06/18 19:35:05 walker.go:217: walking of {file:///home/diomedes3737/.config/helm} finished
2025/06/18 19:35:05 discover.go:26: bus: -> Discover /home/diomedes3737/.config/powershell
2025/06/18 19:35:05 walker.go:217: walking of {file:///home/diomedes3737/.config/powershell} finished
2025/06/18 19:35:05 walker.go:217: walking of {file:///home/diomedes3737/.config} finished
2025/06/18 19:35:05 discover.go:26: bus: -> Discover /home/diomedes3737/.docker
2025/06/18 19:35:05 walker.go:217: walking of {file:///home/diomedes3737/.docker} finished
2025/06/18 19:35:05 walker.go:204: skipping ignored dir name: .git
2025/06/18 19:35:05 discover.go:26: bus: -> Discover /home/diomedes3737/.gsutil
2025/06/18 19:35:05 walker.go:217: walking of {file:///home/diomedes3737/.gsutil} finished
2025/06/18 19:35:05 discover.go:26: bus: -> Discover /home/diomedes3737/.kube
2025/06/18 19:35:05 discover.go:26: bus: -> Discover /home/diomedes3737/.kube/cache
2025/06/18 19:35:05 discover.go:26: bus: -> Discover /home/diomedes3737/.kube/cache/discovery
2025/06/18 19:35:05 discover.go:26: bus: -> Discover /home/diomedes3737/.kube/cache/discovery/34.126.176.50
2025/06/18 19:35:05 discover.go:26: bus: -> Discover /home/diomedes3737/.kube/cache/discovery/34.126.176.50/admissionregistration.k8s.io
2025/06/18 19:35:05 discover.go:26: bus: -> Discover /home/diomedes3737/.kube/cache/discovery/34.126.176.50/admissionregistration.k8s.io/v1
2025/06/18 19:35:05 walker.go:217: walking of {file:///home/diomedes3737/.kube/cache/discovery/34.126.176.50/admissionregistration.k8s.io/v1} finished
2025/06/18 19:35:05 walker.go:217: walking of {file:///home/diomedes3737/.kube/cache/discovery/34.126.176.50/admissionregistration.k8s.io} finished
2025/06/18 19:35:05 discover.go:26: bus: -> Discover /home/diomedes3737/.kube/cache/discovery/34.126.176.50/apiextensions.k8s.io
2025/06/18 19:35:05 discover.go:26: bus: -> Discover /home/diomedes3737/.kube/cache/discovery/34.126.176.50/apiextensions.k8s.io/v1
2025/06/18 19:35:05 walker.go:217: walking of {file:///home/diomedes3737/.kube/cache/discovery/34.126.176.50/apiextensions.k8s.io/v1} finished
2025/06/18 19:35:05 walker.go:217: walking of {file:///home/diomedes3737/.kube/cache/discovery/34.126.176.50/apiextensions.k8s.io} finished
2025/06/18 19:35:05 discover.go:26: bus: -> Discover /home/diomedes3737/.kube/cache/discovery/34.126.176.50/apiregistration.k8s.io
2025/06/18 19:35:05 discover.go:26: bus: -> Discover /home/diomedes3737/.kube/cache/discovery/34.126.176.50/apiregistration.k8s.io/v1
2025/06/18 19:35:05 walker.go:217: walking of {file:///home/diomedes3737/.kube/cache/discovery/34.126.176.50/apiregistration.k8s.io/v1} finished
2025/06/18 19:35:05 walker.go:217: walking of {file:///home/diomedes3737/.kube/cache/discovery/34.126.176.50/apiregistration.k8s.io} finished
2025/06/18 19:35:05 discover.go:26: bus: -> Discover /home/diomedes3737/.kube/cache/discovery/34.126.176.50/apps
2025/06/18 19:35:05 discover.go:26: bus: -> Discover /home/diomedes3737/.kube/cache/discovery/34.126.176.50/apps/v1
2025/06/18 19:35:05 walker.go:217: walking of {file:///home/diomedes3737/.kube/cache/discovery/34.126.176.50/apps/v1} finished
2025/06/18 19:35:05 walker.go:217: walking of {file:///home/diomedes3737/.kube/cache/discovery/34.126.176.50/apps} finished
2025/06/18 19:35:05 discover.go:26: bus: -> Discover /home/diomedes3737/.kube/cache/discovery/34.126.176.50/authentication.k8s.io
2025/06/18 19:35:05 discover.go:26: bus: -> Discover /home/diomedes3737/.kube/cache/discovery/34.126.176.50/authentication.k8s.io/v1
2025/06/18 19:35:05 walker.go:217: walking of {file:///home/diomedes3737/.kube/cache/discovery/34.126.176.50/authentication.k8s.io/v1} finished
2025/06/18 19:35:05 walker.go:217: walking of {file:///home/diomedes3737/.kube/cache/discovery/34.126.176.50/authentication.k8s.io} finished
2025/06/18 19:35:05 discover.go:26: bus: -> Discover /home/diomedes3737/.kube/cache/discovery/34.126.176.50/authorization.k8s.io
2025/06/18 19:35:05 discover.go:26: bus: -> Discover /home/diomedes3737/.kube/cache/discovery/34.126.176.50/authorization.k8s.io/v1
2025/06/18 19:35:05 walker.go:217: walking of {file:///home/diomedes3737/.kube/cache/discovery/34.126.176.50/authorization.k8s.io/v1} finished
2025/06/18 19:35:05 walker.go:217: walking of {file:///home/diomedes3737/.kube/cache/discovery/34.126.176.50/authorization.k8s.io} finished
2025/06/18 19:35:05 discover.go:26: bus: -> Discover /home/diomedes3737/.kube/cache/discovery/34.126.176.50/auto.gke.io
2025/06/18 19:35:05 discover.go:26: bus: -> Discover /home/diomedes3737/.kube/cache/discovery/34.126.176.50/auto.gke.io/v1
2025/06/18 19:35:05 walker.go:217: walking of {file:///home/diomedes3737/.kube/cache/discovery/34.126.176.50/auto.gke.io/v1} finished
2025/06/18 19:35:05 walker.go:217: walking of {file:///home/diomedes3737/.kube/cache/discovery/34.126.176.50/auto.gke.io} finished
2025/06/18 19:35:05 discover.go:26: bus: -> Discover /home/diomedes3737/.kube/cache/discovery/34.126.176.50/autoscaling
2025/06/18 19:35:05 discover.go:26: bus: -> Discover /home/diomedes3737/.kube/cache/discovery/34.126.176.50/autoscaling/v1
2025/06/18 19:35:05 walker.go:217: walking of {file:///home/diomedes3737/.kube/cache/discovery/34.126.176.50/autoscaling/v1} finished
2025/06/18 19:35:05 discover.go:26: bus: -> Discover /home/diomedes3737/.kube/cache/discovery/34.126.176.50/autoscaling/v2
2025/06/18 19:35:05 walker.go:217: walking of {file:///home/diomedes3737/.kube/cache/discovery/34.126.176.50/autoscaling/v2} finished
2025/06/18 19:35:05 walker.go:217: walking of {file:///home/diomedes3737/.kube/cache/discovery/34.126.176.50/autoscaling} finished
2025/06/18 19:35:05 discover.go:26: bus: -> Discover /home/diomedes3737/.kube/cache/discovery/34.126.176.50/autoscaling.x-k8s.io
2025/06/18 19:35:05 discover.go:26: bus: -> Discover /home/diomedes3737/.kube/cache/discovery/34.126.176.50/autoscaling.x-k8s.io/v1
2025/06/18 19:35:05 walker.go:217: walking of {file:///home/diomedes3737/.kube/cache/discovery/34.126.176.50/autoscaling.x-k8s.io/v1} finished
2025/06/18 19:35:05 discover.go:26: bus: -> Discover /home/diomedes3737/.kube/cache/discovery/34.126.176.50/autoscaling.x-k8s.io/v1beta1
2025/06/18 19:35:05 walker.go:217: walking of {file:///home/diomedes3737/.kube/cache/discovery/34.126.176.50/autoscaling.x-k8s.io/v1beta1} finished
2025/06/18 19:35:05 walker.go:217: walking of {file:///home/diomedes3737/.kube/cache/discovery/34.126.176.50/autoscaling.x-k8s.io} finished
2025/06/18 19:35:05 discover.go:26: bus: -> Discover /home/diomedes3737/.kube/cache/discovery/34.126.176.50/batch
2025/06/18 19:35:05 discover.go:26: bus: -> Discover /home/diomedes3737/.kube/cache/discovery/34.126.176.50/batch/v1
2025/06/18 19:35:05 walker.go:217: walking of {file:///home/diomedes3737/.kube/cache/discovery/34.126.176.50/batch/v1} finished
2025/06/18 19:35:05 walker.go:217: walking of {file:///home/diomedes3737/.kube/cache/discovery/34.126.176.50/batch} finished
2025/06/18 19:35:05 discover.go:26: bus: -> Discover /home/diomedes3737/.kube/cache/discovery/34.126.176.50/certificates.k8s.io
2025/06/18 19:35:05 discover.go:26: bus: -> Discover /home/diomedes3737/.kube/cache/discovery/34.126.176.50/certificates.k8s.io/v1
2025/06/18 19:35:05 walker.go:217: walking of {file:///home/diomedes3737/.kube/cache/discovery/34.126.176.50/certificates.k8s.io/v1} finished
2025/06/18 19:35:05 walker.go:217: walking of {file:///home/diomedes3737/.kube/cache/discovery/34.126.176.50/certificates.k8s.io} finished
2025/06/18 19:35:05 discover.go:26: bus: -> Discover /home/diomedes3737/.kube/cache/discovery/34.126.176.50/cloud.google.com
2025/06/18 19:35:05 discover.go:26: bus: -> Discover /home/diomedes3737/.kube/cache/discovery/34.126.176.50/cloud.google.com/v1
2025/06/18 19:35:05 walker.go:217: walking of {file:///home/diomedes3737/.kube/cache/discovery/34.126.176.50/cloud.google.com/v1} finished
2025/06/18 19:35:05 discover.go:26: bus: -> Discover /home/diomedes3737/.kube/cache/discovery/34.126.176.50/cloud.google.com/v1beta1
2025/06/18 19:35:05 walker.go:217: walking of {file:///home/diomedes3737/.kube/cache/discovery/34.126.176.50/cloud.google.com/v1beta1} finished
2025/06/18 19:35:05 walker.go:217: walking of {file:///home/diomedes3737/.kube/cache/discovery/34.126.176.50/cloud.google.com} finished
2025/06/18 19:35:05 discover.go:26: bus: -> Discover /home/diomedes3737/.kube/cache/discovery/34.126.176.50/coordination.k8s.io
2025/06/18 19:35:05 discover.go:26: bus: -> Discover /home/diomedes3737/.kube/cache/discovery/34.126.176.50/coordination.k8s.io/v1
2025/06/18 19:35:05 walker.go:217: walking of {file:///home/diomedes3737/.kube/cache/discovery/34.126.176.50/coordination.k8s.io/v1} finished
2025/06/18 19:35:05 walker.go:217: walking of {file:///home/diomedes3737/.kube/cache/discovery/34.126.176.50/coordination.k8s.io} finished
2025/06/18 19:35:05 discover.go:26: bus: -> Discover /home/diomedes3737/.kube/cache/discovery/34.126.176.50/datalayer.gke.io
2025/06/18 19:35:05 discover.go:26: bus: -> Discover /home/diomedes3737/.kube/cache/discovery/34.126.176.50/datalayer.gke.io/v1
2025/06/18 19:35:05 walker.go:217: walking of {file:///home/diomedes3737/.kube/cache/discovery/34.126.176.50/datalayer.gke.io/v1} finished
2025/06/18 19:35:05 walker.go:217: walking of {file:///home/diomedes3737/.kube/cache/discovery/34.126.176.50/datalayer.gke.io} finished
2025/06/18 19:35:05 discover.go:26: bus: -> Discover /home/diomedes3737/.kube/cache/discovery/34.126.176.50/discovery.k8s.io
2025/06/18 19:35:05 discover.go:26: bus: -> Discover /home/diomedes3737/.kube/cache/discovery/34.126.176.50/discovery.k8s.io/v1
2025/06/18 19:35:05 walker.go:217: walking of {file:///home/diomedes3737/.kube/cache/discovery/34.126.176.50/discovery.k8s.io/v1} finished
2025/06/18 19:35:05 walker.go:217: walking of {file:///home/diomedes3737/.kube/cache/discovery/34.126.176.50/discovery.k8s.io} finished
2025/06/18 19:35:05 discover.go:26: bus: -> Discover /home/diomedes3737/.kube/cache/discovery/34.126.176.50/events.k8s.io
2025/06/18 19:35:05 discover.go:26: bus: -> Discover /home/diomedes3737/.kube/cache/discovery/34.126.176.50/events.k8s.io/v1
2025/06/18 19:35:05 walker.go:217: walking of {file:///home/diomedes3737/.kube/cache/discovery/34.126.176.50/events.k8s.io/v1} finished
2025/06/18 19:35:05 walker.go:217: walking of {file:///home/diomedes3737/.kube/cache/discovery/34.126.176.50/events.k8s.io} finished
2025/06/18 19:35:05 discover.go:26: bus: -> Discover /home/diomedes3737/.kube/cache/discovery/34.126.176.50/flowcontrol.apiserver.k8s.io
2025/06/18 19:35:05 discover.go:26: bus: -> Discover /home/diomedes3737/.kube/cache/discovery/34.126.176.50/flowcontrol.apiserver.k8s.io/v1
2025/06/18 19:35:05 walker.go:217: walking of {file:///home/diomedes3737/.kube/cache/discovery/34.126.176.50/flowcontrol.apiserver.k8s.io/v1} finished
2025/06/18 19:35:05 walker.go:217: walking of {file:///home/diomedes3737/.kube/cache/discovery/34.126.176.50/flowcontrol.apiserver.k8s.io} finished
2025/06/18 19:35:05 discover.go:26: bus: -> Discover /home/diomedes3737/.kube/cache/discovery/34.126.176.50/hub.gke.io
2025/06/18 19:35:05 discover.go:26: bus: -> Discover /home/diomedes3737/.kube/cache/discovery/34.126.176.50/hub.gke.io/v1
2025/06/18 19:35:05 walker.go:217: walking of {file:///home/diomedes3737/.kube/cache/discovery/34.126.176.50/hub.gke.io/v1} finished
2025/06/18 19:35:05 walker.go:217: walking of {file:///home/diomedes3737/.kube/cache/discovery/34.126.176.50/hub.gke.io} finished
2025/06/18 19:35:05 discover.go:26: bus: -> Discover /home/diomedes3737/.kube/cache/discovery/34.126.176.50/internal.autoscaling.gke.io
2025/06/18 19:35:05 discover.go:26: bus: -> Discover /home/diomedes3737/.kube/cache/discovery/34.126.176.50/internal.autoscaling.gke.io/v1
2025/06/18 19:35:05 walker.go:217: walking of {file:///home/diomedes3737/.kube/cache/discovery/34.126.176.50/internal.autoscaling.gke.io/v1} finished
2025/06/18 19:35:05 walker.go:217: walking of {file:///home/diomedes3737/.kube/cache/discovery/34.126.176.50/internal.autoscaling.gke.io} finished
2025/06/18 19:35:05 discover.go:26: bus: -> Discover /home/diomedes3737/.kube/cache/discovery/34.126.176.50/metrics.k8s.io
2025/06/18 19:35:05 discover.go:26: bus: -> Discover /home/diomedes3737/.kube/cache/discovery/34.126.176.50/metrics.k8s.io/v1beta1
2025/06/18 19:35:05 walker.go:217: walking of {file:///home/diomedes3737/.kube/cache/discovery/34.126.176.50/metrics.k8s.io/v1beta1} finished
2025/06/18 19:35:05 walker.go:217: walking of {file:///home/diomedes3737/.kube/cache/discovery/34.126.176.50/metrics.k8s.io} finished
2025/06/18 19:35:05 discover.go:26: bus: -> Discover /home/diomedes3737/.kube/cache/discovery/34.126.176.50/monitoring.googleapis.com
2025/06/18 19:35:05 discover.go:26: bus: -> Discover /home/diomedes3737/.kube/cache/discovery/34.126.176.50/monitoring.googleapis.com/v1
2025/06/18 19:35:05 walker.go:217: walking of {file:///home/diomedes3737/.kube/cache/discovery/34.126.176.50/monitoring.googleapis.com/v1} finished
2025/06/18 19:35:05 discover.go:26: bus: -> Discover /home/diomedes3737/.kube/cache/discovery/34.126.176.50/monitoring.googleapis.com/v1alpha1
2025/06/18 19:35:05 walker.go:217: walking of {file:///home/diomedes3737/.kube/cache/discovery/34.126.176.50/monitoring.googleapis.com/v1alpha1} finished
2025/06/18 19:35:05 walker.go:217: walking of {file:///home/diomedes3737/.kube/cache/discovery/34.126.176.50/monitoring.googleapis.com} finished
2025/06/18 19:35:05 discover.go:26: bus: -> Discover /home/diomedes3737/.kube/cache/discovery/34.126.176.50/networking.gke.io
2025/06/18 19:35:05 discover.go:26: bus: -> Discover /home/diomedes3737/.kube/cache/discovery/34.126.176.50/networking.gke.io/v1
2025/06/18 19:35:05 walker.go:217: walking of {file:///home/diomedes3737/.kube/cache/discovery/34.126.176.50/networking.gke.io/v1} finished
2025/06/18 19:35:05 discover.go:26: bus: -> Discover /home/diomedes3737/.kube/cache/discovery/34.126.176.50/networking.gke.io/v1beta1
2025/06/18 19:35:05 walker.go:217: walking of {file:///home/diomedes3737/.kube/cache/discovery/34.126.176.50/networking.gke.io/v1beta1} finished
2025/06/18 19:35:05 discover.go:26: bus: -> Discover /home/diomedes3737/.kube/cache/discovery/34.126.176.50/networking.gke.io/v1beta2
2025/06/18 19:35:05 walker.go:217: walking of {file:///home/diomedes3737/.kube/cache/discovery/34.126.176.50/networking.gke.io/v1beta2} finished
2025/06/18 19:35:05 walker.go:217: walking of {file:///home/diomedes3737/.kube/cache/discovery/34.126.176.50/networking.gke.io} finished
2025/06/18 19:35:05 discover.go:26: bus: -> Discover /home/diomedes3737/.kube/cache/discovery/34.126.176.50/networking.k8s.io
2025/06/18 19:35:05 discover.go:26: bus: -> Discover /home/diomedes3737/.kube/cache/discovery/34.126.176.50/networking.k8s.io/v1
2025/06/18 19:35:05 walker.go:217: walking of {file:///home/diomedes3737/.kube/cache/discovery/34.126.176.50/networking.k8s.io/v1} finished
2025/06/18 19:35:05 walker.go:217: walking of {file:///home/diomedes3737/.kube/cache/discovery/34.126.176.50/networking.k8s.io} finished
2025/06/18 19:35:05 discover.go:26: bus: -> Discover /home/diomedes3737/.kube/cache/discovery/34.126.176.50/node.gke.io
2025/06/18 19:35:05 discover.go:26: bus: -> Discover /home/diomedes3737/.kube/cache/discovery/34.126.176.50/node.gke.io/v1
2025/06/18 19:35:05 walker.go:217: walking of {file:///home/diomedes3737/.kube/cache/discovery/34.126.176.50/node.gke.io/v1} finished
2025/06/18 19:35:05 walker.go:217: walking of {file:///home/diomedes3737/.kube/cache/discovery/34.126.176.50/node.gke.io} finished
2025/06/18 19:35:05 discover.go:26: bus: -> Discover /home/diomedes3737/.kube/cache/discovery/34.126.176.50/node.k8s.io
2025/06/18 19:35:05 discover.go:26: bus: -> Discover /home/diomedes3737/.kube/cache/discovery/34.126.176.50/node.k8s.io/v1
2025/06/18 19:35:05 walker.go:217: walking of {file:///home/diomedes3737/.kube/cache/discovery/34.126.176.50/node.k8s.io/v1} finished
2025/06/18 19:35:05 walker.go:217: walking of {file:///home/diomedes3737/.kube/cache/discovery/34.126.176.50/node.k8s.io} finished
2025/06/18 19:35:05 discover.go:26: bus: -> Discover /home/diomedes3737/.kube/cache/discovery/34.126.176.50/nodemanagement.gke.io
2025/06/18 19:35:05 discover.go:26: bus: -> Discover /home/diomedes3737/.kube/cache/discovery/34.126.176.50/nodemanagement.gke.io/v1alpha1
2025/06/18 19:35:05 walker.go:217: walking of {file:///home/diomedes3737/.kube/cache/discovery/34.126.176.50/nodemanagement.gke.io/v1alpha1} finished
2025/06/18 19:35:05 walker.go:217: walking of {file:///home/diomedes3737/.kube/cache/discovery/34.126.176.50/nodemanagement.gke.io} finished
2025/06/18 19:35:05 discover.go:26: bus: -> Discover /home/diomedes3737/.kube/cache/discovery/34.126.176.50/policy
2025/06/18 19:35:05 discover.go:26: bus: -> Discover /home/diomedes3737/.kube/cache/discovery/34.126.176.50/policy/v1
2025/06/18 19:35:05 walker.go:217: walking of {file:///home/diomedes3737/.kube/cache/discovery/34.126.176.50/policy/v1} finished
2025/06/18 19:35:05 walker.go:217: walking of {file:///home/diomedes3737/.kube/cache/discovery/34.126.176.50/policy} finished
2025/06/18 19:35:05 discover.go:26: bus: -> Discover /home/diomedes3737/.kube/cache/discovery/34.126.176.50/rbac.authorization.k8s.io
2025/06/18 19:35:05 discover.go:26: bus: -> Discover /home/diomedes3737/.kube/cache/discovery/34.126.176.50/rbac.authorization.k8s.io/v1
2025/06/18 19:35:05 walker.go:217: walking of {file:///home/diomedes3737/.kube/cache/discovery/34.126.176.50/rbac.authorization.k8s.io/v1} finished
2025/06/18 19:35:05 walker.go:217: walking of {file:///home/diomedes3737/.kube/cache/discovery/34.126.176.50/rbac.authorization.k8s.io} finished
2025/06/18 19:35:05 discover.go:26: bus: -> Discover /home/diomedes3737/.kube/cache/discovery/34.126.176.50/scheduling.k8s.io
2025/06/18 19:35:05 discover.go:26: bus: -> Discover /home/diomedes3737/.kube/cache/discovery/34.126.176.50/scheduling.k8s.io/v1
2025/06/18 19:35:05 walker.go:217: walking of {file:///home/diomedes3737/.kube/cache/discovery/34.126.176.50/scheduling.k8s.io/v1} finished
2025/06/18 19:35:05 walker.go:217: walking of {file:///home/diomedes3737/.kube/cache/discovery/34.126.176.50/scheduling.k8s.io} finished
2025/06/18 19:35:05 discover.go:26: bus: -> Discover /home/diomedes3737/.kube/cache/discovery/34.126.176.50/snapshot.storage.k8s.io
2025/06/18 19:35:05 discover.go:26: bus: -> Discover /home/diomedes3737/.kube/cache/discovery/34.126.176.50/snapshot.storage.k8s.io/v1
2025/06/18 19:35:05 walker.go:217: walking of {file:///home/diomedes3737/.kube/cache/discovery/34.126.176.50/snapshot.storage.k8s.io/v1} finished
Client: Starting --> Running
2025/06/18 19:35:05 discover.go:26: bus: -> Discover /home/diomedes3737/.kube/cache/discovery/34.126.176.50/snapshot.storage.k8s.io/v1beta1
2025/06/18 19:35:05 walker.go:217: walking of {file:///home/diomedes3737/.kube/cache/discovery/34.126.176.50/snapshot.storage.k8s.io/v1beta1} finished
2025/06/18 19:35:05 walker.go:217: walking of {file:///home/diomedes3737/.kube/cache/discovery/34.126.176.50/snapshot.storage.k8s.io} finished
2025/06/18 19:35:05 discover.go:26: bus: -> Discover /home/diomedes3737/.kube/cache/discovery/34.126.176.50/storage.k8s.io
2025/06/18 19:35:05 discover.go:26: bus: -> Discover /home/diomedes3737/.kube/cache/discovery/34.126.176.50/storage.k8s.io/v1
2025/06/18 19:35:05 walker.go:217: walking of {file:///home/diomedes3737/.kube/cache/discovery/34.126.176.50/storage.k8s.io/v1} finished
2025/06/18 19:35:05 walker.go:217: walking of {file:///home/diomedes3737/.kube/cache/discovery/34.126.176.50/storage.k8s.io} finished
2025/06/18 19:35:05 discover.go:26: bus: -> Discover /home/diomedes3737/.kube/cache/discovery/34.126.176.50/v1
2025/06/18 19:35:05 walker.go:217: walking of {file:///home/diomedes3737/.kube/cache/discovery/34.126.176.50/v1} finished
2025/06/18 19:35:05 discover.go:26: bus: -> Discover /home/diomedes3737/.kube/cache/discovery/34.126.176.50/warden.gke.io
2025/06/18 19:35:05 discover.go:26: bus: -> Discover /home/diomedes3737/.kube/cache/discovery/34.126.176.50/warden.gke.io/v1
2025/06/18 19:35:05 walker.go:217: walking of {file:///home/diomedes3737/.kube/cache/discovery/34.126.176.50/warden.gke.io/v1} finished
2025/06/18 19:35:05 walker.go:217: walking of {file:///home/diomedes3737/.kube/cache/discovery/34.126.176.50/warden.gke.io} finished
2025/06/18 19:35:05 walker.go:217: walking of {file:///home/diomedes3737/.kube/cache/discovery/34.126.176.50} finished
2025/06/18 19:35:05 walker.go:217: walking of {file:///home/diomedes3737/.kube/cache/discovery} finished
2025/06/18 19:35:05 discover.go:26: bus: -> Discover /home/diomedes3737/.kube/cache/http
2025/06/18 19:35:05 discover.go:26: bus: -> Discover /home/diomedes3737/.kube/cache/http/.diskv-temp
2025/06/18 19:35:05 walker.go:217: walking of {file:///home/diomedes3737/.kube/cache/http/.diskv-temp} finished
2025/06/18 19:35:05 walker.go:217: walking of {file:///home/diomedes3737/.kube/cache/http} finished
2025/06/18 19:35:05 walker.go:217: walking of {file:///home/diomedes3737/.kube/cache} finished
2025/06/18 19:35:05 walker.go:217: walking of {file:///home/diomedes3737/.kube} finished
2025/06/18 19:35:05 discover.go:26: bus: -> Discover /home/diomedes3737/.npm
2025/06/18 19:35:05 discover.go:26: bus: -> Discover /home/diomedes3737/.npm/_logs
2025/06/18 19:35:05 walker.go:217: walking of {file:///home/diomedes3737/.npm/_logs} finished
2025/06/18 19:35:05 walker.go:217: walking of {file:///home/diomedes3737/.npm} finished
2025/06/18 19:35:05 discover.go:26: bus: -> Discover /home/diomedes3737/.terraform.d
2025/06/18 19:35:05 walker.go:217: walking of {file:///home/diomedes3737/.terraform.d} finished
2025/06/18 19:35:05 walker.go:204: skipping ignored dir name: .vscode
2025/06/18 19:35:05 discover.go:26: bus: -> Discover /home/diomedes3737/dags
2025/06/18 19:35:05 walker.go:217: walking of {file:///home/diomedes3737/dags} finished
2025/06/18 19:35:05 discover.go:26: bus: -> Discover /home/diomedes3737/terraform
2025/06/18 19:35:05 events.go:36: discovered root module file in /home/diomedes3737/terraform
2025/06/18 19:35:05 events.go:30: discovered module file in /home/diomedes3737/terraform
2025/06/18 19:35:05 walker.go:204: skipping ignored dir name: .git
2025/06/18 19:35:05 discover.go:26: bus: -> Discover /home/diomedes3737/terraform/.terraform
2025/06/18 19:35:05 events.go:23: discovered variable file in /home/diomedes3737/terraform
2025/06/18 19:35:05 events.go:24: discovered root module in file:///home/diomedes3737/terraform
2025/06/18 19:35:05 discover.go:26: bus: -> Discover /home/diomedes3737/terraform/.terraform/providers
2025/06/18 19:35:05 discover.go:26: bus: -> Discover /home/diomedes3737/terraform/.terraform/providers/registry.terraform.io
2025/06/18 19:35:05 discover.go:26: bus: -> Discover /home/diomedes3737/terraform/.terraform/providers/registry.terraform.io/hashicorp
2025/06/18 19:35:05 discover.go:26: bus: -> Discover /home/diomedes3737/terraform/.terraform/providers/registry.terraform.io/hashicorp/google
2025/06/18 19:35:05 discover.go:26: bus: -> Discover /home/diomedes3737/terraform/.terraform/providers/registry.terraform.io/hashicorp/google/6.39.0
2025/06/18 19:35:05 discover.go:26: bus: -> Discover /home/diomedes3737/terraform/.terraform/providers/registry.terraform.io/hashicorp/google/6.39.0/linux_amd64
2025/06/18 19:35:05 walker.go:217: walking of {file:///home/diomedes3737/terraform/.terraform/providers/registry.terraform.io/hashicorp/google/6.39.0/linux_amd64} finished
2025/06/18 19:35:05 walker.go:217: walking of {file:///home/diomedes3737/terraform/.terraform/providers/registry.terraform.io/hashicorp/google/6.39.0} finished
2025/06/18 19:35:05 walker.go:217: walking of {file:///home/diomedes3737/terraform/.terraform/providers/registry.terraform.io/hashicorp/google} finished
2025/06/18 19:35:05 discover.go:26: bus: -> Discover /home/diomedes3737/terraform/.terraform/providers/registry.terraform.io/hashicorp/google-beta
2025/06/18 19:35:05 discover.go:26: bus: -> Discover /home/diomedes3737/terraform/.terraform/providers/registry.terraform.io/hashicorp/google-beta/6.39.0
2025/06/18 19:35:05 discover.go:26: bus: -> Discover /home/diomedes3737/terraform/.terraform/providers/registry.terraform.io/hashicorp/google-beta/6.39.0/linux_amd64
2025/06/18 19:35:05 walker.go:217: walking of {file:///home/diomedes3737/terraform/.terraform/providers/registry.terraform.io/hashicorp/google-beta/6.39.0/linux_amd64} finished
2025/06/18 19:35:05 walker.go:217: walking of {file:///home/diomedes3737/terraform/.terraform/providers/registry.terraform.io/hashicorp/google-beta/6.39.0} finished
2025/06/18 19:35:05 walker.go:217: walking of {file:///home/diomedes3737/terraform/.terraform/providers/registry.terraform.io/hashicorp/google-beta} finished
2025/06/18 19:35:05 discover.go:26: bus: -> Discover /home/diomedes3737/terraform/.terraform/providers/registry.terraform.io/hashicorp/helm
2025/06/18 19:35:05 discover.go:26: bus: -> Discover /home/diomedes3737/terraform/.terraform/providers/registry.terraform.io/hashicorp/helm/2.17.0
2025/06/18 19:35:05 discover.go:26: bus: -> Discover /home/diomedes3737/terraform/.terraform/providers/registry.terraform.io/hashicorp/helm/2.17.0/linux_amd64
2025/06/18 19:35:05 walker.go:217: walking of {file:///home/diomedes3737/terraform/.terraform/providers/registry.terraform.io/hashicorp/helm/2.17.0/linux_amd64} finished
2025/06/18 19:35:05 walker.go:217: walking of {file:///home/diomedes3737/terraform/.terraform/providers/registry.terraform.io/hashicorp/helm/2.17.0} finished
2025/06/18 19:35:05 walker.go:217: walking of {file:///home/diomedes3737/terraform/.terraform/providers/registry.terraform.io/hashicorp/helm} finished
2025/06/18 19:35:05 discover.go:26: bus: -> Discover /home/diomedes3737/terraform/.terraform/providers/registry.terraform.io/hashicorp/kubernetes
2025/06/18 19:35:05 discover.go:26: bus: -> Discover /home/diomedes3737/terraform/.terraform/providers/registry.terraform.io/hashicorp/kubernetes/2.37.1
2025/06/18 19:35:05 discover.go:26: bus: -> Discover /home/diomedes3737/terraform/.terraform/providers/registry.terraform.io/hashicorp/kubernetes/2.37.1/linux_amd64
2025/06/18 19:35:05 walker.go:217: walking of {file:///home/diomedes3737/terraform/.terraform/providers/registry.terraform.io/hashicorp/kubernetes/2.37.1/linux_amd64} finished
2025/06/18 19:35:05 walker.go:217: walking of {file:///home/diomedes3737/terraform/.terraform/providers/registry.terraform.io/hashicorp/kubernetes/2.37.1} finished
2025/06/18 19:35:05 walker.go:217: walking of {file:///home/diomedes3737/terraform/.terraform/providers/registry.terraform.io/hashicorp/kubernetes} finished
2025/06/18 19:35:05 discover.go:26: bus: -> Discover /home/diomedes3737/terraform/.terraform/providers/registry.terraform.io/hashicorp/local
2025/06/18 19:35:05 discover.go:26: bus: -> Discover /home/diomedes3737/terraform/.terraform/providers/registry.terraform.io/hashicorp/local/2.5.3
2025/06/18 19:35:05 discover.go:26: bus: -> Discover /home/diomedes3737/terraform/.terraform/providers/registry.terraform.io/hashicorp/local/2.5.3/linux_amd64
2025/06/18 19:35:05 walker.go:217: walking of {file:///home/diomedes3737/terraform/.terraform/providers/registry.terraform.io/hashicorp/local/2.5.3/linux_amd64} finished
2025/06/18 19:35:05 walker.go:217: walking of {file:///home/diomedes3737/terraform/.terraform/providers/registry.terraform.io/hashicorp/local/2.5.3} finished
2025/06/18 19:35:05 walker.go:217: walking of {file:///home/diomedes3737/terraform/.terraform/providers/registry.terraform.io/hashicorp/local} finished
2025/06/18 19:35:05 walker.go:217: walking of {file:///home/diomedes3737/terraform/.terraform/providers/registry.terraform.io/hashicorp} finished
2025/06/18 19:35:05 walker.go:217: walking of {file:///home/diomedes3737/terraform/.terraform/providers/registry.terraform.io} finished
2025/06/18 19:35:05 walker.go:217: walking of {file:///home/diomedes3737/terraform/.terraform/providers} finished
2025/06/18 19:35:05 walker.go:217: walking of {file:///home/diomedes3737/terraform/.terraform} finished
2025/06/18 19:35:05 walker.go:217: walking of {file:///home/diomedes3737/terraform} finished
2025/06/18 19:35:05 walker.go:217: walking of {file:///home/diomedes3737} finished
2025/06/18 19:35:05 walker.go:145: walker: walking through {"file:///home/diomedes3737"} finished
Started client
2025/06/18 19:35:05 opts.go:215: Received request batch of size 1 (qlen=0)
2025/06/18 19:35:05 opts.go:215: Dequeued request batch of length 1 (qlen=0)
2025/06/18 19:35:05 rpc_logger.go:32: Incoming notification for "initialized": {}
2025/06/18 19:35:05 opts.go:215: Posting server call "client/registerCapability" {"registrations":[{"id":"8ec19a80-90c0-0de6-b19e-6b1e415317ba","method":"workspace/didChangeWatchedFiles","registerOptions":{"watchers":[{"globPattern":"**/.terraform","kind":3},{"globPattern":"**/.terraform/modules/modules.json"},{"globPattern":"**/.terraform.lock.hcl"},{"globPattern":"**/.terraform/plugins/selections.json"},{"globPattern":"**/.terraform/plugins/linux_amd64/lock.json"}]}}]}
2025/06/18 19:35:08 opts.go:215: Received response for callback "1"
Client: Running --> Stopped
2025/06/18 20:07:19 opts.go:215: Received request batch of size 1 (qlen=0)
2025/06/18 20:07:19 opts.go:215: Dequeued request batch of length 1 (qlen=0)
2025/06/18 20:07:19 rpc_logger.go:32: Incoming request for "shutdown" (ID 1): 
2025/06/18 20:07:19 service.go:634: stopping closedDirWalker for session ...
2025/06/18 20:07:19 service.go:636: closedDirWalker stopped
2025/06/18 20:07:19 service.go:639: stopping openDirWalker for session ...
2025/06/18 20:07:19 service.go:641: openDirWalker stopped
2025/06/18 20:07:19 scheduler.go:63: stopped scheduler
2025/06/18 20:07:19 scheduler.go:63: stopped scheduler
2025/06/18 20:07:19 modules_feature.go:117: stopped modules feature
2025/06/18 20:07:19 root_modules_feature.go:113: stopped root modules feature
2025/06/18 20:07:19 variables_feature.go:103: stopped variables feature
2025/06/18 20:07:19 stacks_feature.go:103: stopped stacks feature
2025/06/18 20:07:19 tests_feature.go:102: stopped tests feature
2025/06/18 20:07:19 rpc_logger.go:53: Response to "shutdown" (ID 1): null
2025/06/18 20:07:19 opts.go:215: Completed 1 requests [389.871s elapsed]
