2025-06-18 16:19:42.024 [info] Extension host with pid 1247 started
2025-06-18 16:19:42.024 [error] Error: EEXIST: file already exists, open '/home/diomedes3737/.codeoss/data/User/workspaceStorage/e0092ac/vscode.lock'
2025-06-18 16:19:42.039 [info] Lock '/home/diomedes3737/.codeoss/data/User/workspaceStorage/e0092ac/vscode.lock': Could not acquire lock, checking if the file is stale.
2025-06-18 16:19:42.040 [info] Lock '/home/diomedes3737/.codeoss/data/User/workspaceStorage/e0092ac/vscode.lock': The pid 2186 appears to be gone.
2025-06-18 16:19:42.040 [info] Lock '/home/diomedes3737/.codeoss/data/User/workspaceStorage/e0092ac/vscode.lock': Deleting a stale lock.
2025-06-18 16:19:42.051 [info] Lock '/home/diomedes3737/.codeoss/data/User/workspaceStorage/e0092ac/vscode.lock': Lock acquired.
2025-06-18 16:19:42.123 [info] ExtensionService#_doActivateExtension vscode.emmet, startup: false, activationEvent: 'onLanguage'
2025-06-18 16:19:42.124 [info] ExtensionService#_doActivateExtension ms-python.python, startup: false, activationEvent: 'onLanguage:python'
2025-06-18 16:19:42.125 [info] ExtensionService#_doActivateExtension vscode.configuration-editing, startup: false, activationEvent: 'onLanguage:jsonc'
2025-06-18 16:19:42.125 [info] ExtensionService#_doActivateExtension vscode.json-language-features, startup: false, activationEvent: 'onLanguage:jsonc'
2025-06-18 16:19:42.126 [info] ExtensionService#_doActivateExtension vscode.typescript-language-features, startup: false, activationEvent: 'onLanguage:jsonc'
2025-06-18 16:19:42.808 [error] Error: spawn /google/devshell/editor/code-oss-for-cloud-shell/extensions/ms-python.python/python-env-tools/bin/pet ENOENT
	at ChildProcess._handle.onexit (node:internal/child_process:285:19)
	at onErrorNT (node:internal/child_process:483:16)
	at process.processTicksAndRejections (node:internal/process/task_queues:82:21)
2025-06-18 16:19:43.046 [info] ExtensionService#_doActivateExtension vscode.git-base, startup: true, activationEvent: '*', root cause: vscode.git
2025-06-18 16:19:43.105 [info] ExtensionService#_doActivateExtension vscode.git, startup: true, activationEvent: '*'
2025-06-18 16:19:43.105 [info] ExtensionService#_doActivateExtension vscode.github, startup: true, activationEvent: '*'
2025-06-18 16:19:43.478 [info] ExtensionService#_doActivateExtension hashicorp.terraform, startup: true, activationEvent: 'workspaceContains:**/*.tf,**/*.tfvars'
2025-06-18 16:19:44.080 [warning] [Decorations] CAPPING events from decorations provider vscode.git 943
2025-06-18 16:19:44.673 [info] ExtensionService#_doActivateExtension vscode.github-authentication, startup: false, activationEvent: 'onAuthenticationRequest:github'
2025-06-18 16:19:44.855 [warning] [Decorations] CAPPING events from decorations provider vscode.git 944
2025-06-18 16:19:45.349 [info] Eager extensions activated
2025-06-18 16:19:45.349 [info] ExtensionService#_doActivateExtension EditorConfig.EditorConfig, startup: false, activationEvent: 'onStartupFinished'
2025-06-18 16:19:45.350 [info] ExtensionService#_doActivateExtension google.cloud-shell, startup: false, activationEvent: 'onStartupFinished'
2025-06-18 16:19:45.350 [info] ExtensionService#_doActivateExtension google.geminicodeassist, startup: false, activationEvent: 'onStartupFinished', root cause: googlecloudtools.cloudcode
2025-06-18 16:19:45.350 [info] ExtensionService#_doActivateExtension vscode.debug-auto-launch, startup: false, activationEvent: 'onStartupFinished'
2025-06-18 16:19:45.351 [info] ExtensionService#_doActivateExtension vscode.merge-conflict, startup: false, activationEvent: 'onStartupFinished'
2025-06-18 16:19:46.888 [warning] [Decorations] CAPPING events from decorations provider vscode.git 945
2025-06-18 16:19:47.253 [info] ExtensionService#_doActivateExtension googlecloudtools.cloudcode, startup: false, activationEvent: 'onStartupFinished'
2025-06-18 16:19:51.971 [warning] [Decorations] CAPPING events from decorations provider vscode.git 950
2025-06-18 16:19:58.578 [warning] [Decorations] CAPPING events from decorations provider vscode.git 912
