2025-06-19 03:14:16.184 [info] [main] Log level: Info
2025-06-19 03:14:16.184 [info] [main] Validating found git in: "git"
2025-06-19 03:14:16.184 [info] [main] Using git "2.43.0" from "git"
2025-06-19 03:14:16.184 [info] [Model][doInitialScan] Initial repository scan started
2025-06-19 03:14:16.184 [info] > git rev-parse --show-toplevel [9ms]
2025-06-19 03:14:16.184 [info] > git rev-parse --git-dir --git-common-dir [3ms]
2025-06-19 03:14:16.184 [info] [Model][openRepository] Opened repository: /home/diomedes3737
2025-06-19 03:14:16.184 [info] > git config --get commit.template [9ms]
2025-06-19 03:14:16.192 [info] > git for-each-ref --format=%(refname)%00%(upstream:short)%00%(objectname)%00%(upstream:track)%00%(upstream:remotename)%00%(upstream:remoteref) refs/heads/main refs/remotes/main [3ms]
2025-06-19 03:14:16.211 [info] > git rev-parse --show-toplevel [14ms]
2025-06-19 03:14:16.217 [info] > git for-each-ref --sort -committerdate --format %(refname)%00%(objectname)%00%(*objectname) [7ms]
2025-06-19 03:14:16.219 [info] > git rev-parse --show-toplevel [3ms]
2025-06-19 03:14:16.225 [info] > git status -z -uall [21ms]
2025-06-19 03:14:16.259 [info] > git for-each-ref --format=%(refname)%00%(upstream:short)%00%(objectname)%00%(upstream:track)%00%(upstream:remotename)%00%(upstream:remoteref) refs/heads/main refs/remotes/main [10ms]
2025-06-19 03:14:16.265 [info] > git rev-parse --show-toplevel [41ms]
2025-06-19 03:14:16.292 [info] > git config --get --local branch.main.vscode-merge-base [26ms]
2025-06-19 03:14:16.292 [warning] [Git][config] git config failed: Failed to execute git
2025-06-19 03:14:16.297 [info] > git config --get commit.template [39ms]
2025-06-19 03:14:16.301 [info] > git rev-parse --show-toplevel [10ms]
2025-06-19 03:14:16.312 [info] > git reflog main --grep-reflog=branch: Created from *. [15ms]
2025-06-19 03:14:16.320 [info] > git rev-parse --show-toplevel [9ms]
2025-06-19 03:14:16.320 [info] > git for-each-ref --format=%(refname)%00%(upstream:short)%00%(objectname)%00%(upstream:track)%00%(upstream:remotename)%00%(upstream:remoteref) refs/heads/main refs/remotes/main [15ms]
2025-06-19 03:14:16.326 [info] > git symbolic-ref --short refs/remotes/origin/HEAD [8ms]
2025-06-19 03:14:16.326 [info] fatal: ref refs/remotes/origin/HEAD is not a symbolic ref
2025-06-19 03:14:16.327 [warning] [Repository][getDefaultBranch] Failed to get default branch details: Failed to execute git.
2025-06-19 03:14:16.334 [info] > git rev-parse --show-toplevel [8ms]
2025-06-19 03:14:16.335 [info] > git merge-base refs/heads/main refs/remotes/clean-origin/main [2ms]
2025-06-19 03:14:16.354 [info] > git rev-parse --show-toplevel [10ms]
2025-06-19 03:14:16.354 [info] > git diff --name-status -z --diff-filter=ADMR b282a6bb91e66435f194500c8047f9857e6c115c...refs/remotes/clean-origin/main [14ms]
2025-06-19 03:14:16.360 [info] > git for-each-ref --sort -committerdate --format %(refname)%00%(objectname)%00%(*objectname) [8ms]
2025-06-19 03:14:16.362 [info] > git rev-parse --show-toplevel [3ms]
2025-06-19 03:14:16.367 [info] > git status -z -uall [18ms]
2025-06-19 03:14:16.372 [info] > git rev-parse --show-toplevel [6ms]
2025-06-19 03:14:16.378 [info] > git rev-parse --show-toplevel [1ms]
2025-06-19 03:14:16.384 [info] > git rev-parse --show-toplevel [1ms]
2025-06-19 03:14:16.385 [info] [Model][doInitialScan] Initial repository scan completed - repositories (1), closed repositories (0), parent repositories (0), unsafe repositories (0)
2025-06-19 03:14:16.819 [info] > git check-ignore -v -z --stdin [2ms]
2025-06-19 03:14:17.527 [info] > git check-ignore -v -z --stdin [2ms]
2025-06-19 03:14:24.197 [info] > git check-ignore -v -z --stdin [7ms]
2025-06-19 03:15:01.714 [info] > git show --textconv :dags/scd2.py [113ms]
2025-06-19 03:15:01.715 [info] > git ls-files --stage -- dags/scd2.py [106ms]
2025-06-19 03:15:01.728 [info] > git cat-file -s 7f93fe2f8479a36398c6fd51ed864f9b2ee1213b [7ms]
2025-06-19 03:17:11.355 [info] > git check-ignore -v -z --stdin [2ms]
2025-06-19 03:22:35.887 [info] > git config --get commit.template [10ms]
2025-06-19 03:22:35.887 [info] > git for-each-ref --format=%(refname)%00%(upstream:short)%00%(objectname)%00%(upstream:track)%00%(upstream:remotename)%00%(upstream:remoteref) refs/heads/main refs/remotes/main [2ms]
2025-06-19 03:22:35.907 [info] > git for-each-ref --sort -committerdate --format %(refname)%00%(objectname)%00%(*objectname) [3ms]
2025-06-19 03:22:35.916 [info] > git status -z -uall [19ms]
2025-06-19 03:22:35.939 [info] > git merge-base refs/heads/main refs/remotes/clean-origin/main [3ms]
2025-06-19 03:22:35.947 [info] > git ls-files --stage -- dags/scd2.py [30ms]
2025-06-19 03:22:35.956 [info] > git diff --name-status -z --diff-filter=ADMR 133c21d5115a358167e61d352bbc883e711dbf32...refs/remotes/clean-origin/main [10ms]
2025-06-19 03:22:35.957 [info] > git cat-file -s 7f93fe2f8479a36398c6fd51ed864f9b2ee1213b [3ms]
2025-06-19 03:22:36.154 [info] > git show --textconv :dags/scd2.py [3ms]
2025-06-19 03:22:44.702 [info] > git config --get commit.template [2ms]
2025-06-19 03:22:44.711 [info] > git for-each-ref --format=%(refname)%00%(upstream:short)%00%(objectname)%00%(upstream:track)%00%(upstream:remotename)%00%(upstream:remoteref) refs/heads/main refs/remotes/main [2ms]
2025-06-19 03:22:44.729 [info] > git for-each-ref --sort -committerdate --format %(refname)%00%(objectname)%00%(*objectname) [3ms]
2025-06-19 03:22:44.730 [info] > git status -z -uall [11ms]
2025-06-19 03:31:45.838 [info] > git config --get commit.template [9ms]
2025-06-19 03:31:45.840 [info] > git for-each-ref --format=%(refname)%00%(upstream:short)%00%(objectname)%00%(upstream:track)%00%(upstream:remotename)%00%(upstream:remoteref) refs/heads/main refs/remotes/main [3ms]
2025-06-19 03:31:45.856 [info] > git for-each-ref --sort -committerdate --format %(refname)%00%(objectname)%00%(*objectname) [2ms]
2025-06-19 03:31:45.863 [info] > git status -z -uall [17ms]
2025-06-19 03:31:45.952 [info] > git ls-files --stage -- dags/scd2.py [2ms]
2025-06-19 03:31:45.960 [info] > git cat-file -s 7f93fe2f8479a36398c6fd51ed864f9b2ee1213b [2ms]
2025-06-19 03:31:46.078 [info] > git show --textconv :dags/scd2.py [2ms]
2025-06-19 03:33:51.353 [info] > git config --get commit.template [10ms]
2025-06-19 03:33:51.354 [info] > git for-each-ref --format=%(refname)%00%(upstream:short)%00%(objectname)%00%(upstream:track)%00%(upstream:remotename)%00%(upstream:remoteref) refs/heads/main refs/remotes/main [3ms]
2025-06-19 03:33:51.397 [info] > git status -z -uall [35ms]
2025-06-19 03:33:51.399 [info] > git for-each-ref --sort -committerdate --format %(refname)%00%(objectname)%00%(*objectname) [24ms]
