0 verbose cli /usr/local/nvm/versions/node/v22.16.0/bin/node /usr/local/nvm/versions/node/v22.16.0/bin/npm
0 verbose cli /usr/local/nvm/versions/node/v22.16.0/bin/node /usr/local/nvm/versions/node/v22.16.0/bin/npm
1 info using npm@11.4.1
1 info using npm@11.4.1
2 info using node@v22.16.0
2 info using node@v22.16.0
3 silly config load:file:/usr/local/nvm/versions/node/v22.16.0/lib/node_modules/npm/npmrc
3 silly config load:file:/usr/local/nvm/versions/node/v22.16.0/lib/node_modules/npm/npmrc
4 silly config load:file:/google/devshell/editor/code-oss-for-cloud-shell/.npmrc
4 silly config load:file:/home/diomedes3737/.npmrc
5 silly config load:file:/home/diomedes3737/.npmrc
5 silly config load:file:/usr/local/nvm/versions/node/v22.16.0/etc/npmrc
6 silly config load:file:/usr/local/nvm/versions/node/v22.16.0/etc/npmrc
6 verbose title npm config get prefix
7 verbose title npm config get prefix
7 verbose argv "config" "--loglevel" "warn" "get" "prefix"
8 verbose argv "config" "--loglevel" "warn" "get" "prefix"
8 verbose logfile logs-max:10 dir:/home/diomedes3737/.npm/_logs/2025-06-17T18_36_52_708Z-
9 verbose logfile logs-max:10 dir:/home/diomedes3737/.npm/_logs/2025-06-17T18_36_52_708Z-
9 verbose logfile /home/diomedes3737/.npm/_logs/2025-06-17T18_36_52_708Z-debug-0.log
10 verbose logfile /home/diomedes3737/.npm/_logs/2025-06-17T18_36_52_708Z-debug-0.log
11 silly logfile start cleaning logs, removing 53 files
10 silly logfile start cleaning logs, removing 53 files
11 verbose cwd /home/diomedes3737
12 verbose cwd /google/devshell/editor/code-oss-for-cloud-shell
12 verbose os Linux 6.6.87+
13 verbose os Linux 6.6.87+
14 verbose node v22.16.0
13 verbose node v22.16.0
15 verbose npm  v11.4.1
14 verbose npm  v11.4.1
16 verbose exit 0
17 info ok
15 verbose exit 0
16 info ok
