2025-06-19 03:23:06.161 [info] [main] Log level: Info
2025-06-19 03:23:06.161 [info] [main] Validating found git in: "git"
2025-06-19 03:23:06.161 [info] [main] Using git "2.43.0" from "git"
2025-06-19 03:23:06.161 [info] [Model][doInitialScan] Initial repository scan started
2025-06-19 03:23:06.161 [info] > git rev-parse --show-toplevel [21ms]
2025-06-19 03:23:06.161 [info] > git rev-parse --git-dir --git-common-dir [4ms]
2025-06-19 03:23:06.161 [info] [Model][openRepository] Opened repository: /home/diomedes3737
2025-06-19 03:23:06.163 [info] > git config --get commit.template [8ms]
2025-06-19 03:23:06.169 [info] > git rev-parse --show-toplevel [9ms]
2025-06-19 03:23:06.185 [info] > git for-each-ref --format=%(refname)%00%(upstream:short)%00%(objectname)%00%(upstream:track)%00%(upstream:remotename)%00%(upstream:remoteref) refs/heads/main refs/remotes/main [10ms]
2025-06-19 03:23:06.257 [info] > git rev-parse --show-toplevel [56ms]
2025-06-19 03:23:06.291 [info] > git status -z -uall [51ms]
2025-06-19 03:23:06.292 [info] > git for-each-ref --sort -committerdate --format %(refname)%00%(objectname)%00%(*objectname) [44ms]
2025-06-19 03:23:06.428 [info] > git for-each-ref --format=%(refname)%00%(upstream:short)%00%(objectname)%00%(upstream:track)%00%(upstream:remotename)%00%(upstream:remoteref) refs/heads/main refs/remotes/main [104ms]
2025-06-19 03:23:06.434 [info] > git rev-parse --show-toplevel [146ms]
2025-06-19 03:23:06.666 [info] > git config --get --local branch.main.vscode-merge-base [233ms]
2025-06-19 03:23:06.667 [warning] [Git][config] git config failed: Failed to execute git
2025-06-19 03:23:06.674 [info] > git config --get commit.template [323ms]
2025-06-19 03:23:06.685 [info] > git reflog main --grep-reflog=branch: Created from *. [14ms]
2025-06-19 03:23:06.689 [info] > git rev-parse --show-toplevel [76ms]
2025-06-19 03:23:06.708 [info] > git check-ignore -v -z --stdin [12ms]
2025-06-19 03:23:06.709 [info] > git symbolic-ref --short refs/remotes/origin/HEAD [21ms]
2025-06-19 03:23:06.709 [info] fatal: ref refs/remotes/origin/HEAD is not a symbolic ref
2025-06-19 03:23:06.709 [warning] [Repository][getDefaultBranch] Failed to get default branch details: Failed to execute git.
2025-06-19 03:23:06.721 [info] > git rev-parse --show-toplevel [16ms]
2025-06-19 03:23:06.721 [info] > git for-each-ref --format=%(refname)%00%(upstream:short)%00%(objectname)%00%(upstream:track)%00%(upstream:remotename)%00%(upstream:remoteref) refs/heads/main refs/remotes/main [20ms]
2025-06-19 03:23:06.726 [info] > git merge-base refs/heads/main refs/remotes/clean-origin/main [13ms]
2025-06-19 03:23:06.745 [info] > git rev-parse --show-toplevel [20ms]
2025-06-19 03:23:06.760 [info] > git diff --name-status -z --diff-filter=ADMR 133c21d5115a358167e61d352bbc883e711dbf32...refs/remotes/clean-origin/main [28ms]
2025-06-19 03:23:06.772 [info] > git rev-parse --show-toplevel [14ms]
2025-06-19 03:23:07.129 [info] > git status -z -uall [363ms]
2025-06-19 03:23:07.129 [info] > git for-each-ref --sort -committerdate --format %(refname)%00%(objectname)%00%(*objectname) [358ms]
2025-06-19 03:23:07.138 [info] > git rev-parse --show-toplevel [355ms]
2025-06-19 03:23:07.164 [info] > git rev-parse --show-toplevel [13ms]
2025-06-19 03:23:07.174 [info] > git rev-parse --show-toplevel [4ms]
2025-06-19 03:23:07.194 [info] > git rev-parse --show-toplevel [3ms]
2025-06-19 03:23:07.206 [info] > git rev-parse --show-toplevel [2ms]
2025-06-19 03:23:07.207 [info] [Model][doInitialScan] Initial repository scan completed - repositories (1), closed repositories (0), parent repositories (0), unsafe repositories (0)
2025-06-19 03:23:07.225 [info] > git show --textconv :dags/scd2.py [11ms]
2025-06-19 03:23:07.227 [info] > git ls-files --stage -- dags/scd2.py [5ms]
2025-06-19 03:23:07.238 [info] > git cat-file -s 7f93fe2f8479a36398c6fd51ed864f9b2ee1213b [3ms]
2025-06-19 03:23:09.858 [info] > git config --get commit.template [14ms]
2025-06-19 03:23:09.884 [info] > git for-each-ref --format=%(refname)%00%(upstream:short)%00%(objectname)%00%(upstream:track)%00%(upstream:remotename)%00%(upstream:remoteref) refs/heads/main refs/remotes/main [3ms]
2025-06-19 03:23:09.915 [info] > git status -z -uall [23ms]
2025-06-19 03:23:09.915 [info] > git for-each-ref --sort -committerdate --format %(refname)%00%(objectname)%00%(*objectname) [14ms]
2025-06-19 03:23:11.226 [info] > git check-ignore -v -z --stdin [10ms]
2025-06-19 03:23:15.402 [info] > git config --get commit.template [10ms]
2025-06-19 03:23:15.421 [info] > git for-each-ref --format=%(refname)%00%(upstream:short)%00%(objectname)%00%(upstream:track)%00%(upstream:remotename)%00%(upstream:remoteref) refs/heads/main refs/remotes/main [3ms]
2025-06-19 03:23:15.453 [info] > git for-each-ref --sort -committerdate --format %(refname)%00%(objectname)%00%(*objectname) [4ms]
2025-06-19 03:23:15.454 [info] > git status -z -uall [17ms]
