2025-06-19 02:44:21.336 [info] [main] Log level: Info
2025-06-19 02:44:21.336 [info] [main] Validating found git in: "git"
2025-06-19 02:44:21.336 [info] [main] Using git "2.43.0" from "git"
2025-06-19 02:44:21.336 [info] [Model][doInitialScan] Initial repository scan started
2025-06-19 02:44:21.336 [info] > git rev-parse --show-toplevel [4ms]
2025-06-19 02:44:21.336 [info] > git rev-parse --git-dir --git-common-dir [4ms]
2025-06-19 02:44:21.336 [info] [Model][openRepository] Opened repository: /home/diomedes3737
2025-06-19 02:44:21.338 [info] > git config --get commit.template [2ms]
2025-06-19 02:44:21.344 [info] > git for-each-ref --format=%(refname)%00%(upstream:short)%00%(objectname)%00%(upstream:track)%00%(upstream:remotename)%00%(upstream:remoteref) refs/heads/main refs/remotes/main [2ms]
2025-06-19 02:44:21.358 [info] > git for-each-ref --sort -committerdate --format %(refname)%00%(objectname)%00%(*objectname) [4ms]
2025-06-19 02:44:21.360 [info] > git rev-parse --show-toplevel [3ms]
2025-06-19 02:44:21.365 [info] > git status -z -uall [16ms]
2025-06-19 02:44:21.399 [info] > git for-each-ref --format=%(refname)%00%(upstream:short)%00%(objectname)%00%(upstream:track)%00%(upstream:remotename)%00%(upstream:remoteref) refs/heads/main refs/remotes/main [8ms]
2025-06-19 02:44:21.403 [info] > git rev-parse --show-toplevel [40ms]
2025-06-19 02:44:21.408 [info] > git config --get commit.template [8ms]
2025-06-19 02:44:21.409 [info] > git config --get --local branch.main.vscode-merge-base [5ms]
2025-06-19 02:44:21.409 [warning] [Git][config] git config failed: Failed to execute git
2025-06-19 02:44:21.417 [info] > git rev-parse --show-toplevel [10ms]
2025-06-19 02:44:21.417 [info] > git reflog main --grep-reflog=branch: Created from *. [5ms]
2025-06-19 02:44:21.424 [info] > git for-each-ref --format=%(refname)%00%(upstream:short)%00%(objectname)%00%(upstream:track)%00%(upstream:remotename)%00%(upstream:remoteref) refs/heads/main refs/remotes/main [8ms]
2025-06-19 02:44:21.437 [info] > git for-each-ref --sort -committerdate --format %(refname)%00%(objectname)%00%(*objectname) [7ms]
2025-06-19 02:44:21.438 [info] > git rev-parse --show-toplevel [15ms]
2025-06-19 02:44:21.438 [info] > git symbolic-ref --short refs/remotes/origin/HEAD [18ms]
2025-06-19 02:44:21.439 [info] fatal: ref refs/remotes/origin/HEAD is not a symbolic ref
2025-06-19 02:44:21.439 [warning] [Repository][getDefaultBranch] Failed to get default branch details: Failed to execute git.
2025-06-19 02:44:21.443 [info] > git status -z -uall [17ms]
2025-06-19 02:44:21.448 [info] > git rev-parse --show-toplevel [6ms]
2025-06-19 02:44:21.453 [info] > git rev-parse --show-toplevel [2ms]
2025-06-19 02:44:21.457 [info] > git rev-parse --show-toplevel [1ms]
2025-06-19 02:44:21.462 [info] > git rev-parse --show-toplevel [2ms]
2025-06-19 02:44:21.466 [info] > git rev-parse --show-toplevel [1ms]
2025-06-19 02:44:21.471 [info] > git rev-parse --show-toplevel [2ms]
2025-06-19 02:44:21.475 [info] > git rev-parse --show-toplevel [1ms]
2025-06-19 02:44:21.476 [info] [Model][doInitialScan] Initial repository scan completed - repositories (1), closed repositories (0), parent repositories (0), unsafe repositories (0)
2025-06-19 02:44:22.063 [info] > git check-ignore -v -z --stdin [2ms]
2025-06-19 02:44:26.228 [info] > git config --get commit.template [2ms]
2025-06-19 02:44:26.241 [info] > git for-each-ref --format=%(refname)%00%(upstream:short)%00%(objectname)%00%(upstream:track)%00%(upstream:remotename)%00%(upstream:remoteref) refs/heads/main refs/remotes/main [2ms]
2025-06-19 02:44:26.257 [info] > git for-each-ref --sort -committerdate --format %(refname)%00%(objectname)%00%(*objectname) [3ms]
2025-06-19 02:44:26.264 [info] > git status -z -uall [17ms]
2025-06-19 02:44:27.290 [info] > git check-ignore -v -z --stdin [87ms]
2025-06-19 02:44:31.501 [info] > git config --get commit.template [25ms]
2025-06-19 02:44:31.515 [info] > git for-each-ref --format=%(refname)%00%(upstream:short)%00%(objectname)%00%(upstream:track)%00%(upstream:remotename)%00%(upstream:remoteref) refs/heads/main refs/remotes/main [3ms]
2025-06-19 02:44:31.542 [info] > git for-each-ref --sort -committerdate --format %(refname)%00%(objectname)%00%(*objectname) [5ms]
2025-06-19 02:44:31.549 [info] > git status -z -uall [25ms]
2025-06-19 02:44:35.938 [info] > git show --textconv :dags/test.py [13ms]
2025-06-19 02:44:35.939 [info] > git ls-files --stage -- dags/test.py [5ms]
2025-06-19 02:44:35.949 [info] > git cat-file -s 0e4dae9d5249498a9319e251ad5f0baff214749c [2ms]
2025-06-19 02:47:53.557 [info] > git config --get commit.template [3ms]
2025-06-19 02:47:53.566 [info] > git for-each-ref --format=%(refname)%00%(upstream:short)%00%(objectname)%00%(upstream:track)%00%(upstream:remotename)%00%(upstream:remoteref) refs/heads/main refs/remotes/main [1ms]
2025-06-19 02:47:53.582 [info] > git for-each-ref --sort -committerdate --format %(refname)%00%(objectname)%00%(*objectname) [3ms]
2025-06-19 02:47:53.589 [info] > git status -z -uall [16ms]
2025-06-19 02:52:35.569 [info] > git config --get commit.template [7ms]
2025-06-19 02:52:35.570 [info] > git for-each-ref --format=%(refname)%00%(upstream:short)%00%(objectname)%00%(upstream:track)%00%(upstream:remotename)%00%(upstream:remoteref) refs/heads/main refs/remotes/main [2ms]
2025-06-19 02:52:35.584 [info] > git for-each-ref --sort -committerdate --format %(refname)%00%(objectname)%00%(*objectname) [2ms]
2025-06-19 02:52:35.592 [info] > git status -z -uall [16ms]
2025-06-19 03:11:02.011 [info] > git check-ignore -v -z --stdin [2ms]
2025-06-19 03:12:53.523 [info] > git config --get commit.template [7ms]
2025-06-19 03:12:53.524 [info] > git for-each-ref --format=%(refname)%00%(upstream:short)%00%(objectname)%00%(upstream:track)%00%(upstream:remotename)%00%(upstream:remoteref) refs/heads/main refs/remotes/main [2ms]
2025-06-19 03:12:53.540 [info] > git for-each-ref --sort -committerdate --format %(refname)%00%(objectname)%00%(*objectname) [3ms]
2025-06-19 03:12:53.547 [info] > git status -z -uall [16ms]
2025-06-19 03:12:53.565 [info] > git merge-base refs/heads/main refs/remotes/clean-origin/main [3ms]
2025-06-19 03:12:53.575 [info] > git diff --name-status -z --diff-filter=ADMR b282a6bb91e66435f194500c8047f9857e6c115c...refs/remotes/clean-origin/main [4ms]
2025-06-19 03:12:53.593 [info] > git ls-files --stage -- dags/test.py [3ms]
2025-06-19 03:12:53.600 [info] > git cat-file -s 0e4dae9d5249498a9319e251ad5f0baff214749c [2ms]
2025-06-19 03:12:53.727 [info] > git show --textconv :dags/test.py [3ms]
2025-06-19 03:12:55.095 [info] > git blame --root --incremental b282a6bb91e66435f194500c8047f9857e6c115c -- dags/test.py [2ms]
2025-06-19 03:12:58.577 [info] > git config --get commit.template [7ms]
2025-06-19 03:12:58.578 [info] > git for-each-ref --format=%(refname)%00%(upstream:short)%00%(objectname)%00%(upstream:track)%00%(upstream:remotename)%00%(upstream:remoteref) refs/heads/main refs/remotes/main [2ms]
2025-06-19 03:12:58.593 [info] > git for-each-ref --sort -committerdate --format %(refname)%00%(objectname)%00%(*objectname) [3ms]
2025-06-19 03:12:58.600 [info] > git status -z -uall [16ms]
2025-06-19 03:13:03.227 [info] > git show --textconv :dags/scd2.py [6ms]
2025-06-19 03:13:03.229 [info] > git ls-files --stage -- dags/scd2.py [3ms]
2025-06-19 03:13:03.236 [info] > git cat-file -s 7f93fe2f8479a36398c6fd51ed864f9b2ee1213b [2ms]
2025-06-19 03:19:02.011 [info] > git check-ignore -v -z --stdin [2ms]
2025-06-19 03:22:48.420 [info] > git config --get commit.template [6ms]
2025-06-19 03:22:48.422 [info] > git for-each-ref --format=%(refname)%00%(upstream:short)%00%(objectname)%00%(upstream:track)%00%(upstream:remotename)%00%(upstream:remoteref) refs/heads/main refs/remotes/main [2ms]
2025-06-19 03:22:48.437 [info] > git for-each-ref --sort -committerdate --format %(refname)%00%(objectname)%00%(*objectname) [3ms]
2025-06-19 03:22:48.439 [info] > git status -z -uall [11ms]
2025-06-19 03:22:48.453 [info] > git merge-base refs/heads/main refs/remotes/clean-origin/main [2ms]
2025-06-19 03:22:48.462 [info] > git diff --name-status -z --diff-filter=ADMR 133c21d5115a358167e61d352bbc883e711dbf32...refs/remotes/clean-origin/main [3ms]
2025-06-19 03:22:48.532 [info] > git ls-files --stage -- dags/scd2.py [2ms]
2025-06-19 03:22:48.561 [info] > git cat-file -s 7f93fe2f8479a36398c6fd51ed864f9b2ee1213b [23ms]
2025-06-19 03:22:48.841 [info] > git show --textconv :dags/scd2.py [3ms]
