2025-06-19 02:44:36.108 [warning] Dir "/home/diomedes3737/.pixi/envs" is not watchable (directory does not exist)
2025-06-19 02:44:36.108 [info] Starting Environment refresh
2025-06-19 02:44:36.108 [info] Searching for interpreters in posix paths locator
2025-06-19 02:44:36.108 [info] Searching for pyenv environments
2025-06-19 02:44:36.108 [info] Searching for conda environments
2025-06-19 02:44:36.108 [info] Searching for global virtual environments
2025-06-19 02:44:36.108 [info] Searching for custom virtual environments
2025-06-19 02:44:36.108 [info] pyenv is not installed
2025-06-19 02:44:36.108 [info] Finished searching for pyenv environments: 28 milliseconds
2025-06-19 02:44:36.108 [info] Finished searching for custom virtual envs: 27 milliseconds
2025-06-19 02:44:36.108 [info] > conda info --json
2025-06-19 02:44:36.108 [info] > hatch env show --json
2025-06-19 02:44:36.108 [info] cwd: .
2025-06-19 02:44:36.108 [info] > pyenv which python
2025-06-19 02:44:36.108 [info] cwd: .
2025-06-19 02:44:36.108 [info] Finished searching for global virtual envs: 76 milliseconds
2025-06-19 02:44:36.109 [info] Found: /bin/python --> /bin/python3.12
2025-06-19 02:44:36.113 [info] Found: /bin/python3 --> /bin/python3.12
2025-06-19 02:44:36.114 [info] Found: /bin/python3.12 --> /bin/python3.12
2025-06-19 02:44:36.152 [info] Found: /usr/bin/python --> /usr/bin/python3.12
2025-06-19 02:44:36.156 [info] Found: /usr/bin/python3 --> /usr/bin/python3.12
2025-06-19 02:44:36.157 [info] Found: /usr/bin/python3.12 --> /usr/bin/python3.12
2025-06-19 02:44:36.345 [info] Finished searching for interpreters in posix paths locator: 331 milliseconds
2025-06-19 02:44:36.346 [info] > /bin/python -I /google/devshell/editor/code-oss-for-cloud-shell/extensions/ms-python.python/python_files/get_output_via_markers.py /google/devshell/editor/code-oss-for-cloud-shell/extensions/ms-python.python/python_files/interpreterInfo.py
2025-06-19 02:44:36.362 [info] > /usr/bin/python -I /google/devshell/editor/code-oss-for-cloud-shell/extensions/ms-python.python/python_files/get_output_via_markers.py /google/devshell/editor/code-oss-for-cloud-shell/extensions/ms-python.python/python_files/interpreterInfo.py
2025-06-19 02:44:36.362 [info] Environments refresh paths discovered (event): 353 milliseconds
2025-06-19 02:44:36.362 [info] Environments refresh paths discovered: 354 milliseconds
2025-06-19 02:44:36.418 [info] Environments refresh finished (event): 410 milliseconds
2025-06-19 02:44:36.430 [info] Environment refresh took 422 milliseconds
2025-06-19 02:44:36.437 [info] Python interpreter path: /bin/python
2025-06-19 02:44:38.724 [info] Starting Jedi language server for diomedes3737.
