2025-06-18 07:39:40.321 [info] [main] Log level: Info
2025-06-18 07:39:40.321 [info] [main] Validating found git in: "git"
2025-06-18 07:39:40.321 [info] [main] Using git "2.43.0" from "git"
2025-06-18 07:39:40.321 [info] [Model][doInitialScan] Initial repository scan started
2025-06-18 07:39:40.321 [info] > git rev-parse --show-toplevel [13ms]
2025-06-18 07:39:40.321 [info] > git rev-parse --git-dir --git-common-dir [95ms]
2025-06-18 07:39:40.321 [info] [Model][openRepository] Opened repository: /home/diomedes3737
2025-06-18 07:39:40.321 [info] > git rev-parse --show-toplevel [28ms]
2025-06-18 07:39:40.321 [info] > git config --get commit.template [32ms]
2025-06-18 07:39:40.330 [info] > git rev-parse --git-dir --git-common-dir [15ms]
2025-06-18 07:39:40.335 [info] [Model][openRepository] Opened repository: /home/diomedes3737/terraform
2025-06-18 07:39:40.342 [info] > git for-each-ref --format=%(refname)%00%(upstream:short)%00%(objectname)%00%(upstream:track)%00%(upstream:remotename)%00%(upstream:remoteref) refs/heads/master refs/remotes/master [15ms]
2025-06-18 07:39:40.343 [warning] [Git][getBranch] No such branch: master
2025-06-18 07:39:42.473 [info] > git status -z -uall [2125ms]
2025-06-18 07:39:42.474 [info] > git config --get commit.template [2131ms]
2025-06-18 07:39:42.564 [info] > git for-each-ref --sort -committerdate --format %(refname)%00%(objectname)%00%(*objectname) [2210ms]
2025-06-18 07:39:42.870 [info] > git for-each-ref --format=%(refname)%00%(upstream:short)%00%(objectname)%00%(upstream:track)%00%(upstream:remotename)%00%(upstream:remoteref) refs/heads/master refs/remotes/master [272ms]
2025-06-18 07:39:42.870 [warning] [Git][getBranch] No such branch: master
2025-06-18 07:39:42.871 [error] [GitHistoryProvider][resolveHEADMergeBase] Failed to resolve merge base for master: Error: No such branch: master.
2025-06-18 07:39:42.872 [info] > git rev-parse --show-toplevel [388ms]
2025-06-18 07:39:43.211 [info] > git config --get commit.template [548ms]
2025-06-18 07:39:43.211 [info] > git for-each-ref --format=%(refname)%00%(upstream:short)%00%(objectname)%00%(upstream:track)%00%(upstream:remotename)%00%(upstream:remoteref) refs/heads/main refs/remotes/main [588ms]
2025-06-18 07:39:43.435 [info] > git status -z -uall [216ms]
2025-06-18 07:39:43.435 [info] > git check-ignore -v -z --stdin [197ms]
2025-06-18 07:39:43.436 [info] > git check-ignore -v -z --stdin [182ms]
2025-06-18 07:39:43.437 [info] > git for-each-ref --sort -committerdate --format %(refname)%00%(objectname)%00%(*objectname) [211ms]
2025-06-18 07:39:43.452 [info] > git rev-parse --show-toplevel [309ms]
2025-06-18 07:39:43.481 [info] > git for-each-ref --format=%(refname)%00%(upstream:short)%00%(objectname)%00%(upstream:track)%00%(upstream:remotename)%00%(upstream:remoteref) refs/heads/main refs/remotes/main [31ms]
2025-06-18 07:39:43.494 [info] > git rev-parse --show-toplevel [17ms]
2025-06-18 07:39:43.495 [info] > git config --get commit.template [24ms]
2025-06-18 07:39:43.495 [info] > git for-each-ref --format=%(refname)%00%(upstream:short)%00%(objectname)%00%(upstream:track)%00%(upstream:remotename)%00%(upstream:remoteref) refs/heads/master refs/remotes/master [34ms]
2025-06-18 07:39:43.495 [warning] [Git][getBranch] No such branch: master
2025-06-18 07:39:43.525 [info] > git status -z -uall [23ms]
2025-06-18 07:39:43.528 [info] > git config --get --local branch.main.vscode-merge-base [39ms]
2025-06-18 07:39:43.528 [warning] [Git][config] git config failed: Failed to execute git
2025-06-18 07:39:43.555 [info] > git reflog main --grep-reflog=branch: Created from *. [16ms]
2025-06-18 07:39:43.562 [info] > git rev-parse --show-toplevel [44ms]
2025-06-18 07:39:43.563 [info] > git for-each-ref --sort -committerdate --format %(refname)%00%(objectname)%00%(*objectname) [52ms]
2025-06-18 07:39:43.605 [info] > git symbolic-ref --short refs/remotes/orgigin/HEAD [43ms]
2025-06-18 07:39:43.606 [info] fatal: ref refs/remotes/orgigin/HEAD is not a symbolic ref
2025-06-18 07:39:43.606 [warning] [Repository][getDefaultBranch] Failed to get default branch details: Failed to execute git.
2025-06-18 07:39:43.606 [info] > git for-each-ref --format=%(refname)%00%(upstream:short)%00%(objectname)%00%(upstream:track)%00%(upstream:remotename)%00%(upstream:remoteref) refs/heads/main refs/remotes/main [53ms]
2025-06-18 07:39:43.664 [info] > git status -z -uall [52ms]
2025-06-18 07:39:43.665 [info] > git rev-parse --show-toplevel [66ms]
2025-06-18 07:39:43.919 [info] > git for-each-ref --sort -committerdate --format %(refname)%00%(objectname)%00%(*objectname) [298ms]
2025-06-18 07:39:43.926 [info] > git rev-parse --show-toplevel [19ms]
2025-06-18 07:39:44.005 [info] > git rev-parse --show-toplevel [70ms]
2025-06-18 07:39:44.017 [info] > git rev-parse --show-toplevel [2ms]
2025-06-18 07:39:44.066 [info] > git rev-parse --show-toplevel [25ms]
2025-06-18 07:39:44.092 [info] > git rev-parse --show-toplevel [4ms]
2025-06-18 07:39:44.093 [info] [Model][doInitialScan] Initial repository scan completed - repositories (2), closed repositories (0), parent repositories (0), unsafe repositories (0)
2025-06-18 07:39:44.110 [info] > git show --textconv :main.tf [11ms]
2025-06-18 07:39:44.112 [info] > git ls-files --stage -- main.tf [5ms]
2025-06-18 07:39:44.122 [info] > git cat-file -s 8012d5c18d1a4ae5f51e28d5fd8b1de2da8a5ee2 [3ms]
2025-06-18 07:39:44.282 [info] > git blame --root --incremental 95ab591c14fcce34fe768afd8f8af3c706933ed5 -- main.tf [4ms]
2025-06-18 07:44:08.263 [info] > git check-ignore -v -z --stdin [8ms]
2025-06-18 07:44:08.264 [info] > git check-ignore -v -z --stdin [3ms]
2025-06-18 07:44:09.507 [info] > git config --get commit.template [8ms]
2025-06-18 07:44:09.507 [info] > git for-each-ref --format=%(refname)%00%(upstream:short)%00%(objectname)%00%(upstream:track)%00%(upstream:remotename)%00%(upstream:remoteref) refs/heads/master refs/remotes/master [2ms]
2025-06-18 07:44:09.507 [warning] [Git][getBranch] No such branch: master
2025-06-18 07:44:09.524 [info] > git status -z -uall [10ms]
2025-06-18 07:44:09.531 [info] > git for-each-ref --sort -committerdate --format %(refname)%00%(objectname)%00%(*objectname) [10ms]
2025-06-18 07:46:01.720 [info] > git config --get commit.template [7ms]
2025-06-18 07:46:01.720 [info] > git for-each-ref --format=%(refname)%00%(upstream:short)%00%(objectname)%00%(upstream:track)%00%(upstream:remotename)%00%(upstream:remoteref) refs/heads/master refs/remotes/master [1ms]
2025-06-18 07:46:01.720 [warning] [Git][getBranch] No such branch: master
2025-06-18 07:46:01.737 [info] > git status -z -uall [10ms]
2025-06-18 07:46:01.737 [info] > git for-each-ref --sort -committerdate --format %(refname)%00%(objectname)%00%(*objectname) [3ms]
2025-06-18 07:46:06.784 [info] > git config --get commit.template [7ms]
2025-06-18 07:46:06.785 [info] > git for-each-ref --format=%(refname)%00%(upstream:short)%00%(objectname)%00%(upstream:track)%00%(upstream:remotename)%00%(upstream:remoteref) refs/heads/master refs/remotes/master [2ms]
2025-06-18 07:46:06.785 [warning] [Git][getBranch] No such branch: master
2025-06-18 07:46:06.800 [info] > git status -z -uall [9ms]
2025-06-18 07:46:06.801 [info] > git for-each-ref --sort -committerdate --format %(refname)%00%(objectname)%00%(*objectname) [3ms]
2025-06-18 07:46:19.771 [info] > git config --get commit.template [8ms]
2025-06-18 07:46:19.772 [info] > git for-each-ref --format=%(refname)%00%(upstream:short)%00%(objectname)%00%(upstream:track)%00%(upstream:remotename)%00%(upstream:remoteref) refs/heads/master refs/remotes/master [2ms]
2025-06-18 07:46:19.772 [warning] [Git][getBranch] No such branch: master
2025-06-18 07:46:19.790 [info] > git status -z -uall [11ms]
2025-06-18 07:46:19.796 [info] > git for-each-ref --sort -committerdate --format %(refname)%00%(objectname)%00%(*objectname) [8ms]
2025-06-18 07:47:39.023 [info] > git config --get commit.template [8ms]
2025-06-18 07:47:39.024 [info] > git for-each-ref --format=%(refname)%00%(upstream:short)%00%(objectname)%00%(upstream:track)%00%(upstream:remotename)%00%(upstream:remoteref) refs/heads/master refs/remotes/master [2ms]
2025-06-18 07:47:39.024 [warning] [Git][getBranch] No such branch: master
2025-06-18 07:47:39.040 [info] > git status -z -uall [10ms]
2025-06-18 07:47:39.040 [info] > git for-each-ref --sort -committerdate --format %(refname)%00%(objectname)%00%(*objectname) [3ms]
2025-06-18 07:47:44.078 [info] > git config --get commit.template [8ms]
2025-06-18 07:47:44.079 [info] > git for-each-ref --format=%(refname)%00%(upstream:short)%00%(objectname)%00%(upstream:track)%00%(upstream:remotename)%00%(upstream:remoteref) refs/heads/master refs/remotes/master [2ms]
2025-06-18 07:47:44.079 [warning] [Git][getBranch] No such branch: master
2025-06-18 07:47:44.094 [info] > git status -z -uall [9ms]
2025-06-18 07:47:44.094 [info] > git for-each-ref --sort -committerdate --format %(refname)%00%(objectname)%00%(*objectname) [3ms]
2025-06-18 07:48:41.837 [info] > git config --get commit.template [9ms]
2025-06-18 07:48:41.838 [info] > git for-each-ref --format=%(refname)%00%(upstream:short)%00%(objectname)%00%(upstream:track)%00%(upstream:remotename)%00%(upstream:remoteref) refs/heads/master refs/remotes/master [2ms]
2025-06-18 07:48:41.838 [warning] [Git][getBranch] No such branch: master
2025-06-18 07:48:41.855 [info] > git status -z -uall [11ms]
2025-06-18 07:48:41.860 [info] > git for-each-ref --sort -committerdate --format %(refname)%00%(objectname)%00%(*objectname) [9ms]
2025-06-18 07:56:10.588 [info] > git config --get commit.template [3ms]
2025-06-18 07:56:10.597 [info] > git for-each-ref --format=%(refname)%00%(upstream:short)%00%(objectname)%00%(upstream:track)%00%(upstream:remotename)%00%(upstream:remoteref) refs/heads/master refs/remotes/master [2ms]
2025-06-18 07:56:10.597 [warning] [Git][getBranch] No such branch: master
2025-06-18 07:56:10.614 [info] > git status -z -uall [9ms]
2025-06-18 07:56:10.614 [info] > git for-each-ref --sort -committerdate --format %(refname)%00%(objectname)%00%(*objectname) [3ms]
2025-06-18 07:56:15.651 [info] > git config --get commit.template [8ms]
2025-06-18 07:56:15.652 [info] > git for-each-ref --format=%(refname)%00%(upstream:short)%00%(objectname)%00%(upstream:track)%00%(upstream:remotename)%00%(upstream:remoteref) refs/heads/master refs/remotes/master [2ms]
2025-06-18 07:56:15.652 [warning] [Git][getBranch] No such branch: master
2025-06-18 07:56:15.669 [info] > git status -z -uall [10ms]
2025-06-18 07:56:15.669 [info] > git for-each-ref --sort -committerdate --format %(refname)%00%(objectname)%00%(*objectname) [3ms]
2025-06-18 07:57:56.200 [info] > git config --get commit.template [7ms]
2025-06-18 07:57:56.201 [info] > git for-each-ref --format=%(refname)%00%(upstream:short)%00%(objectname)%00%(upstream:track)%00%(upstream:remotename)%00%(upstream:remoteref) refs/heads/master refs/remotes/master [2ms]
2025-06-18 07:57:56.201 [warning] [Git][getBranch] No such branch: master
2025-06-18 07:57:56.216 [info] > git status -z -uall [9ms]
2025-06-18 07:57:56.216 [info] > git for-each-ref --sort -committerdate --format %(refname)%00%(objectname)%00%(*objectname) [3ms]
2025-06-18 08:09:10.420 [info] > git config --get commit.template [7ms]
2025-06-18 08:09:10.420 [info] > git for-each-ref --format=%(refname)%00%(upstream:short)%00%(objectname)%00%(upstream:track)%00%(upstream:remotename)%00%(upstream:remoteref) refs/heads/master refs/remotes/master [1ms]
2025-06-18 08:09:10.421 [warning] [Git][getBranch] No such branch: master
2025-06-18 08:09:10.435 [info] > git status -z -uall [9ms]
2025-06-18 08:09:10.435 [info] > git for-each-ref --sort -committerdate --format %(refname)%00%(objectname)%00%(*objectname) [3ms]
2025-06-18 08:13:45.139 [info] > git config --get commit.template [7ms]
2025-06-18 08:13:45.140 [info] > git for-each-ref --format=%(refname)%00%(upstream:short)%00%(objectname)%00%(upstream:track)%00%(upstream:remotename)%00%(upstream:remoteref) refs/heads/master refs/remotes/master [2ms]
2025-06-18 08:13:45.141 [warning] [Git][getBranch] No such branch: master
2025-06-18 08:13:45.156 [info] > git status -z -uall [9ms]
2025-06-18 08:13:45.161 [info] > git for-each-ref --sort -committerdate --format %(refname)%00%(objectname)%00%(*objectname) [7ms]
2025-06-18 08:13:50.192 [info] > git config --get commit.template [7ms]
2025-06-18 08:13:50.199 [info] > git for-each-ref --format=%(refname)%00%(upstream:short)%00%(objectname)%00%(upstream:track)%00%(upstream:remotename)%00%(upstream:remoteref) refs/heads/master refs/remotes/master [7ms]
2025-06-18 08:13:50.199 [warning] [Git][getBranch] No such branch: master
2025-06-18 08:13:50.216 [info] > git status -z -uall [10ms]
2025-06-18 08:13:50.223 [info] > git for-each-ref --sort -committerdate --format %(refname)%00%(objectname)%00%(*objectname) [9ms]
2025-06-18 08:16:36.037 [info] > git config --get commit.template [7ms]
2025-06-18 08:16:36.038 [info] > git for-each-ref --format=%(refname)%00%(upstream:short)%00%(objectname)%00%(upstream:track)%00%(upstream:remotename)%00%(upstream:remoteref) refs/heads/master refs/remotes/master [2ms]
2025-06-18 08:16:36.038 [warning] [Git][getBranch] No such branch: master
2025-06-18 08:16:36.052 [info] > git for-each-ref --sort -committerdate --format %(refname)%00%(objectname)%00%(*objectname) [2ms]
2025-06-18 08:16:36.053 [info] > git status -z -uall [9ms]
2025-06-18 08:16:41.088 [info] > git config --get commit.template [7ms]
2025-06-18 08:16:41.089 [info] > git for-each-ref --format=%(refname)%00%(upstream:short)%00%(objectname)%00%(upstream:track)%00%(upstream:remotename)%00%(upstream:remoteref) refs/heads/master refs/remotes/master [2ms]
2025-06-18 08:16:41.089 [warning] [Git][getBranch] No such branch: master
2025-06-18 08:16:41.106 [info] > git status -z -uall [10ms]
2025-06-18 08:16:41.111 [info] > git for-each-ref --sort -committerdate --format %(refname)%00%(objectname)%00%(*objectname) [5ms]
2025-06-18 08:20:03.609 [info] > git config --get commit.template [8ms]
2025-06-18 08:20:03.610 [info] > git for-each-ref --format=%(refname)%00%(upstream:short)%00%(objectname)%00%(upstream:track)%00%(upstream:remotename)%00%(upstream:remoteref) refs/heads/master refs/remotes/master [2ms]
2025-06-18 08:20:03.610 [warning] [Git][getBranch] No such branch: master
2025-06-18 08:20:03.625 [info] > git status -z -uall [8ms]
2025-06-18 08:20:03.631 [info] > git for-each-ref --sort -committerdate --format %(refname)%00%(objectname)%00%(*objectname) [8ms]
2025-06-18 08:20:08.662 [info] > git config --get commit.template [7ms]
2025-06-18 08:20:08.663 [info] > git for-each-ref --format=%(refname)%00%(upstream:short)%00%(objectname)%00%(upstream:track)%00%(upstream:remotename)%00%(upstream:remoteref) refs/heads/master refs/remotes/master [2ms]
2025-06-18 08:20:08.663 [warning] [Git][getBranch] No such branch: master
2025-06-18 08:20:08.676 [info] > git status -z -uall [8ms]
2025-06-18 08:20:08.676 [info] > git for-each-ref --sort -committerdate --format %(refname)%00%(objectname)%00%(*objectname) [2ms]
2025-06-18 08:22:32.043 [info] > git config --get commit.template [9ms]
2025-06-18 08:22:32.044 [info] > git for-each-ref --format=%(refname)%00%(upstream:short)%00%(objectname)%00%(upstream:track)%00%(upstream:remotename)%00%(upstream:remoteref) refs/heads/master refs/remotes/master [2ms]
2025-06-18 08:22:32.044 [warning] [Git][getBranch] No such branch: master
2025-06-18 08:22:32.062 [info] > git status -z -uall [11ms]
2025-06-18 08:22:32.067 [info] > git for-each-ref --sort -committerdate --format %(refname)%00%(objectname)%00%(*objectname) [9ms]
2025-06-18 08:22:37.102 [info] > git config --get commit.template [8ms]
2025-06-18 08:22:37.103 [info] > git for-each-ref --format=%(refname)%00%(upstream:short)%00%(objectname)%00%(upstream:track)%00%(upstream:remotename)%00%(upstream:remoteref) refs/heads/master refs/remotes/master [2ms]
2025-06-18 08:22:37.103 [warning] [Git][getBranch] No such branch: master
2025-06-18 08:22:37.121 [info] > git status -z -uall [11ms]
2025-06-18 08:22:37.123 [info] > git for-each-ref --sort -committerdate --format %(refname)%00%(objectname)%00%(*objectname) [6ms]
2025-06-18 08:30:05.958 [info] > git config --get commit.template [8ms]
2025-06-18 08:30:05.959 [info] > git for-each-ref --format=%(refname)%00%(upstream:short)%00%(objectname)%00%(upstream:track)%00%(upstream:remotename)%00%(upstream:remoteref) refs/heads/master refs/remotes/master [2ms]
2025-06-18 08:30:05.959 [warning] [Git][getBranch] No such branch: master
2025-06-18 08:30:05.974 [info] > git status -z -uall [8ms]
2025-06-18 08:30:05.981 [info] > git for-each-ref --sort -committerdate --format %(refname)%00%(objectname)%00%(*objectname) [9ms]
2025-06-18 08:33:34.842 [info] > git config --get commit.template [2ms]
2025-06-18 08:33:34.850 [info] > git for-each-ref --format=%(refname)%00%(upstream:short)%00%(objectname)%00%(upstream:track)%00%(upstream:remotename)%00%(upstream:remoteref) refs/heads/master refs/remotes/master [1ms]
2025-06-18 08:33:34.851 [warning] [Git][getBranch] No such branch: master
2025-06-18 08:33:34.865 [info] > git status -z -uall [8ms]
2025-06-18 08:33:34.865 [info] > git for-each-ref --sort -committerdate --format %(refname)%00%(objectname)%00%(*objectname) [2ms]
2025-06-18 08:49:20.243 [info] > git config --get commit.template [1ms]
2025-06-18 08:49:20.253 [info] > git for-each-ref --format=%(refname)%00%(upstream:short)%00%(objectname)%00%(upstream:track)%00%(upstream:remotename)%00%(upstream:remoteref) refs/heads/master refs/remotes/master [2ms]
2025-06-18 08:49:20.254 [warning] [Git][getBranch] No such branch: master
2025-06-18 08:49:20.272 [info] > git status -z -uall [10ms]
2025-06-18 08:49:20.280 [info] > git for-each-ref --sort -committerdate --format %(refname)%00%(objectname)%00%(*objectname) [9ms]
2025-06-18 08:49:22.670 [info] > git show --textconv :main.tf [10ms]
2025-06-18 08:49:22.671 [info] > git ls-files --stage -- main.tf [3ms]
2025-06-18 08:49:22.682 [info] > git cat-file -s 8012d5c18d1a4ae5f51e28d5fd8b1de2da8a5ee2 [3ms]
2025-06-18 08:49:25.320 [info] > git config --get commit.template [9ms]
2025-06-18 08:49:25.321 [info] > git for-each-ref --format=%(refname)%00%(upstream:short)%00%(objectname)%00%(upstream:track)%00%(upstream:remotename)%00%(upstream:remoteref) refs/heads/master refs/remotes/master [2ms]
2025-06-18 08:49:25.321 [warning] [Git][getBranch] No such branch: master
2025-06-18 08:49:25.339 [info] > git status -z -uall [10ms]
2025-06-18 08:49:25.344 [info] > git for-each-ref --sort -committerdate --format %(refname)%00%(objectname)%00%(*objectname) [7ms]
2025-06-18 08:50:49.155 [info] > git config --get commit.template [2ms]
2025-06-18 08:50:49.165 [info] > git for-each-ref --format=%(refname)%00%(upstream:short)%00%(objectname)%00%(upstream:track)%00%(upstream:remotename)%00%(upstream:remoteref) refs/heads/master refs/remotes/master [1ms]
2025-06-18 08:50:49.166 [warning] [Git][getBranch] No such branch: master
2025-06-18 08:50:49.185 [info] > git status -z -uall [11ms]
2025-06-18 08:50:49.192 [info] > git for-each-ref --sort -committerdate --format %(refname)%00%(objectname)%00%(*objectname) [8ms]
2025-06-18 08:50:54.226 [info] > git config --get commit.template [10ms]
2025-06-18 08:50:54.226 [info] > git for-each-ref --format=%(refname)%00%(upstream:short)%00%(objectname)%00%(upstream:track)%00%(upstream:remotename)%00%(upstream:remoteref) refs/heads/master refs/remotes/master [2ms]
2025-06-18 08:50:54.227 [warning] [Git][getBranch] No such branch: master
2025-06-18 08:50:54.246 [info] > git status -z -uall [10ms]
2025-06-18 08:50:54.251 [info] > git for-each-ref --sort -committerdate --format %(refname)%00%(objectname)%00%(*objectname) [6ms]
2025-06-18 08:51:29.458 [info] > git config --get commit.template [2ms]
2025-06-18 08:51:29.468 [info] > git for-each-ref --format=%(refname)%00%(upstream:short)%00%(objectname)%00%(upstream:track)%00%(upstream:remotename)%00%(upstream:remoteref) refs/heads/master refs/remotes/master [2ms]
2025-06-18 08:51:29.468 [warning] [Git][getBranch] No such branch: master
2025-06-18 08:51:29.487 [info] > git status -z -uall [10ms]
2025-06-18 08:51:29.493 [info] > git for-each-ref --sort -committerdate --format %(refname)%00%(objectname)%00%(*objectname) [8ms]
2025-06-18 08:51:34.526 [info] > git config --get commit.template [9ms]
2025-06-18 08:51:34.527 [info] > git for-each-ref --format=%(refname)%00%(upstream:short)%00%(objectname)%00%(upstream:track)%00%(upstream:remotename)%00%(upstream:remoteref) refs/heads/master refs/remotes/master [2ms]
2025-06-18 08:51:34.527 [warning] [Git][getBranch] No such branch: master
2025-06-18 08:51:34.546 [info] > git status -z -uall [11ms]
2025-06-18 08:51:34.550 [info] > git for-each-ref --sort -committerdate --format %(refname)%00%(objectname)%00%(*objectname) [6ms]
2025-06-18 08:51:54.831 [info] > git ls-files --stage -- datahub-key.json [14ms]
2025-06-18 08:51:54.842 [info] > git show --textconv :datahub-key.json [34ms]
2025-06-18 08:51:54.845 [info] > git cat-file -s 5b6d2d636bf4975c10d79999dbf84657cd2e0320 [4ms]
2025-06-18 08:53:08.353 [info] > git config --get commit.template [11ms]
2025-06-18 08:53:08.354 [info] > git for-each-ref --format=%(refname)%00%(upstream:short)%00%(objectname)%00%(upstream:track)%00%(upstream:remotename)%00%(upstream:remoteref) refs/heads/master refs/remotes/master [2ms]
2025-06-18 08:53:08.354 [warning] [Git][getBranch] No such branch: master
2025-06-18 08:53:08.375 [info] > git status -z -uall [11ms]
2025-06-18 08:53:08.383 [info] > git for-each-ref --sort -committerdate --format %(refname)%00%(objectname)%00%(*objectname) [10ms]
2025-06-18 08:53:08.922 [info] > git blame --root --incremental 95ab591c14fcce34fe768afd8f8af3c706933ed5 -- datahub-key.json [4ms]
2025-06-18 08:53:13.417 [info] > git config --get commit.template [10ms]
2025-06-18 08:53:13.417 [info] > git for-each-ref --format=%(refname)%00%(upstream:short)%00%(objectname)%00%(upstream:track)%00%(upstream:remotename)%00%(upstream:remoteref) refs/heads/master refs/remotes/master [2ms]
2025-06-18 08:53:13.418 [warning] [Git][getBranch] No such branch: master
2025-06-18 08:53:13.438 [info] > git status -z -uall [11ms]
2025-06-18 08:53:13.442 [info] > git for-each-ref --sort -committerdate --format %(refname)%00%(objectname)%00%(*objectname) [5ms]
2025-06-18 08:53:14.403 [info] > git show --textconv :main.tf [11ms]
2025-06-18 08:53:14.404 [info] > git ls-files --stage -- main.tf [3ms]
2025-06-18 08:53:14.414 [info] > git cat-file -s 8012d5c18d1a4ae5f51e28d5fd8b1de2da8a5ee2 [2ms]
2025-06-18 08:53:41.966 [info] > git config --get commit.template [10ms]
2025-06-18 08:53:41.967 [info] > git for-each-ref --format=%(refname)%00%(upstream:short)%00%(objectname)%00%(upstream:track)%00%(upstream:remotename)%00%(upstream:remoteref) refs/heads/master refs/remotes/master [2ms]
2025-06-18 08:53:41.967 [warning] [Git][getBranch] No such branch: master
2025-06-18 08:53:41.987 [info] > git status -z -uall [12ms]
2025-06-18 08:53:41.992 [info] > git for-each-ref --sort -committerdate --format %(refname)%00%(objectname)%00%(*objectname) [8ms]
2025-06-18 08:53:47.027 [info] > git config --get commit.template [10ms]
2025-06-18 08:53:47.028 [info] > git for-each-ref --format=%(refname)%00%(upstream:short)%00%(objectname)%00%(upstream:track)%00%(upstream:remotename)%00%(upstream:remoteref) refs/heads/master refs/remotes/master [2ms]
2025-06-18 08:53:47.028 [warning] [Git][getBranch] No such branch: master
2025-06-18 08:53:47.049 [info] > git status -z -uall [12ms]
2025-06-18 08:53:47.053 [info] > git for-each-ref --sort -committerdate --format %(refname)%00%(objectname)%00%(*objectname) [6ms]
2025-06-18 08:54:01.512 [info] > git config --get commit.template [10ms]
2025-06-18 08:54:01.513 [info] > git for-each-ref --format=%(refname)%00%(upstream:short)%00%(objectname)%00%(upstream:track)%00%(upstream:remotename)%00%(upstream:remoteref) refs/heads/master refs/remotes/master [2ms]
2025-06-18 08:54:01.513 [warning] [Git][getBranch] No such branch: master
2025-06-18 08:54:01.533 [info] > git status -z -uall [11ms]
2025-06-18 08:54:01.539 [info] > git for-each-ref --sort -committerdate --format %(refname)%00%(objectname)%00%(*objectname) [8ms]
2025-06-18 08:54:07.408 [info] > git for-each-ref --format=%(refname)%00%(upstream:short)%00%(objectname)%00%(upstream:track)%00%(upstream:remotename)%00%(upstream:remoteref) refs/heads/main refs/remotes/main [2ms]
2025-06-18 08:54:07.409 [info] > git config --get commit.template [13ms]
2025-06-18 08:54:07.428 [info] > git status -z -uall [10ms]
2025-06-18 08:54:07.429 [info] > git for-each-ref --sort -committerdate --format %(refname)%00%(objectname)%00%(*objectname) [2ms]
2025-06-18 08:54:12.451 [info] > git config --get commit.template [10ms]
2025-06-18 08:54:12.452 [info] > git for-each-ref --format=%(refname)%00%(upstream:short)%00%(objectname)%00%(upstream:track)%00%(upstream:remotename)%00%(upstream:remoteref) refs/heads/main refs/remotes/main [2ms]
2025-06-18 08:54:12.470 [info] > git status -z -uall [10ms]
2025-06-18 08:54:12.471 [info] > git for-each-ref --sort -committerdate --format %(refname)%00%(objectname)%00%(*objectname) [2ms]
2025-06-18 08:54:26.325 [info] > git config --get commit.template [9ms]
2025-06-18 08:54:26.326 [info] > git for-each-ref --format=%(refname)%00%(upstream:short)%00%(objectname)%00%(upstream:track)%00%(upstream:remotename)%00%(upstream:remoteref) refs/heads/master refs/remotes/master [2ms]
2025-06-18 08:54:26.326 [warning] [Git][getBranch] No such branch: master
2025-06-18 08:54:26.344 [info] > git status -z -uall [10ms]
2025-06-18 08:54:26.349 [info] > git for-each-ref --sort -committerdate --format %(refname)%00%(objectname)%00%(*objectname) [6ms]
2025-06-18 08:54:31.381 [info] > git config --get commit.template [9ms]
2025-06-18 08:54:31.382 [info] > git for-each-ref --format=%(refname)%00%(upstream:short)%00%(objectname)%00%(upstream:track)%00%(upstream:remotename)%00%(upstream:remoteref) refs/heads/master refs/remotes/master [2ms]
2025-06-18 08:54:31.383 [warning] [Git][getBranch] No such branch: master
2025-06-18 08:54:31.398 [info] > git status -z -uall [8ms]
2025-06-18 08:54:31.402 [info] > git for-each-ref --sort -committerdate --format %(refname)%00%(objectname)%00%(*objectname) [6ms]
2025-06-18 08:54:44.315 [info] > git config --get commit.template [9ms]
2025-06-18 08:54:44.316 [info] > git for-each-ref --format=%(refname)%00%(upstream:short)%00%(objectname)%00%(upstream:track)%00%(upstream:remotename)%00%(upstream:remoteref) refs/heads/master refs/remotes/master [2ms]
2025-06-18 08:54:44.316 [warning] [Git][getBranch] No such branch: master
2025-06-18 08:54:44.331 [info] > git status -z -uall [8ms]
2025-06-18 08:54:44.337 [info] > git for-each-ref --sort -committerdate --format %(refname)%00%(objectname)%00%(*objectname) [7ms]
2025-06-18 08:54:59.328 [info] > git config --get commit.template [3ms]
2025-06-18 08:54:59.337 [info] > git for-each-ref --format=%(refname)%00%(upstream:short)%00%(objectname)%00%(upstream:track)%00%(upstream:remotename)%00%(upstream:remoteref) refs/heads/master refs/remotes/master [1ms]
2025-06-18 08:54:59.338 [warning] [Git][getBranch] No such branch: master
2025-06-18 08:54:59.354 [info] > git status -z -uall [9ms]
2025-06-18 08:54:59.361 [info] > git for-each-ref --sort -committerdate --format %(refname)%00%(objectname)%00%(*objectname) [8ms]
2025-06-18 08:55:06.939 [info] > git config --get commit.template [2ms]
2025-06-18 08:55:06.947 [info] > git for-each-ref --format=%(refname)%00%(upstream:short)%00%(objectname)%00%(upstream:track)%00%(upstream:remotename)%00%(upstream:remoteref) refs/heads/master refs/remotes/master [2ms]
2025-06-18 08:55:06.947 [warning] [Git][getBranch] No such branch: master
2025-06-18 08:55:06.962 [info] > git status -z -uall [8ms]
2025-06-18 08:55:06.968 [info] > git for-each-ref --sort -committerdate --format %(refname)%00%(objectname)%00%(*objectname) [7ms]
2025-06-18 08:55:12.438 [info] > git config --get commit.template [2ms]
2025-06-18 08:55:12.447 [info] > git for-each-ref --format=%(refname)%00%(upstream:short)%00%(objectname)%00%(upstream:track)%00%(upstream:remotename)%00%(upstream:remoteref) refs/heads/main refs/remotes/main [2ms]
2025-06-18 08:55:12.462 [info] > git status -z -uall [8ms]
2025-06-18 08:55:12.463 [info] > git for-each-ref --sort -committerdate --format %(refname)%00%(objectname)%00%(*objectname) [2ms]
2025-06-18 08:55:18.868 [info] > git config --get commit.template [8ms]
2025-06-18 08:55:18.869 [info] > git for-each-ref --format=%(refname)%00%(upstream:short)%00%(objectname)%00%(upstream:track)%00%(upstream:remotename)%00%(upstream:remoteref) refs/heads/main refs/remotes/main [1ms]
2025-06-18 08:55:18.886 [info] > git status -z -uall [9ms]
2025-06-18 08:55:18.887 [info] > git for-each-ref --sort -committerdate --format %(refname)%00%(objectname)%00%(*objectname) [3ms]
2025-06-18 09:09:24.350 [info] > git config --get commit.template [10ms]
2025-06-18 09:09:24.351 [info] > git config --get commit.template [2ms]
2025-06-18 09:09:24.362 [info] > git for-each-ref --format=%(refname)%00%(upstream:short)%00%(objectname)%00%(upstream:track)%00%(upstream:remotename)%00%(upstream:remoteref) refs/heads/main refs/remotes/main [6ms]
2025-06-18 09:09:24.375 [info] > git status -z -uall [7ms]
2025-06-18 09:09:24.376 [info] > git for-each-ref --format=%(refname)%00%(upstream:short)%00%(objectname)%00%(upstream:track)%00%(upstream:remotename)%00%(upstream:remoteref) refs/heads/master refs/remotes/master [14ms]
2025-06-18 09:09:24.376 [warning] [Git][getBranch] No such branch: master
2025-06-18 09:09:24.390 [info] > git for-each-ref --sort -committerdate --format %(refname)%00%(objectname)%00%(*objectname) [16ms]
2025-06-18 09:09:24.394 [info] > git status -z -uall [11ms]
2025-06-18 09:09:24.395 [info] > git for-each-ref --sort -committerdate --format %(refname)%00%(objectname)%00%(*objectname) [6ms]
2025-06-18 09:09:29.410 [info] > git config --get commit.template [8ms]
2025-06-18 09:09:29.411 [info] > git for-each-ref --format=%(refname)%00%(upstream:short)%00%(objectname)%00%(upstream:track)%00%(upstream:remotename)%00%(upstream:remoteref) refs/heads/main refs/remotes/main [2ms]
2025-06-18 09:09:29.434 [info] > git status -z -uall [16ms]
2025-06-18 09:09:29.436 [info] > git config --get commit.template [3ms]
2025-06-18 09:09:29.436 [info] > git for-each-ref --sort -committerdate --format %(refname)%00%(objectname)%00%(*objectname) [12ms]
2025-06-18 09:09:29.445 [info] > git for-each-ref --format=%(refname)%00%(upstream:short)%00%(objectname)%00%(upstream:track)%00%(upstream:remotename)%00%(upstream:remoteref) refs/heads/master refs/remotes/master [2ms]
2025-06-18 09:09:29.445 [warning] [Git][getBranch] No such branch: master
2025-06-18 09:09:29.459 [info] > git for-each-ref --sort -committerdate --format %(refname)%00%(objectname)%00%(*objectname) [2ms]
2025-06-18 09:09:29.460 [info] > git status -z -uall [9ms]
2025-06-18 09:09:39.886 [info] > git config --get commit.template [8ms]
2025-06-18 09:09:39.887 [info] > git for-each-ref --format=%(refname)%00%(upstream:short)%00%(objectname)%00%(upstream:track)%00%(upstream:remotename)%00%(upstream:remoteref) refs/heads/master refs/remotes/master [2ms]
2025-06-18 09:09:39.887 [warning] [Git][getBranch] No such branch: master
2025-06-18 09:09:39.902 [info] > git status -z -uall [8ms]
2025-06-18 09:09:39.906 [info] > git for-each-ref --sort -committerdate --format %(refname)%00%(objectname)%00%(*objectname) [6ms]
2025-06-18 09:09:47.828 [info] > git config --get commit.template [7ms]
2025-06-18 09:09:47.830 [info] > git for-each-ref --format=%(refname)%00%(upstream:short)%00%(objectname)%00%(upstream:track)%00%(upstream:remotename)%00%(upstream:remoteref) refs/heads/master refs/remotes/master [2ms]
2025-06-18 09:09:47.830 [warning] [Git][getBranch] No such branch: master
2025-06-18 09:09:47.846 [info] > git status -z -uall [8ms]
2025-06-18 09:09:47.846 [info] > git for-each-ref --sort -committerdate --format %(refname)%00%(objectname)%00%(*objectname) [2ms]
2025-06-18 09:12:50.720 [info] > git config --get commit.template [3ms]
2025-06-18 09:12:50.730 [info] > git for-each-ref --format=%(refname)%00%(upstream:short)%00%(objectname)%00%(upstream:track)%00%(upstream:remotename)%00%(upstream:remoteref) refs/heads/master refs/remotes/master [2ms]
2025-06-18 09:12:50.730 [warning] [Git][getBranch] No such branch: master
2025-06-18 09:12:50.745 [info] > git status -z -uall [9ms]
2025-06-18 09:12:50.753 [info] > git for-each-ref --sort -committerdate --format %(refname)%00%(objectname)%00%(*objectname) [9ms]
2025-06-18 09:12:55.784 [info] > git config --get commit.template [8ms]
2025-06-18 09:12:55.785 [info] > git for-each-ref --format=%(refname)%00%(upstream:short)%00%(objectname)%00%(upstream:track)%00%(upstream:remotename)%00%(upstream:remoteref) refs/heads/master refs/remotes/master [2ms]
2025-06-18 09:12:55.785 [warning] [Git][getBranch] No such branch: master
2025-06-18 09:12:55.800 [info] > git status -z -uall [8ms]
2025-06-18 09:12:55.804 [info] > git for-each-ref --sort -committerdate --format %(refname)%00%(objectname)%00%(*objectname) [5ms]
2025-06-18 09:12:56.758 [info] > git config --get commit.template [7ms]
2025-06-18 09:12:56.760 [info] > git for-each-ref --format=%(refname)%00%(upstream:short)%00%(objectname)%00%(upstream:track)%00%(upstream:remotename)%00%(upstream:remoteref) refs/heads/main refs/remotes/main [2ms]
2025-06-18 09:12:56.772 [info] > git status -z -uall [6ms]
2025-06-18 09:12:56.774 [info] > git for-each-ref --sort -committerdate --format %(refname)%00%(objectname)%00%(*objectname) [2ms]
2025-06-18 09:13:03.887 [info] > git config --get commit.template [3ms]
2025-06-18 09:13:03.887 [info] > git config --get commit.template [10ms]
2025-06-18 09:13:03.902 [info] > git for-each-ref --format=%(refname)%00%(upstream:short)%00%(objectname)%00%(upstream:track)%00%(upstream:remotename)%00%(upstream:remoteref) refs/heads/master refs/remotes/master [8ms]
2025-06-18 09:13:03.902 [warning] [Git][getBranch] No such branch: master
2025-06-18 09:13:03.916 [info] > git for-each-ref --format=%(refname)%00%(upstream:short)%00%(objectname)%00%(upstream:track)%00%(upstream:remotename)%00%(upstream:remoteref) refs/heads/main refs/remotes/main [15ms]
2025-06-18 09:13:03.930 [info] > git status -z -uall [21ms]
2025-06-18 09:13:03.930 [info] > git status -z -uall [8ms]
2025-06-18 09:13:03.930 [info] > git for-each-ref --sort -committerdate --format %(refname)%00%(objectname)%00%(*objectname) [15ms]
2025-06-18 09:13:03.944 [info] > git for-each-ref --sort -committerdate --format %(refname)%00%(objectname)%00%(*objectname) [16ms]
2025-06-18 09:24:08.290 [info] > git config --get commit.template [8ms]
2025-06-18 09:24:08.291 [info] > git config --get commit.template [2ms]
2025-06-18 09:24:08.304 [info] > git for-each-ref --format=%(refname)%00%(upstream:short)%00%(objectname)%00%(upstream:track)%00%(upstream:remotename)%00%(upstream:remoteref) refs/heads/main refs/remotes/main [7ms]
2025-06-18 09:24:08.317 [info] > git status -z -uall [7ms]
2025-06-18 09:24:08.318 [info] > git for-each-ref --format=%(refname)%00%(upstream:short)%00%(objectname)%00%(upstream:track)%00%(upstream:remotename)%00%(upstream:remoteref) refs/heads/master refs/remotes/master [14ms]
2025-06-18 09:24:08.318 [warning] [Git][getBranch] No such branch: master
2025-06-18 09:24:08.335 [info] > git status -z -uall [11ms]
2025-06-18 09:24:08.335 [info] > git for-each-ref --sort -committerdate --format %(refname)%00%(objectname)%00%(*objectname) [19ms]
2025-06-18 09:24:08.338 [info] > git for-each-ref --sort -committerdate --format %(refname)%00%(objectname)%00%(*objectname) [6ms]
2025-06-18 09:25:06.772 [info] > git config --get commit.template [8ms]
2025-06-18 09:25:06.786 [info] > git for-each-ref --format=%(refname)%00%(upstream:short)%00%(objectname)%00%(upstream:track)%00%(upstream:remotename)%00%(upstream:remoteref) refs/heads/main refs/remotes/main [7ms]
2025-06-18 09:25:06.800 [info] > git config --get commit.template [29ms]
2025-06-18 09:25:06.802 [info] > git status -z -uall [8ms]
2025-06-18 09:25:06.802 [info] > git for-each-ref --format=%(refname)%00%(upstream:short)%00%(objectname)%00%(upstream:track)%00%(upstream:remotename)%00%(upstream:remoteref) refs/heads/master refs/remotes/master [17ms]
2025-06-18 09:25:06.802 [warning] [Git][getBranch] No such branch: master
2025-06-18 09:25:06.820 [info] > git status -z -uall [11ms]
2025-06-18 09:25:06.825 [info] > git for-each-ref --sort -committerdate --format %(refname)%00%(objectname)%00%(*objectname) [25ms]
2025-06-18 09:25:06.828 [info] > git for-each-ref --sort -committerdate --format %(refname)%00%(objectname)%00%(*objectname) [10ms]
2025-06-18 09:25:11.851 [info] > git config --get commit.template [2ms]
2025-06-18 09:25:11.860 [info] > git for-each-ref --format=%(refname)%00%(upstream:short)%00%(objectname)%00%(upstream:track)%00%(upstream:remotename)%00%(upstream:remoteref) refs/heads/master refs/remotes/master [2ms]
2025-06-18 09:25:11.860 [warning] [Git][getBranch] No such branch: master
2025-06-18 09:25:11.875 [info] > git status -z -uall [8ms]
2025-06-18 09:25:11.880 [info] > git for-each-ref --sort -committerdate --format %(refname)%00%(objectname)%00%(*objectname) [6ms]
2025-06-18 09:25:49.620 [info] > git config --get commit.template [9ms]
2025-06-18 09:25:49.621 [info] > git for-each-ref --format=%(refname)%00%(upstream:short)%00%(objectname)%00%(upstream:track)%00%(upstream:remotename)%00%(upstream:remoteref) refs/heads/master refs/remotes/master [2ms]
2025-06-18 09:25:49.621 [warning] [Git][getBranch] No such branch: master
2025-06-18 09:25:49.638 [info] > git status -z -uall [8ms]
2025-06-18 09:25:49.644 [info] > git for-each-ref --sort -committerdate --format %(refname)%00%(objectname)%00%(*objectname) [7ms]
2025-06-18 09:26:15.258 [info] > git config --get commit.template [8ms]
2025-06-18 09:26:15.259 [info] > git for-each-ref --format=%(refname)%00%(upstream:short)%00%(objectname)%00%(upstream:track)%00%(upstream:remotename)%00%(upstream:remoteref) refs/heads/master refs/remotes/master [2ms]
2025-06-18 09:26:15.259 [warning] [Git][getBranch] No such branch: master
2025-06-18 09:26:15.273 [info] > git status -z -uall [8ms]
2025-06-18 09:26:15.280 [info] > git for-each-ref --sort -committerdate --format %(refname)%00%(objectname)%00%(*objectname) [9ms]
2025-06-18 09:43:02.860 [info] > git config --get commit.template [8ms]
2025-06-18 09:43:02.861 [info] > git config --get commit.template [2ms]
2025-06-18 09:43:02.874 [info] > git for-each-ref --format=%(refname)%00%(upstream:short)%00%(objectname)%00%(upstream:track)%00%(upstream:remotename)%00%(upstream:remoteref) refs/heads/master refs/remotes/master [7ms]
2025-06-18 09:43:02.874 [warning] [Git][getBranch] No such branch: master
2025-06-18 09:43:02.890 [info] > git status -z -uall [9ms]
2025-06-18 09:43:02.891 [info] > git for-each-ref --format=%(refname)%00%(upstream:short)%00%(objectname)%00%(upstream:track)%00%(upstream:remotename)%00%(upstream:remoteref) refs/heads/main refs/remotes/main [18ms]
2025-06-18 09:43:02.905 [info] > git status -z -uall [8ms]
2025-06-18 09:43:02.905 [info] > git for-each-ref --sort -committerdate --format %(refname)%00%(objectname)%00%(*objectname) [17ms]
2025-06-18 09:43:02.927 [info] > git for-each-ref --sort -committerdate --format %(refname)%00%(objectname)%00%(*objectname) [24ms]
2025-06-18 09:43:18.980 [info] > git config --get commit.template [8ms]
2025-06-18 09:43:18.994 [info] > git for-each-ref --format=%(refname)%00%(upstream:short)%00%(objectname)%00%(upstream:track)%00%(upstream:remotename)%00%(upstream:remoteref) refs/heads/master refs/remotes/master [8ms]
2025-06-18 09:43:18.994 [warning] [Git][getBranch] No such branch: master
2025-06-18 09:43:19.009 [info] > git config --get commit.template [30ms]
2025-06-18 09:43:19.010 [info] > git status -z -uall [9ms]
2025-06-18 09:43:19.016 [info] > git for-each-ref --format=%(refname)%00%(upstream:short)%00%(objectname)%00%(upstream:track)%00%(upstream:remotename)%00%(upstream:remoteref) refs/heads/main refs/remotes/main [23ms]
2025-06-18 09:43:19.033 [info] > git status -z -uall [9ms]
2025-06-18 09:43:19.034 [info] > git for-each-ref --sort -committerdate --format %(refname)%00%(objectname)%00%(*objectname) [26ms]
2025-06-18 09:43:19.052 [info] > git for-each-ref --sort -committerdate --format %(refname)%00%(objectname)%00%(*objectname) [19ms]
2025-06-18 09:44:32.469 [info] > git config --get commit.template [8ms]
2025-06-18 09:44:32.470 [info] > git for-each-ref --format=%(refname)%00%(upstream:short)%00%(objectname)%00%(upstream:track)%00%(upstream:remotename)%00%(upstream:remoteref) refs/heads/master refs/remotes/master [2ms]
2025-06-18 09:44:32.470 [warning] [Git][getBranch] No such branch: master
2025-06-18 09:44:32.485 [info] > git status -z -uall [9ms]
2025-06-18 09:44:32.492 [info] > git for-each-ref --sort -committerdate --format %(refname)%00%(objectname)%00%(*objectname) [9ms]
2025-06-18 09:44:37.522 [info] > git config --get commit.template [8ms]
2025-06-18 09:44:37.524 [info] > git for-each-ref --format=%(refname)%00%(upstream:short)%00%(objectname)%00%(upstream:track)%00%(upstream:remotename)%00%(upstream:remoteref) refs/heads/master refs/remotes/master [2ms]
2025-06-18 09:44:37.524 [warning] [Git][getBranch] No such branch: master
2025-06-18 09:44:37.539 [info] > git status -z -uall [8ms]
2025-06-18 09:44:37.544 [info] > git for-each-ref --sort -committerdate --format %(refname)%00%(objectname)%00%(*objectname) [6ms]
2025-06-18 09:46:52.198 [info] > git config --get commit.template [8ms]
2025-06-18 09:46:52.200 [info] > git for-each-ref --format=%(refname)%00%(upstream:short)%00%(objectname)%00%(upstream:track)%00%(upstream:remotename)%00%(upstream:remoteref) refs/heads/master refs/remotes/master [3ms]
2025-06-18 09:46:52.200 [warning] [Git][getBranch] No such branch: master
2025-06-18 09:46:52.214 [info] > git status -z -uall [8ms]
2025-06-18 09:46:52.214 [info] > git for-each-ref --sort -committerdate --format %(refname)%00%(objectname)%00%(*objectname) [2ms]
2025-06-18 09:49:32.006 [info] > git config --get commit.template [6ms]
2025-06-18 09:49:32.007 [info] > git config --get commit.template [15ms]
2025-06-18 09:49:32.026 [info] > git for-each-ref --format=%(refname)%00%(upstream:short)%00%(objectname)%00%(upstream:track)%00%(upstream:remotename)%00%(upstream:remoteref) refs/heads/master refs/remotes/master [10ms]
2025-06-18 09:49:32.026 [warning] [Git][getBranch] No such branch: master
2025-06-18 09:49:32.045 [info] > git status -z -uall [10ms]
2025-06-18 09:49:32.047 [info] > git for-each-ref --format=%(refname)%00%(upstream:short)%00%(objectname)%00%(upstream:track)%00%(upstream:remotename)%00%(upstream:remoteref) refs/heads/main refs/remotes/main [22ms]
2025-06-18 09:49:32.066 [info] > git status -z -uall [10ms]
2025-06-18 09:49:32.067 [info] > git for-each-ref --sort -committerdate --format %(refname)%00%(objectname)%00%(*objectname) [24ms]
2025-06-18 09:49:32.079 [info] > git for-each-ref --sort -committerdate --format %(refname)%00%(objectname)%00%(*objectname) [14ms]
2025-06-18 09:49:37.098 [info] > git config --get commit.template [10ms]
2025-06-18 09:49:37.099 [info] > git for-each-ref --format=%(refname)%00%(upstream:short)%00%(objectname)%00%(upstream:track)%00%(upstream:remotename)%00%(upstream:remoteref) refs/heads/master refs/remotes/master [2ms]
2025-06-18 09:49:37.099 [warning] [Git][getBranch] No such branch: master
2025-06-18 09:49:37.117 [info] > git status -z -uall [10ms]
2025-06-18 09:49:37.119 [info] > git for-each-ref --sort -committerdate --format %(refname)%00%(objectname)%00%(*objectname) [4ms]
