Initializing document watcher...
Document watcher initialized
diomedes3737/terraform/main.tf: {}
diomedes3737/terraform/main.tf: {}
diomedes3737/dags/requirements.txt: {}
diomedes3737/dags/etl.py: {}
diomedes3737/dags/etl.py: {}
diomedes3737/dags/etl.py: {}
diomedes3737/dags/csv_elt.py: {}
diomedes3737/dags/csv_elt.py: {}
diomedes3737/dags/csv_elt.py: {}
diomedes3737/dags/csv_elt.py: {}
diomedes3737/dags/csv_elt.py: {}
diomedes3737/dags/csv_elt.py: {}
diomedes3737/dags/csv_elt.py: {}
diomedes3737/dags/csv_elt.py: Using EditorConfig core...
diomedes3737/dags/csv_elt.py: Using EditorConfig core...
diomedes3737/dags/csv_elt.py: Using EditorConfig core...
diomedes3737/dags/csv_elt.py: {}
diomedes3737/dags/test.py: {}
diomedes3737/dags/test.py: {}
diomedes3737/dags/test.py: {}
diomedes3737/dags/test.py: {}
diomedes3737/dags/test.py: {}
diomedes3737/dags/csv_elt.py: {}
diomedes3737/dags/csv_elt.py: Using EditorConfig core...
diomedes3737/dags/csv_elt.py: {}
diomedes3737/dags/csv_elt.py: {}
diomedes3737/dags/csv_elt.py: {}
diomedes3737/dags/csv_elt.py: {}
diomedes3737/dags/csv_elt.py: {}
diomedes3737/dags/csv_elt.py: {}
diomedes3737/dags/csv_elt.py: {}
diomedes3737/dags/csv_elt.py: {}
diomedes3737/dags/csv_elt.py: {}
diomedes3737/dags/csv_elt.py: {}
diomedes3737/dags/csv_elt.py: {}
diomedes3737/dags/csv_elt.py: {}
diomedes3737/dags/csv_elt.py: {}
diomedes3737/dags/csv_elt.py: {}
diomedes3737/dags/csv_elt.py: {}
diomedes3737/dags/csv_elt.py: {}
diomedes3737/dags/csv_elt.py: {}
diomedes3737/dags/csv_elt.py: {}
diomedes3737/dags/csv_elt.py: {}
diomedes3737/dags/csv_elt.py: {}
diomedes3737/dags/csv_elt.py: {}
diomedes3737/dags/csv_elt.py: Using EditorConfig core...
diomedes3737/dags/csv_elt.py: {}
diomedes3737/dags/csv_elt.py: {}
diomedes3737/dags/csv_elt.py: {}
diomedes3737/dags/scd2.py: {}
diomedes3737/dags/scd2.py: {}
diomedes3737/dags/scd2.py: {}
diomedes3737/dags/scd2.py: {}
diomedes3737/dags/scd2.py: {}
diomedes3737/dags/scd2.py: {}
diomedes3737/terraform/main.tf: {}
diomedes3737/terraform/main.tf: {}
diomedes3737/terraform/main.tf: {}
diomedes3737/terraform/main.tf: {}
diomedes3737/terraform/datahub-key.json: {}
diomedes3737/terraform/datahub-key.json: {}
diomedes3737/terraform/datahub-key.json: {}
diomedes3737/terraform/main.tf: {}
diomedes3737/terraform/main.tf: {}
diomedes3737/terraform/main.tf: {}
diomedes3737/terraform/main.tf: {}
diomedes3737/terraform/main.tf: Using EditorConfig core...
diomedes3737/terraform/main.tf: Using EditorConfig core...
diomedes3737/terraform/main.tf: {}
diomedes3737/terraform/main.tf: {}
diomedes3737/terraform/main.tf: {}
diomedes3737/terraform/main.tf: {}
diomedes3737/terraform/main.tf: Using EditorConfig core...
diomedes3737/terraform/main.tf: Using EditorConfig core...
diomedes3737/terraform/main.tf: Using EditorConfig core...
diomedes3737/terraform/main.tf: Using EditorConfig core...
diomedes3737/terraform/main.tf: {}
diomedes3737/terraform/main.tf: {}
diomedes3737/terraform/main.tf: {}
diomedes3737/terraform/main.tf: {}
diomedes3737/terraform/main.tf: Using EditorConfig core...
diomedes3737/terraform/main.tf: Using EditorConfig core...
diomedes3737/terraform/main.tf: {}
diomedes3737/terraform/main.tf: {}
diomedes3737/terraform/main.tf: {}
diomedes3737/terraform/main.tf: {}
diomedes3737/terraform/main.tf: {}
diomedes3737/terraform/main.tf: {}
diomedes3737/terraform/main.tf: {}
diomedes3737/terraform/main.tf: {}
diomedes3737/terraform/main.tf: {}
diomedes3737/terraform/main.tf: {}
diomedes3737/terraform/main.tf: {}
diomedes3737/dags/csv_elt.py: {}
diomedes3737/dags/csv_elt.py: {}
diomedes3737/dags/csv_elt.py: {}
diomedes3737/dags/csv_elt.py: {}
diomedes3737/dags/csv_elt.py: {}
diomedes3737/dags/csv_elt.py: {}
