2025-06-18 16:19:43.407 [info] [main] Log level: Info
2025-06-18 16:19:43.407 [info] [main] Validating found git in: "git"
2025-06-18 16:19:43.407 [info] [main] Using git "2.43.0" from "git"
2025-06-18 16:19:43.407 [info] [Model][doInitialScan] Initial repository scan started
2025-06-18 16:19:43.431 [info] > git rev-parse --show-toplevel [34ms]
2025-06-18 16:19:43.439 [info] > git rev-parse --git-dir --git-common-dir [2ms]
2025-06-18 16:19:43.461 [info] [Model][openRepository] Opened repository: /home/diomedes3737
2025-06-18 16:19:43.942 [info] > git config --get commit.template [74ms]
2025-06-18 16:19:43.951 [info] > git rev-parse --show-toplevel [78ms]
2025-06-18 16:19:43.970 [info] > git for-each-ref --format=%(refname)%00%(upstream:short)%00%(objectname)%00%(upstream:track)%00%(upstream:remotename)%00%(upstream:remoteref) refs/heads/master refs/remotes/master [9ms]
2025-06-18 16:19:43.971 [warning] [Git][getBranch] No such branch: master
2025-06-18 16:19:44.018 [info] > git status -z -uall [40ms]
2025-06-18 16:19:44.019 [info] > git check-ignore -v -z --stdin [15ms]
2025-06-18 16:19:44.021 [info] > git for-each-ref --sort -committerdate --format %(refname)%00%(objectname)%00%(*objectname) [32ms]
2025-06-18 16:19:44.023 [info] > git rev-parse --show-toplevel [54ms]
2025-06-18 16:19:44.168 [info] > git for-each-ref --format=%(refname)%00%(upstream:short)%00%(objectname)%00%(upstream:track)%00%(upstream:remotename)%00%(upstream:remoteref) refs/heads/master refs/remotes/master [73ms]
2025-06-18 16:19:44.168 [warning] [Git][getBranch] No such branch: master
2025-06-18 16:19:44.169 [error] [GitHistoryProvider][resolveHEADMergeBase] Failed to resolve merge base for master: Error: No such branch: master.
2025-06-18 16:19:44.170 [info] > git rev-parse --show-toplevel [119ms]
2025-06-18 16:19:44.748 [info] > git config --get commit.template [582ms]
2025-06-18 16:19:44.754 [info] > git rev-parse --show-toplevel [8ms]
2025-06-18 16:19:44.770 [info] > git for-each-ref --format=%(refname)%00%(upstream:short)%00%(objectname)%00%(upstream:track)%00%(upstream:remotename)%00%(upstream:remoteref) refs/heads/master refs/remotes/master [7ms]
2025-06-18 16:19:44.772 [warning] [Git][getBranch] No such branch: master
2025-06-18 16:19:44.793 [info] > git rev-parse --show-toplevel [24ms]
2025-06-18 16:19:44.802 [info] > git status -z -uall [25ms]
2025-06-18 16:19:44.818 [info] > git for-each-ref --sort -committerdate --format %(refname)%00%(objectname)%00%(*objectname) [28ms]
2025-06-18 16:19:44.867 [info] > git rev-parse --show-toplevel [67ms]
2025-06-18 16:19:44.876 [info] > git rev-parse --show-toplevel [3ms]
2025-06-18 16:19:44.884 [info] > git rev-parse --show-toplevel [3ms]
2025-06-18 16:19:44.892 [info] > git rev-parse --show-toplevel [2ms]
2025-06-18 16:19:44.901 [info] > git rev-parse --show-toplevel [3ms]
2025-06-18 16:19:44.909 [info] > git rev-parse --show-toplevel [3ms]
2025-06-18 16:19:45.258 [info] > git rev-parse --show-toplevel [342ms]
2025-06-18 16:19:45.273 [info] > git rev-parse --git-dir --git-common-dir [4ms]
2025-06-18 16:19:45.279 [info] [Model][openRepository] Opened repository: /home/diomedes3737/terraform
2025-06-18 16:19:45.280 [info] [Model][doInitialScan] Initial repository scan completed - repositories (2), closed repositories (0), parent repositories (0), unsafe repositories (0)
2025-06-18 16:19:45.300 [info] > git show --textconv :dags/csv_elt.py [14ms]
2025-06-18 16:19:45.313 [info] > git config --get commit.template [14ms]
2025-06-18 16:19:45.313 [info] > git ls-files --stage -- dags/csv_elt.py [21ms]
2025-06-18 16:19:45.320 [info] > git hash-object -t tree /dev/null [13ms]
2025-06-18 16:19:45.321 [warning] [GitFileSystemProvider][readFile] File not found - git:/home/diomedes3737/dags/csv_elt.py.git?%7B%22path%22%3A%22%2Fhome%2Fdiomedes3737%2Fdags%2Fcsv_elt.py%22%2C%22ref%22%3A%22%22%7D
2025-06-18 16:19:45.332 [info] > git hash-object -t tree /dev/null [14ms]
2025-06-18 16:19:45.332 [warning] [GitFileSystemProvider][stat] File not found - git:/home/diomedes3737/dags/csv_elt.py.git?%7B%22path%22%3A%22%2Fhome%2Fdiomedes3737%2Fdags%2Fcsv_elt.py%22%2C%22ref%22%3A%22%22%7D
2025-06-18 16:19:46.820 [info] > git for-each-ref --format=%(refname)%00%(upstream:short)%00%(objectname)%00%(upstream:track)%00%(upstream:remotename)%00%(upstream:remoteref) refs/heads/main refs/remotes/main [1491ms]
2025-06-18 16:19:46.833 [info] > git config --get commit.template [15ms]
2025-06-18 16:19:46.856 [info] > git for-each-ref --format=%(refname)%00%(upstream:short)%00%(objectname)%00%(upstream:track)%00%(upstream:remotename)%00%(upstream:remoteref) refs/heads/master refs/remotes/master [2ms]
2025-06-18 16:19:46.856 [warning] [Git][getBranch] No such branch: master
2025-06-18 16:19:46.875 [info] > git for-each-ref --sort -committerdate --format %(refname)%00%(objectname)%00%(*objectname) [1ms]
2025-06-18 16:19:46.878 [info] > git status -z -uall [14ms]
2025-06-18 16:19:46.878 [info] > git for-each-ref --sort -committerdate --format %(refname)%00%(objectname)%00%(*objectname) [48ms]
2025-06-18 16:19:46.892 [info] > git status -z -uall [67ms]
2025-06-18 16:19:46.997 [info] > git for-each-ref --format=%(refname)%00%(upstream:short)%00%(objectname)%00%(upstream:track)%00%(upstream:remotename)%00%(upstream:remoteref) refs/heads/main refs/remotes/main [93ms]
2025-06-18 16:19:47.217 [info] > git config --get --local branch.main.vscode-merge-base [214ms]
2025-06-18 16:19:47.217 [warning] [Git][config] git config failed: Failed to execute git
2025-06-18 16:19:47.223 [info] > git config --get commit.template [230ms]
2025-06-18 16:19:49.332 [info] > git reflog main --grep-reflog=branch: Created from *. [2108ms]
2025-06-18 16:19:49.381 [info] > git check-ignore -v -z --stdin [25ms]
2025-06-18 16:19:49.381 [info] > git check-ignore -v -z --stdin [19ms]
2025-06-18 16:19:49.383 [info] > git symbolic-ref --short refs/remotes/orgigin/HEAD [35ms]
2025-06-18 16:19:49.383 [info] fatal: ref refs/remotes/orgigin/HEAD is not a symbolic ref
2025-06-18 16:19:49.383 [warning] [Repository][getDefaultBranch] Failed to get default branch details: Failed to execute git.
2025-06-18 16:19:49.413 [info] > git for-each-ref --format=%(refname)%00%(upstream:short)%00%(objectname)%00%(upstream:track)%00%(upstream:remotename)%00%(upstream:remoteref) refs/heads/main refs/remotes/main [34ms]
2025-06-18 16:19:49.579 [info] > git status -z -uall [156ms]
2025-06-18 16:19:49.589 [info] > git for-each-ref --sort -committerdate --format %(refname)%00%(objectname)%00%(*objectname) [155ms]
2025-06-18 16:19:51.913 [info] > git config --get commit.template [7ms]
2025-06-18 16:19:51.927 [info] > git for-each-ref --format=%(refname)%00%(upstream:short)%00%(objectname)%00%(upstream:track)%00%(upstream:remotename)%00%(upstream:remoteref) refs/heads/master refs/remotes/master [4ms]
2025-06-18 16:19:51.927 [warning] [Git][getBranch] No such branch: master
2025-06-18 16:19:51.948 [info] > git status -z -uall [14ms]
2025-06-18 16:19:51.955 [info] > git for-each-ref --sort -committerdate --format %(refname)%00%(objectname)%00%(*objectname) [9ms]
2025-06-18 16:19:58.511 [info] > git config --get commit.template [4ms]
2025-06-18 16:19:58.530 [info] > git for-each-ref --format=%(refname)%00%(upstream:short)%00%(objectname)%00%(upstream:track)%00%(upstream:remotename)%00%(upstream:remoteref) refs/heads/master refs/remotes/master [4ms]
2025-06-18 16:19:58.530 [warning] [Git][getBranch] No such branch: master
2025-06-18 16:19:58.557 [info] > git status -z -uall [15ms]
2025-06-18 16:19:58.563 [info] > git for-each-ref --sort -committerdate --format %(refname)%00%(objectname)%00%(*objectname) [8ms]
