2025-06-19 01:41:10.128 [info] [main] Log level: Info
2025-06-19 01:41:10.128 [info] [main] Validating found git in: "git"
2025-06-19 01:41:10.128 [info] [main] Using git "2.43.0" from "git"
2025-06-19 01:41:10.128 [info] [Model][doInitialScan] Initial repository scan started
2025-06-19 01:41:10.128 [info] > git rev-parse --show-toplevel [20ms]
2025-06-19 01:41:10.128 [info] > git rev-parse --git-dir --git-common-dir [3ms]
2025-06-19 01:41:10.128 [info] [Model][openRepository] Opened repository: /home/diomedes3737
2025-06-19 01:41:10.131 [info] > git config --get commit.template [12ms]
2025-06-19 01:41:10.151 [info] > git for-each-ref --format=%(refname)%00%(upstream:short)%00%(objectname)%00%(upstream:track)%00%(upstream:remotename)%00%(upstream:remoteref) refs/heads/master refs/remotes/master [11ms]
2025-06-19 01:41:10.151 [warning] [Git][getBranch] No such branch: master
2025-06-19 01:41:10.168 [info] > git status -z -uall [11ms]
2025-06-19 01:41:10.168 [info] > git rev-parse --show-toplevel [18ms]
2025-06-19 01:41:10.183 [info] > git for-each-ref --sort -committerdate --format %(refname)%00%(objectname)%00%(*objectname) [18ms]
2025-06-19 01:41:10.495 [info] > git for-each-ref --format=%(refname)%00%(upstream:short)%00%(objectname)%00%(upstream:track)%00%(upstream:remotename)%00%(upstream:remoteref) refs/heads/master refs/remotes/master [275ms]
2025-06-19 01:41:10.496 [warning] [Git][getBranch] No such branch: master
2025-06-19 01:41:10.496 [error] [GitHistoryProvider][resolveHEADMergeBase] Failed to resolve merge base for master: Error: No such branch: master.
2025-06-19 01:41:10.497 [info] > git rev-parse --show-toplevel [322ms]
2025-06-19 01:41:10.507 [info] > git config --get commit.template [66ms]
2025-06-19 01:41:10.509 [info] > git rev-parse --show-toplevel [3ms]
2025-06-19 01:41:10.537 [info] > git for-each-ref --format=%(refname)%00%(upstream:short)%00%(objectname)%00%(upstream:track)%00%(upstream:remotename)%00%(upstream:remoteref) refs/heads/master refs/remotes/master [23ms]
2025-06-19 01:41:10.537 [warning] [Git][getBranch] No such branch: master
2025-06-19 01:41:10.549 [info] > git rev-parse --show-toplevel [27ms]
2025-06-19 01:41:10.575 [info] > git status -z -uall [32ms]
2025-06-19 01:41:10.594 [info] > git for-each-ref --sort -committerdate --format %(refname)%00%(objectname)%00%(*objectname) [47ms]
2025-06-19 01:41:10.624 [info] > git rev-parse --show-toplevel [56ms]
2025-06-19 01:41:10.971 [info] > git check-ignore -v -z --stdin [327ms]
2025-06-19 01:41:10.972 [info] > git rev-parse --show-toplevel [187ms]
2025-06-19 01:41:10.984 [info] > git rev-parse --show-toplevel [3ms]
2025-06-19 01:41:10.997 [info] > git rev-parse --show-toplevel [2ms]
2025-06-19 01:41:11.004 [info] > git rev-parse --show-toplevel [2ms]
2025-06-19 01:41:11.012 [info] > git rev-parse --show-toplevel [2ms]
2025-06-19 01:41:11.020 [info] > git rev-parse --show-toplevel [3ms]
2025-06-19 01:41:11.027 [info] > git rev-parse --git-dir --git-common-dir [2ms]
2025-06-19 01:41:11.031 [info] [Model][openRepository] Opened repository: /home/diomedes3737/terraform
2025-06-19 01:41:11.032 [info] [Model][doInitialScan] Initial repository scan completed - repositories (2), closed repositories (0), parent repositories (0), unsafe repositories (0)
2025-06-19 01:41:11.043 [info] > git config --get commit.template [4ms]
2025-06-19 01:41:11.052 [info] > git for-each-ref --format=%(refname)%00%(upstream:short)%00%(objectname)%00%(upstream:track)%00%(upstream:remotename)%00%(upstream:remoteref) refs/heads/main refs/remotes/main [3ms]
2025-06-19 01:41:11.064 [info] > git status -z -uall [6ms]
2025-06-19 01:41:11.065 [info] > git for-each-ref --sort -committerdate --format %(refname)%00%(objectname)%00%(*objectname) [2ms]
2025-06-19 01:41:11.082 [info] > git for-each-ref --format=%(refname)%00%(upstream:short)%00%(objectname)%00%(upstream:track)%00%(upstream:remotename)%00%(upstream:remoteref) refs/heads/main refs/remotes/main [8ms]
2025-06-19 01:41:11.089 [info] > git config --get commit.template [7ms]
2025-06-19 01:41:11.090 [info] > git config --get --local branch.main.vscode-merge-base [3ms]
2025-06-19 01:41:11.090 [warning] [Git][config] git config failed: Failed to execute git
2025-06-19 01:41:11.102 [info] > git reflog main --grep-reflog=branch: Created from *. [7ms]
2025-06-19 01:41:11.108 [info] > git for-each-ref --format=%(refname)%00%(upstream:short)%00%(objectname)%00%(upstream:track)%00%(upstream:remotename)%00%(upstream:remoteref) refs/heads/main refs/remotes/main [7ms]
2025-06-19 01:41:11.120 [info] > git status -z -uall [7ms]
2025-06-19 01:41:11.120 [info] > git symbolic-ref --short refs/remotes/orgigin/HEAD [13ms]
2025-06-19 01:41:11.120 [info] fatal: ref refs/remotes/orgigin/HEAD is not a symbolic ref
2025-06-19 01:41:11.121 [warning] [Repository][getDefaultBranch] Failed to get default branch details: Failed to execute git.
2025-06-19 01:41:11.122 [info] > git for-each-ref --sort -committerdate --format %(refname)%00%(objectname)%00%(*objectname) [4ms]
2025-06-19 01:41:12.107 [info] > git check-ignore -v -z --stdin [78ms]
2025-06-19 01:41:12.108 [info] > git check-ignore -v -z --stdin [71ms]
2025-06-19 01:41:17.196 [info] > git config --get commit.template [4ms]
2025-06-19 01:41:17.220 [info] > git for-each-ref --format=%(refname)%00%(upstream:short)%00%(objectname)%00%(upstream:track)%00%(upstream:remotename)%00%(upstream:remoteref) refs/heads/master refs/remotes/master [7ms]
2025-06-19 01:41:17.220 [warning] [Git][getBranch] No such branch: master
2025-06-19 01:41:17.288 [info] > git status -z -uall [37ms]
2025-06-19 01:41:17.303 [info] > git for-each-ref --sort -committerdate --format %(refname)%00%(objectname)%00%(*objectname) [25ms]
2025-06-19 01:42:05.621 [info] > git config --get commit.template [9ms]
2025-06-19 01:42:05.622 [info] > git for-each-ref --format=%(refname)%00%(upstream:short)%00%(objectname)%00%(upstream:track)%00%(upstream:remotename)%00%(upstream:remoteref) refs/heads/master refs/remotes/master [3ms]
2025-06-19 01:42:05.622 [warning] [Git][getBranch] No such branch: master
2025-06-19 01:42:05.642 [info] > git status -z -uall [12ms]
2025-06-19 01:42:05.648 [info] > git for-each-ref --sort -committerdate --format %(refname)%00%(objectname)%00%(*objectname) [10ms]
